[ 2019-12-09T15:07:17+08:00 ] 127.0.0.1 /Home/Category/index.html?&city=%E8%A5%BF%E5%9F%8E%E5%8C%BA
INFO: [ app_begin ] --START--
INFO: Run Behavior\ReadHtmlCacheBehavior [ RunTime:0.001000s ]
INFO: [ app_begin ] --END-- [ RunTime:0.001000s ]
INFO: [ view_parse ] --START--
INFO: [ template_filter ] --START--
INFO: Run Behavior\ContentReplaceBehavior [ RunTime:0.000000s ]
INFO: [ template_filter ] --END-- [ RunTime:0.000000s ]
INFO: Run Behavior\ParseTemplateBehavior [ RunTime:0.006001s ]
INFO: [ view_parse ] --END-- [ RunTime:0.006001s ]
INFO: [ view_filter ] --START--
INFO: Run Behavior\WriteHtmlCacheBehavior [ RunTime:0.000000s ]
INFO: [ view_filter ] --END-- [ RunTime:0.000000s ]
INFO: [ app_end ] --START--
INFO: Run Behavior\ShowPageTraceBehavior [ RunTime:0.001000s ]
INFO: [ app_end ] --END-- [ RunTime:0.001000s ]

[ 2019-12-09T15:07:23+08:00 ] 127.0.0.1 /Home/Category/index.html?&city=%E4%B8%9C%E5%9F%8E%E5%8C%BA
INFO: [ app_begin ] --START--
INFO: Run Behavior\ReadHtmlCacheBehavior [ RunTime:0.000000s ]
INFO: [ app_begin ] --END-- [ RunTime:0.001000s ]
INFO: [ view_parse ] --START--
INFO: [ template_filter ] --START--
INFO: Run Behavior\ContentReplaceBehavior [ RunTime:0.000000s ]
INFO: [ template_filter ] --END-- [ RunTime:0.000000s ]
INFO: Run Behavior\ParseTemplateBehavior [ RunTime:0.004000s ]
INFO: [ view_parse ] --END-- [ RunTime:0.004000s ]
INFO: [ view_filter ] --START--
INFO: Run Behavior\WriteHtmlCacheBehavior [ RunTime:0.000000s ]
INFO: [ view_filter ] --END-- [ RunTime:0.000000s ]
INFO: [ app_end ] --START--
INFO: Run Behavior\ShowPageTraceBehavior [ RunTime:0.000000s ]
INFO: [ app_end ] --END-- [ RunTime:0.000000s ]

[ 2019-12-09T15:22:39+08:00 ] 127.0.0.1 /Home/Category/index.html
ERR: 无法加载控制器:Category

[ 2019-12-09T15:22:48+08:00 ] 127.0.0.1 /Home/Category/index.html
ERR: 无法加载控制器:Category

[ 2019-12-09T15:22:48+08:00 ] 127.0.0.1 /Home/Category/index.html
ERR: 无法加载控制器:Category

[ 2019-12-09T16:33:19+08:00 ] 127.0.0.1 /Home/Find/classify.html
ERR: 非法操作:classify

[ 2019-12-09T17:03:59+08:00 ] 127.0.0.1 /Home/Find/index.html
ERR: Class 'Home\Controller\Redis' not found

[ 2019-12-09T17:04:03+08:00 ] 127.0.0.1 /Home/Find/index.html
ERR: Class 'Home\Controller\Redis' not found

[ 2019-12-09T17:22:12+08:00 ] 127.0.0.1 /Home/Find/index.html
ERR: Class 'Home\Controller\Redis' not found

[ 2019-12-09T17:22:14+08:00 ] 127.0.0.1 /Home/Find/index.html
ERR: Class 'Home\Controller\Redis' not found

[ 2019-12-09T17:44:27+08:00 ] 127.0.0.1 /Home/Find/index.html
ERR: Class 'Home\Controller\Redis' not found

[ 2019-12-09T17:44:28+08:00 ] 127.0.0.1 /Home/Find/index.html
ERR: Class 'Home\Controller\Redis' not found

[ 2019-12-09T17:44:30+08:00 ] 127.0.0.1 /Home/Find/index.html
ERR: Class 'Home\Controller\Redis' not found

[ 2019-12-09T17:44:33+08:00 ] 127.0.0.1 /Home/Find/index.html
ERR: Class 'Home\Controller\Redis' not found

[ 2019-12-09T19:53:24+08:00 ] 127.0.0.1 /Home/Login/remoteMobile.html
INFO: [ app_begin ] --START--
INFO: Run Behavior\ReadHtmlCacheBehavior [ RunTime:0.000000s ]
INFO: [ app_begin ] --END-- [ RunTime:0.001000s ]
SQL: SHOW COLUMNS FROM `one_member` [ RunTime:0.0050s ]
SQL: SELECT * FROM `one_member` WHERE ( mobile=15236430715 ) LIMIT 1   [ RunTime:0.0020s ]

[ 2019-12-09T19:53:25+08:00 ] 127.0.0.1 /Home/Login/remoteMobile.html
INFO: [ app_begin ] --START--
INFO: Run Behavior\ReadHtmlCacheBehavior [ RunTime:0.000000s ]
INFO: [ app_begin ] --END-- [ RunTime:0.001000s ]
SQL: SHOW COLUMNS FROM `one_member` [ RunTime:0.0020s ]
SQL: SELECT * FROM `one_member` WHERE ( mobile=15236430715 ) LIMIT 1   [ RunTime:0.0010s ]

[ 2019-12-09T19:53:30+08:00 ] 127.0.0.1 /Home/Login/remoteMobile.html
INFO: [ app_begin ] --START--
INFO: Run Behavior\ReadHtmlCacheBehavior [ RunTime:0.000000s ]
INFO: [ app_begin ] --END-- [ RunTime:0.000000s ]
SQL: SHOW COLUMNS FROM `one_member` [ RunTime:0.0030s ]
SQL: SELECT * FROM `one_member` WHERE ( mobile=15236430715 ) LIMIT 1   [ RunTime:0.0010s ]

[ 2019-12-09T19:53:36+08:00 ] 127.0.0.1 /Home/Login/remoteMobile.html
INFO: [ app_begin ] --START--
INFO: Run Behavior\ReadHtmlCacheBehavior [ RunTime:0.000000s ]
INFO: [ app_begin ] --END-- [ RunTime:0.000000s ]
SQL: SHOW COLUMNS FROM `one_member` [ RunTime:0.0030s ]
SQL: SELECT * FROM `one_member` WHERE ( mobile=15236430715 ) LIMIT 1   [ RunTime:0.0010s ]

