[ 2019-12-08T08:50:26+08:00 ] 127.0.0.1 /Home/Index/shop_list.html?pageNum=10
INFO: [ app_begin ] --START--
INFO: Run Behavior\ReadHtmlCacheBehavior [ RunTime:0.001000s ]
INFO: [ app_begin ] --END-- [ RunTime:0.001000s ]
SQL: SHOW COLUMNS FROM `one_shop` [ RunTime:0.0030s ]
SQL: SELECT * FROM `one_shop` ORDER BY `grade` DESC LIMIT 10,10   [ RunTime:0.0010s ]
INFO: [ view_parse ] --START--
INFO: [ template_filter ] --START--
INFO: Run Behavior\ContentReplaceBehavior [ RunTime:0.000000s ]
INFO: [ template_filter ] --END-- [ RunTime:0.000000s ]
INFO: Run Behavior\ParseTemplateBehavior [ RunTime:0.022001s ]
INFO: [ view_parse ] --END-- [ RunTime:0.023001s ]
INFO: [ view_filter ] --START--
INFO: Run Behavior\WriteHtmlCacheBehavior [ RunTime:0.000000s ]
INFO: [ view_filter ] --END-- [ RunTime:0.000000s ]
INFO: [ app_end ] --START--
INFO: Run Behavior\ShowPageTraceBehavior [ RunTime:0.000000s ]
INFO: [ app_end ] --END-- [ RunTime:0.000000s ]

[ 2019-12-08T08:50:56+08:00 ] 127.0.0.1 /Home/Category/index.html?province=%E5%8C%97%E4%BA%AC%E5%B8%82&city=%E5%8C%97%E4%BA%AC%E5%B8%82
INFO: [ app_begin ] --START--
INFO: Run Behavior\ReadHtmlCacheBehavior [ RunTime:0.000000s ]
INFO: [ app_begin ] --END-- [ RunTime:0.000000s ]
INFO: [ view_parse ] --START--
INFO: [ template_filter ] --START--
INFO: Run Behavior\ContentReplaceBehavior [ RunTime:0.000000s ]
INFO: [ template_filter ] --END-- [ RunTime:0.000000s ]
INFO: Run Behavior\ParseTemplateBehavior [ RunTime:0.005000s ]
INFO: [ view_parse ] --END-- [ RunTime:0.005000s ]
INFO: [ view_filter ] --START--
INFO: Run Behavior\WriteHtmlCacheBehavior [ RunTime:0.001000s ]
INFO: [ view_filter ] --END-- [ RunTime:0.001000s ]
INFO: [ app_end ] --START--
INFO: Run Behavior\ShowPageTraceBehavior [ RunTime:0.000000s ]
INFO: [ app_end ] --END-- [ RunTime:0.000000s ]

[ 2019-12-08T11:04:05+08:00 ] 127.0.0.1 /Home/Index/%7B:U('index')%7D?&city=%E4%B8%9C%E5%9F%8E%E5%8C%BA
INFO: [ app_begin ] --START--
INFO: Run Behavior\ReadHtmlCacheBehavior [ RunTime:0.001000s ]
INFO: [ app_begin ] --END-- [ RunTime:0.001000s ]
ERR: 非法操作:{:U('index')}

[ 2019-12-08T11:04:38+08:00 ] 127.0.0.1 /Home/Index/%7B:U('index')%7D?&city=%E5%B9%BF%E5%B7%9E%E5%B8%82%E8%B6%8A%E7%A7%80%E5%8C%BA
INFO: [ app_begin ] --START--
INFO: Run Behavior\ReadHtmlCacheBehavior [ RunTime:0.000000s ]
INFO: [ app_begin ] --END-- [ RunTime:0.000000s ]
ERR: 非法操作:{:U('index')}

[ 2019-12-08T11:05:22+08:00 ] 127.0.0.1 /Home/Index/%7B:U('index')%7D?&city=%E4%B8%9C%E5%9F%8E%E5%8C%BA
INFO: [ app_begin ] --START--
INFO: Run Behavior\ReadHtmlCacheBehavior [ RunTime:0.000000s ]
INFO: [ app_begin ] --END-- [ RunTime:0.001000s ]
ERR: 非法操作:{:U('index')}

[ 2019-12-08T11:05:33+08:00 ] 127.0.0.1 /Home/Index/%7B:U('index')%7D?&city=%E8%A5%BF%E5%AE%89%E5%B8%82%E8%8E%B2%E6%B9%96%E5%8C%BA
INFO: [ app_begin ] --START--
INFO: Run Behavior\ReadHtmlCacheBehavior [ RunTime:0.001000s ]
INFO: [ app_begin ] --END-- [ RunTime:0.001000s ]
ERR: 非法操作:{:U('index')}

[ 2019-12-08T11:06:34+08:00 ] 127.0.0.1 /Home/Index/index.html?&city=%E9%95%87%E6%B1%9F%E5%B8%82%E6%B6%A6%E5%B7%9E%E5%8C%BA
INFO: [ app_begin ] --START--
INFO: Run Behavior\ReadHtmlCacheBehavior [ RunTime:0.001000s ]
INFO: [ app_begin ] --END-- [ RunTime:0.001000s ]
SQL: SHOW COLUMNS FROM `one_shop` [ RunTime:0.0030s ]
SQL: SELECT `id`,`logo`,`shop_name` FROM `one_shop` WHERE `site` LIKE '%镇江市润州区%' AND `active` = 1 ORDER BY `grade` DESC LIMIT 0,6   [ RunTime:0.0000s ]
SQL: SHOW COLUMNS FROM `one_menu` [ RunTime:0.0030s ]
SQL: SELECT `id`,`image_dir`,`image`,`menu_name` FROM `one_menu` WHERE `sid` IN ('') AND `active` = 1 ORDER BY `salde_num` DESC LIMIT 0,6   [ RunTime:0.0000s ]
INFO: [ view_parse ] --START--
INFO: [ template_filter ] --START--
INFO: Run Behavior\ContentReplaceBehavior [ RunTime:0.000000s ]
INFO: [ template_filter ] --END-- [ RunTime:0.000000s ]
INFO: Run Behavior\ParseTemplateBehavior [ RunTime:0.020001s ]
INFO: [ view_parse ] --END-- [ RunTime:0.020001s ]
INFO: [ view_filter ] --START--
INFO: Run Behavior\WriteHtmlCacheBehavior [ RunTime:0.001000s ]
INFO: [ view_filter ] --END-- [ RunTime:0.001000s ]
INFO: [ app_end ] --START--
INFO: Run Behavior\ShowPageTraceBehavior [ RunTime:0.000000s ]
INFO: [ app_end ] --END-- [ RunTime:0.000000s ]

[ 2019-12-08T11:06:51+08:00 ] 127.0.0.1 /Home/Index/index.html?&city=%E9%83%91%E5%B7%9E%E5%B8%82%E4%BA%8C%E4%B8%83%E5%8C%BA
INFO: [ app_begin ] --START--
INFO: Run Behavior\ReadHtmlCacheBehavior [ RunTime:0.000000s ]
INFO: [ app_begin ] --END-- [ RunTime:0.001000s ]
SQL: SHOW COLUMNS FROM `one_shop` [ RunTime:0.0030s ]
SQL: SELECT `id`,`logo`,`shop_name` FROM `one_shop` WHERE `site` LIKE '%郑州市二七区%' AND `active` = 1 ORDER BY `grade` DESC LIMIT 0,6   [ RunTime:0.0000s ]
SQL: SHOW COLUMNS FROM `one_menu` [ RunTime:0.0030s ]
SQL: SELECT `id`,`image_dir`,`image`,`menu_name` FROM `one_menu` WHERE `sid` IN ('') AND `active` = 1 ORDER BY `salde_num` DESC LIMIT 0,6   [ RunTime:0.0060s ]
INFO: [ view_parse ] --START--
INFO: [ template_filter ] --START--
INFO: Run Behavior\ContentReplaceBehavior [ RunTime:0.000000s ]
INFO: [ template_filter ] --END-- [ RunTime:0.000000s ]
INFO: Run Behavior\ParseTemplateBehavior [ RunTime:0.005001s ]
INFO: [ view_parse ] --END-- [ RunTime:0.005001s ]
INFO: [ view_filter ] --START--
INFO: Run Behavior\WriteHtmlCacheBehavior [ RunTime:0.000000s ]
INFO: [ view_filter ] --END-- [ RunTime:0.000000s ]
INFO: [ app_end ] --START--
INFO: Run Behavior\ShowPageTraceBehavior [ RunTime:0.001000s ]
INFO: [ app_end ] --END-- [ RunTime:0.001000s ]

[ 2019-12-08T11:07:06+08:00 ] 127.0.0.1 /Home/Index/index.html?&city=%E9%83%91%E5%B7%9E%E5%B8%82%E4%B8%AD%E5%8E%9F%E5%8C%BA
INFO: [ app_begin ] --START--
INFO: Run Behavior\ReadHtmlCacheBehavior [ RunTime:0.000000s ]
INFO: [ app_begin ] --END-- [ RunTime:0.000000s ]
SQL: SHOW COLUMNS FROM `one_shop` [ RunTime:0.0160s ]
SQL: SELECT `id`,`logo`,`shop_name` FROM `one_shop` WHERE `site` LIKE '%郑州市中原区%' AND `active` = 1 ORDER BY `grade` DESC LIMIT 0,6   [ RunTime:0.0010s ]
SQL: SHOW COLUMNS FROM `one_menu` [ RunTime:0.0020s ]
SQL: SELECT `id`,`image_dir`,`image`,`menu_name` FROM `one_menu` WHERE `sid` IN ('270','272','273','274','275') AND `active` = 1 ORDER BY `salde_num` DESC LIMIT 0,6   [ RunTime:0.0000s ]
INFO: [ view_parse ] --START--
INFO: [ template_filter ] --START--
INFO: Run Behavior\ContentReplaceBehavior [ RunTime:0.000000s ]
INFO: [ template_filter ] --END-- [ RunTime:0.000000s ]
INFO: Run Behavior\ParseTemplateBehavior [ RunTime:0.004000s ]
INFO: [ view_parse ] --END-- [ RunTime:0.004000s ]
INFO: [ view_filter ] --START--
INFO: Run Behavior\WriteHtmlCacheBehavior [ RunTime:0.001000s ]
INFO: [ view_filter ] --END-- [ RunTime:0.001000s ]
INFO: [ app_end ] --START--
INFO: Run Behavior\ShowPageTraceBehavior [ RunTime:0.000000s ]
INFO: [ app_end ] --END-- [ RunTime:0.000000s ]

[ 2019-12-08T11:09:02+08:00 ] 127.0.0.1 /Home/Category/index.html?&city=%E9%A1%BA%E4%B9%89%E5%8C%BA
INFO: [ app_begin ] --START--
INFO: Run Behavior\ReadHtmlCacheBehavior [ RunTime:0.001000s ]
INFO: [ app_begin ] --END-- [ RunTime:0.001000s ]
INFO: [ view_parse ] --START--
INFO: [ template_filter ] --START--
INFO: Run Behavior\ContentReplaceBehavior [ RunTime:0.000000s ]
INFO: [ template_filter ] --END-- [ RunTime:0.000000s ]
INFO: Run Behavior\ParseTemplateBehavior [ RunTime:0.004000s ]
INFO: [ view_parse ] --END-- [ RunTime:0.004000s ]
INFO: [ view_filter ] --START--
INFO: Run Behavior\WriteHtmlCacheBehavior [ RunTime:0.000000s ]
INFO: [ view_filter ] --END-- [ RunTime:0.000000s ]
INFO: [ app_end ] --START--
INFO: Run Behavior\ShowPageTraceBehavior [ RunTime:0.001001s ]
INFO: [ app_end ] --END-- [ RunTime:0.001001s ]

[ 2019-12-08T11:12:41+08:00 ] 127.0.0.1 /Home/Login/login.html
INFO: [ app_begin ] --START--
INFO: Run Behavior\ReadHtmlCacheBehavior [ RunTime:0.001000s ]
INFO: [ app_begin ] --END-- [ RunTime:0.001000s ]
SQL: SHOW COLUMNS FROM `one_member` [ RunTime:0.0070s ]
SQL: SELECT `id`,`username`,`avatar`,`grade`,`avatar_dir`,`active` FROM `one_member` WHERE (  `username` = 'cpcp' OR `mobile` = 'cpcp' ) AND `password` = '202cb962ac59075b964b07152d234b70' LIMIT 1   [ RunTime:0.0000s ]

[ 2019-12-08T11:12:49+08:00 ] 127.0.0.1 /Home/Block/addCart/uid/83.html
INFO: [ app_begin ] --START--
INFO: Run Behavior\ReadHtmlCacheBehavior [ RunTime:0.000000s ]
INFO: [ app_begin ] --END-- [ RunTime:0.001000s ]
SQL: SHOW COLUMNS FROM `one_cart` [ RunTime:0.0230s ]
SQL: SELECT * FROM `one_cart` WHERE `mid` = '10' AND `uid` = '83' ORDER BY `add_time` LIMIT 1   [ RunTime:0.0010s ]
SQL: UPDATE `one_cart` SET `buynum`=buynum+1 WHERE `mid` = '10' AND `uid` = '83' [ RunTime:0.0540s ]

[ 2019-12-08T11:13:09+08:00 ] 127.0.0.1 /Home/Block/addCart/uid/83.html
INFO: [ app_begin ] --START--
INFO: Run Behavior\ReadHtmlCacheBehavior [ RunTime:0.001000s ]
INFO: [ app_begin ] --END-- [ RunTime:0.001000s ]
SQL: SHOW COLUMNS FROM `one_cart` [ RunTime:0.0020s ]
SQL: SELECT * FROM `one_cart` WHERE `mid` = '10' AND `uid` = '83' ORDER BY `add_time` LIMIT 1   [ RunTime:0.0000s ]
SQL: UPDATE `one_cart` SET `buynum`=buynum+1 WHERE `mid` = '10' AND `uid` = '83' [ RunTime:0.0150s ]

[ 2019-12-08T11:13:11+08:00 ] 127.0.0.1 /Home/Block/buy/uid/83.html
ERR: 模板不存在:./Application/Home/View/Block/buy.html

[ 2019-12-08T11:14:19+08:00 ] 127.0.0.1 /Home/Index/menuDetail/uid/%7B:U(%22/Home/Block/addCart%22,array(%22uid%22=%3E%20$menu[%22id%22]%20))%7D
INFO: [ app_begin ] --START--
INFO: Run Behavior\ReadHtmlCacheBehavior [ RunTime:0.001000s ]
INFO: [ app_begin ] --END-- [ RunTime:0.001000s ]
SQL: SHOW COLUMNS FROM `one_menu` [ RunTime:0.0030s ]
ERR: :
 [ SQL语句 ] : SELECT * FROM `one_menu` WHERE ( id={:U(" ) LIMIT 1  
ERR: :
 [ SQL语句 ] : SELECT * FROM `one_menu` WHERE ( id={:U(" ) LIMIT 1  

[ 2019-12-08T11:14:45+08:00 ] 127.0.0.1 /Home/Index/menuDetail/uid/%7B:U(%22/Home/Block/addCart%22,array(%22uid%22=%3E%20$menu[%22id%22]%20))%7D
INFO: [ app_begin ] --START--
INFO: Run Behavior\ReadHtmlCacheBehavior [ RunTime:0.001000s ]
INFO: [ app_begin ] --END-- [ RunTime:0.001000s ]
SQL: SHOW COLUMNS FROM `one_menu` [ RunTime:0.0030s ]
ERR: :
 [ SQL语句 ] : SELECT * FROM `one_menu` WHERE ( id={:U(" ) LIMIT 1  
ERR: :
 [ SQL语句 ] : SELECT * FROM `one_menu` WHERE ( id={:U(" ) LIMIT 1  

[ 2019-12-08T11:16:02+08:00 ] 127.0.0.1 /Home/Index/menuDetail/uid/%7B:U(%22/Home/Block/addCart%22,array(%22uid%22=%3E%20$menu[%22id%22]%20))%7D
INFO: [ app_begin ] --START--
INFO: Run Behavior\ReadHtmlCacheBehavior [ RunTime:0.000000s ]
INFO: [ app_begin ] --END-- [ RunTime:0.000000s ]
SQL: SHOW COLUMNS FROM `one_menu` [ RunTime:0.0030s ]
ERR: :
 [ SQL语句 ] : SELECT * FROM `one_menu` WHERE ( id={:U(" ) LIMIT 1  
ERR: :
 [ SQL语句 ] : SELECT * FROM `one_menu` WHERE ( id={:U(" ) LIMIT 1  

[ 2019-12-08T11:16:38+08:00 ] 127.0.0.1 /Home/Index/menuDetail/uid/%7B:U(%22/Home/Block/addCart%22,array(%22uid%22=%3E%20$menu[%22id%22]%20))%7D
INFO: [ app_begin ] --START--
INFO: Run Behavior\ReadHtmlCacheBehavior [ RunTime:0.000000s ]
INFO: [ app_begin ] --END-- [ RunTime:0.000000s ]
SQL: SHOW COLUMNS FROM `one_menu` [ RunTime:0.0020s ]
ERR: :
 [ SQL语句 ] : SELECT * FROM `one_menu` WHERE ( id={:U(" ) LIMIT 1  
ERR: :
 [ SQL语句 ] : SELECT * FROM `one_menu` WHERE ( id={:U(" ) LIMIT 1  

[ 2019-12-08T11:20:02+08:00 ] 127.0.0.1 /Home/Index/menuDetail/uid/%7B:U(%22/Home/Block/addCart,[%22uid%22=%3E%20$menu[%22id%22]%20]%22%20)%20%7D
INFO: [ app_begin ] --START--
INFO: Run Behavior\ReadHtmlCacheBehavior [ RunTime:0.001000s ]
INFO: [ app_begin ] --END-- [ RunTime:0.001000s ]
SQL: SHOW COLUMNS FROM `one_menu` [ RunTime:0.0020s ]
ERR: :
 [ SQL语句 ] : SELECT * FROM `one_menu` WHERE ( id={:U(" ) LIMIT 1  
ERR: :
 [ SQL语句 ] : SELECT * FROM `one_menu` WHERE ( id={:U(" ) LIMIT 1  

[ 2019-12-08T11:20:33+08:00 ] 127.0.0.1 /Home/Block/addCart/uid/83.html
INFO: [ app_begin ] --START--
INFO: Run Behavior\ReadHtmlCacheBehavior [ RunTime:0.000000s ]
INFO: [ app_begin ] --END-- [ RunTime:0.001000s ]
SQL: SHOW COLUMNS FROM `one_cart` [ RunTime:0.0020s ]
SQL: SELECT * FROM `one_cart` WHERE `mid` = '10' AND `uid` = '83' ORDER BY `add_time` LIMIT 1   [ RunTime:0.0000s ]
SQL: UPDATE `one_cart` SET `buynum`=buynum+1 WHERE `mid` = '10' AND `uid` = '83' [ RunTime:0.1960s ]

[ 2019-12-08T11:21:03+08:00 ] 127.0.0.1 /Home/Block/addCart/uid/83.html
INFO: [ app_begin ] --START--
INFO: Run Behavior\ReadHtmlCacheBehavior [ RunTime:0.001000s ]
INFO: [ app_begin ] --END-- [ RunTime:0.001000s ]
SQL: SHOW COLUMNS FROM `one_cart` [ RunTime:0.0020s ]
SQL: SELECT * FROM `one_cart` WHERE `mid` = '10' AND `uid` = '83' ORDER BY `add_time` LIMIT 1   [ RunTime:0.0010s ]
SQL: UPDATE `one_cart` SET `buynum`=buynum+1 WHERE `mid` = '10' AND `uid` = '83' [ RunTime:0.0130s ]

[ 2019-12-08T11:21:07+08:00 ] 127.0.0.1 /Home/Block/addCart/uid/83.html
INFO: [ app_begin ] --START--
INFO: Run Behavior\ReadHtmlCacheBehavior [ RunTime:0.000000s ]
INFO: [ app_begin ] --END-- [ RunTime:0.001001s ]
SQL: SHOW COLUMNS FROM `one_cart` [ RunTime:0.0020s ]
SQL: SELECT * FROM `one_cart` WHERE `mid` = '10' AND `uid` = '83' ORDER BY `add_time` LIMIT 1   [ RunTime:0.0010s ]
SQL: UPDATE `one_cart` SET `buynum`=buynum+1 WHERE `mid` = '10' AND `uid` = '83' [ RunTime:0.0610s ]

[ 2019-12-08T11:21:16+08:00 ] 127.0.0.1 /Home/Block/addCart/uid/83.html
INFO: [ app_begin ] --START--
INFO: Run Behavior\ReadHtmlCacheBehavior [ RunTime:0.001000s ]
INFO: [ app_begin ] --END-- [ RunTime:0.001000s ]
SQL: SHOW COLUMNS FROM `one_cart` [ RunTime:0.0030s ]
SQL: SELECT * FROM `one_cart` WHERE `mid` = '10' AND `uid` = '83' ORDER BY `add_time` LIMIT 1   [ RunTime:0.0000s ]
SQL: UPDATE `one_cart` SET `buynum`=buynum+1 WHERE `mid` = '10' AND `uid` = '83' [ RunTime:0.0220s ]

[ 2019-12-08T11:25:06+08:00 ] 127.0.0.1 /Home/Index/shopping.html
ERR: 非法操作:shopping

[ 2019-12-08T11:51:50+08:00 ] 127.0.0.1 /Home/Login/login.html
INFO: [ app_begin ] --START--
INFO: Run Behavior\ReadHtmlCacheBehavior [ RunTime:0.001000s ]
INFO: [ app_begin ] --END-- [ RunTime:0.001000s ]
SQL: SHOW COLUMNS FROM `one_member` [ RunTime:0.0020s ]
SQL: SELECT `id`,`username`,`avatar`,`grade`,`avatar_dir`,`active` FROM `one_member` WHERE (  `username` = 'cpcp' OR `mobile` = 'cpcp' ) AND `password` = '202cb962ac59075b964b07152d234b70' LIMIT 1   [ RunTime:0.0000s ]

[ 2019-12-08T12:15:37+08:00 ] 127.0.0.1 /Home/Block/addCart/uid/83.html
INFO: [ app_begin ] --START--
INFO: Run Behavior\ReadHtmlCacheBehavior [ RunTime:0.000000s ]
INFO: [ app_begin ] --END-- [ RunTime:0.001000s ]

[ 2019-12-08T12:15:37+08:00 ] 127.0.0.1 /Home/Login/index.html
INFO: [ app_begin ] --START--
INFO: Run Behavior\ReadHtmlCacheBehavior [ RunTime:0.001000s ]
INFO: [ app_begin ] --END-- [ RunTime:0.001000s ]
INFO: [ view_parse ] --START--
INFO: [ template_filter ] --START--
INFO: Run Behavior\ContentReplaceBehavior [ RunTime:0.000000s ]
INFO: [ template_filter ] --END-- [ RunTime:0.000000s ]
INFO: Run Behavior\ParseTemplateBehavior [ RunTime:0.003001s ]
INFO: [ view_parse ] --END-- [ RunTime:0.004001s ]
INFO: [ view_filter ] --START--
INFO: Run Behavior\WriteHtmlCacheBehavior [ RunTime:0.000000s ]
INFO: [ view_filter ] --END-- [ RunTime:0.000000s ]
INFO: [ app_end ] --START--
INFO: Run Behavior\ShowPageTraceBehavior [ RunTime:0.001000s ]
INFO: [ app_end ] --END-- [ RunTime:0.001000s ]

[ 2019-12-08T12:17:25+08:00 ] 127.0.0.1 /Home/Login/login.html
INFO: [ app_begin ] --START--
INFO: Run Behavior\ReadHtmlCacheBehavior [ RunTime:0.000000s ]
INFO: [ app_begin ] --END-- [ RunTime:0.001000s ]
SQL: SHOW COLUMNS FROM `one_member` [ RunTime:0.0020s ]
SQL: SELECT `id`,`username`,`avatar`,`grade`,`avatar_dir`,`active` FROM `one_member` WHERE (  `username` = 'cpcp' OR `mobile` = 'cpcp' ) AND `password` = '202cb962ac59075b964b07152d234b70' LIMIT 1   [ RunTime:0.0000s ]

[ 2019-12-08T12:19:18+08:00 ] 127.0.0.1 /Home/Login/login.html
INFO: [ app_begin ] --START--
INFO: Run Behavior\ReadHtmlCacheBehavior [ RunTime:0.000000s ]
INFO: [ app_begin ] --END-- [ RunTime:0.000000s ]
SQL: SHOW COLUMNS FROM `one_member` [ RunTime:0.0020s ]
SQL: SELECT `id`,`username`,`avatar`,`grade`,`avatar_dir`,`active` FROM `one_member` WHERE (  `username` = 'cpcp' OR `mobile` = 'cpcp' ) AND `password` = '202cb962ac59075b964b07152d234b70' LIMIT 1   [ RunTime:0.0000s ]

[ 2019-12-08T12:19:53+08:00 ] 127.0.0.1 /Home/Login/login.html
INFO: [ app_begin ] --START--
INFO: Run Behavior\ReadHtmlCacheBehavior [ RunTime:0.000000s ]
INFO: [ app_begin ] --END-- [ RunTime:0.000000s ]
SQL: SHOW COLUMNS FROM `one_member` [ RunTime:0.0030s ]
SQL: SELECT `id`,`username`,`avatar`,`grade`,`avatar_dir`,`active` FROM `one_member` WHERE (  `username` = 'cpcp' OR `mobile` = 'cpcp' ) AND `password` = '202cb962ac59075b964b07152d234b70' LIMIT 1   [ RunTime:0.0000s ]

[ 2019-12-08T12:20:23+08:00 ] 127.0.0.1 /Home/Block/addCart/uid/83.html
INFO: [ app_begin ] --START--
INFO: Run Behavior\ReadHtmlCacheBehavior [ RunTime:0.000000s ]
INFO: [ app_begin ] --END-- [ RunTime:0.001000s ]
SQL: SHOW COLUMNS FROM `one_cart` [ RunTime:0.0030s ]
SQL: SELECT * FROM `one_cart` WHERE `mid` = '10' AND `uid` = '83' ORDER BY `add_time` LIMIT 1   [ RunTime:0.0000s ]
SQL: UPDATE `one_cart` SET `buynum`=buynum+1 WHERE `mid` = '10' AND `uid` = '83' [ RunTime:0.0500s ]

[ 2019-12-08T12:20:29+08:00 ] 127.0.0.1 /Home/Block/addCart/uid/83.html
INFO: [ app_begin ] --START--
INFO: Run Behavior\ReadHtmlCacheBehavior [ RunTime:0.000000s ]
INFO: [ app_begin ] --END-- [ RunTime:0.000000s ]
SQL: SHOW COLUMNS FROM `one_cart` [ RunTime:0.0030s ]
SQL: SELECT * FROM `one_cart` WHERE `mid` = '10' AND `uid` = '83' ORDER BY `add_time` LIMIT 1   [ RunTime:0.0000s ]
SQL: UPDATE `one_cart` SET `buynum`=buynum+1 WHERE `mid` = '10' AND `uid` = '83' [ RunTime:0.0140s ]

[ 2019-12-08T12:22:15+08:00 ] 127.0.0.1 /Home/Login/login.html
INFO: [ app_begin ] --START--
INFO: Run Behavior\ReadHtmlCacheBehavior [ RunTime:0.000000s ]
INFO: [ app_begin ] --END-- [ RunTime:0.001000s ]
SQL: SHOW COLUMNS FROM `one_member` [ RunTime:0.0100s ]
SQL: SELECT `id`,`username`,`avatar`,`grade`,`avatar_dir`,`active` FROM `one_member` WHERE (  `username` = 'cpcp' OR `mobile` = 'cpcp' ) AND `password` = '202cb962ac59075b964b07152d234b70' LIMIT 1   [ RunTime:0.0010s ]

[ 2019-12-08T12:23:32+08:00 ] 127.0.0.1 /Home/Login/login.html
INFO: [ app_begin ] --START--
INFO: Run Behavior\ReadHtmlCacheBehavior [ RunTime:0.001000s ]
INFO: [ app_begin ] --END-- [ RunTime:0.001000s ]
SQL: SHOW COLUMNS FROM `one_member` [ RunTime:0.0030s ]
SQL: SELECT `id`,`username`,`avatar`,`grade`,`avatar_dir`,`active` FROM `one_member` WHERE (  `username` = 'cpcp' OR `mobile` = 'cpcp' ) AND `password` = '202cb962ac59075b964b07152d234b70' LIMIT 1   [ RunTime:0.0000s ]

[ 2019-12-08T12:26:06+08:00 ] 127.0.0.1 /Home/Login/login.html
INFO: [ app_begin ] --START--
INFO: Run Behavior\ReadHtmlCacheBehavior [ RunTime:0.000000s ]
INFO: [ app_begin ] --END-- [ RunTime:0.000000s ]
SQL: SHOW COLUMNS FROM `one_member` [ RunTime:0.0020s ]
SQL: SELECT `id`,`username`,`avatar`,`grade`,`avatar_dir`,`active` FROM `one_member` WHERE (  `username` = 'cpcp' OR `mobile` = 'cpcp' ) AND `password` = '202cb962ac59075b964b07152d234b70' LIMIT 1   [ RunTime:0.0000s ]

[ 2019-12-08T12:27:47+08:00 ] 127.0.0.1 /Home/Login/login.html
INFO: [ app_begin ] --START--
INFO: Run Behavior\ReadHtmlCacheBehavior [ RunTime:0.000000s ]
INFO: [ app_begin ] --END-- [ RunTime:0.001000s ]
SQL: SHOW COLUMNS FROM `one_member` [ RunTime:0.0030s ]
SQL: SELECT `id`,`username`,`avatar`,`grade`,`avatar_dir`,`active` FROM `one_member` WHERE (  `username` = 'cpcp' OR `mobile` = 'cpcp' ) AND `password` = '202cb962ac59075b964b07152d234b70' LIMIT 1   [ RunTime:0.0000s ]

[ 2019-12-08T12:27:47+08:00 ] 127.0.0.1 /Home/Login/undefined
ERR: 非法操作:undefined

[ 2019-12-08T17:37:26+08:00 ] 127.0.0.1 /
ERR: _STORAGE_WRITE_ERROR_:./Application/Runtime/Cache/Home/2a94b8bda04ff446dcedd42276fc99ee.php

[ 2019-12-08T17:42:58+08:00 ] 127.0.0.1 /Home/Login/mobile.html
INFO: [ app_begin ] --START--
INFO: Run Behavior\ReadHtmlCacheBehavior [ RunTime:0.001000s ]
INFO: [ app_begin ] --END-- [ RunTime:0.001000s ]

[ 2019-12-08T17:43:14+08:00 ] 127.0.0.1 /Home/Login/mobile.html
INFO: [ app_begin ] --START--
INFO: Run Behavior\ReadHtmlCacheBehavior [ RunTime:0.001000s ]
INFO: [ app_begin ] --END-- [ RunTime:0.001000s ]

[ 2019-12-08T17:43:22+08:00 ] 127.0.0.1 /Home/Login/mobile.html
INFO: [ app_begin ] --START--
INFO: Run Behavior\ReadHtmlCacheBehavior [ RunTime:0.000000s ]
INFO: [ app_begin ] --END-- [ RunTime:0.001000s ]
INFO: [ app_end ] --START--
INFO: Run Behavior\ShowPageTraceBehavior [ RunTime:0.000000s ]
INFO: [ app_end ] --END-- [ RunTime:0.000000s ]

[ 2019-12-08T17:44:34+08:00 ] 127.0.0.1 /Home/Login/mobile.html
INFO: [ app_begin ] --START--
INFO: Run Behavior\ReadHtmlCacheBehavior [ RunTime:0.000000s ]
INFO: [ app_begin ] --END-- [ RunTime:0.001000s ]

[ 2019-12-08T17:44:46+08:00 ] 127.0.0.1 /Home/Login/mobile.html
INFO: [ app_begin ] --START--
INFO: Run Behavior\ReadHtmlCacheBehavior [ RunTime:0.001000s ]
INFO: [ app_begin ] --END-- [ RunTime:0.001000s ]
INFO: [ app_end ] --START--
INFO: Run Behavior\ShowPageTraceBehavior [ RunTime:0.001000s ]
INFO: [ app_end ] --END-- [ RunTime:0.001000s ]

[ 2019-12-08T17:45:37+08:00 ] 127.0.0.1 /Home/Login/password.html
INFO: [ app_begin ] --START--
INFO: Run Behavior\ReadHtmlCacheBehavior [ RunTime:0.001000s ]
INFO: [ app_begin ] --END-- [ RunTime:0.001000s ]
INFO: [ view_parse ] --START--
INFO: [ template_filter ] --START--
INFO: Run Behavior\ContentReplaceBehavior [ RunTime:0.000000s ]
INFO: [ template_filter ] --END-- [ RunTime:0.000000s ]
INFO: Run Behavior\ParseTemplateBehavior [ RunTime:0.004001s ]
INFO: [ view_parse ] --END-- [ RunTime:0.004001s ]
INFO: [ view_filter ] --START--
INFO: Run Behavior\WriteHtmlCacheBehavior [ RunTime:0.000000s ]
INFO: [ view_filter ] --END-- [ RunTime:0.000000s ]
INFO: [ app_end ] --START--
INFO: Run Behavior\ShowPageTraceBehavior [ RunTime:0.001000s ]
INFO: [ app_end ] --END-- [ RunTime:0.001000s ]

[ 2019-12-08T17:45:38+08:00 ] 127.0.0.1 /Home/Login/password.html
INFO: [ app_begin ] --START--
INFO: Run Behavior\ReadHtmlCacheBehavior [ RunTime:0.001000s ]
INFO: [ app_begin ] --END-- [ RunTime:0.001000s ]
INFO: [ view_parse ] --START--
INFO: [ template_filter ] --START--
INFO: Run Behavior\ContentReplaceBehavior [ RunTime:0.001000s ]
INFO: [ template_filter ] --END-- [ RunTime:0.001000s ]
INFO: Run Behavior\ParseTemplateBehavior [ RunTime:0.004000s ]
INFO: [ view_parse ] --END-- [ RunTime:0.004000s ]
INFO: [ view_filter ] --START--
INFO: Run Behavior\WriteHtmlCacheBehavior [ RunTime:0.000000s ]
INFO: [ view_filter ] --END-- [ RunTime:0.000000s ]
INFO: [ app_end ] --START--
INFO: Run Behavior\ShowPageTraceBehavior [ RunTime:0.001000s ]
INFO: [ app_end ] --END-- [ RunTime:0.001000s ]

[ 2019-12-08T18:01:26+08:00 ] 127.0.0.1 /Home/Login/mobile.html
INFO: [ app_begin ] --START--
INFO: Run Behavior\ReadHtmlCacheBehavior [ RunTime:0.000000s ]
INFO: [ app_begin ] --END-- [ RunTime:0.000000s ]
INFO: [ app_end ] --START--
INFO: Run Behavior\ShowPageTraceBehavior [ RunTime:0.000000s ]
INFO: [ app_end ] --END-- [ RunTime:0.000000s ]

[ 2019-12-08T18:01:34+08:00 ] 127.0.0.1 /Home/Login/remoteMobileCode.html
INFO: [ app_begin ] --START--
INFO: Run Behavior\ReadHtmlCacheBehavior [ RunTime:0.000000s ]
INFO: [ app_begin ] --END-- [ RunTime:0.000000s ]

[ 2019-12-08T18:01:35+08:00 ] 127.0.0.1 /Home/Login/password.html
INFO: [ app_begin ] --START--
INFO: Run Behavior\ReadHtmlCacheBehavior [ RunTime:0.000000s ]
INFO: [ app_begin ] --END-- [ RunTime:0.001000s ]
INFO: [ view_parse ] --START--
INFO: [ template_filter ] --START--
INFO: Run Behavior\ContentReplaceBehavior [ RunTime:0.000000s ]
INFO: [ template_filter ] --END-- [ RunTime:0.000000s ]
INFO: Run Behavior\ParseTemplateBehavior [ RunTime:0.004001s ]
INFO: [ view_parse ] --END-- [ RunTime:0.004001s ]
INFO: [ view_filter ] --START--
INFO: Run Behavior\WriteHtmlCacheBehavior [ RunTime:0.000000s ]
INFO: [ view_filter ] --END-- [ RunTime:0.000000s ]
INFO: [ app_end ] --START--
INFO: Run Behavior\ShowPageTraceBehavior [ RunTime:0.001000s ]
INFO: [ app_end ] --END-- [ RunTime:0.001000s ]

[ 2019-12-08T18:03:13+08:00 ] 127.0.0.1 /Home/Login/password.html
INFO: [ app_begin ] --START--
INFO: Run Behavior\ReadHtmlCacheBehavior [ RunTime:0.001000s ]
INFO: [ app_begin ] --END-- [ RunTime:0.001000s ]
INFO: [ view_parse ] --START--
INFO: [ template_filter ] --START--
INFO: Run Behavior\ContentReplaceBehavior [ RunTime:0.000000s ]
INFO: [ template_filter ] --END-- [ RunTime:0.000000s ]
INFO: Run Behavior\ParseTemplateBehavior [ RunTime:0.005000s ]
INFO: [ view_parse ] --END-- [ RunTime:0.005000s ]
INFO: [ view_filter ] --START--
INFO: Run Behavior\WriteHtmlCacheBehavior [ RunTime:0.000000s ]
INFO: [ view_filter ] --END-- [ RunTime:0.000000s ]
INFO: [ app_end ] --START--
INFO: Run Behavior\ShowPageTraceBehavior [ RunTime:0.001000s ]
INFO: [ app_end ] --END-- [ RunTime:0.001000s ]

[ 2019-12-08T18:05:02+08:00 ] 127.0.0.1 /Home/Login/%7BU('pwdchange')%7D
ERR: 非法操作:{U('pwdchange')}

[ 2019-12-08T18:05:35+08:00 ] 127.0.0.1 /Home/Login/mobile.html
INFO: [ app_begin ] --START--
INFO: Run Behavior\ReadHtmlCacheBehavior [ RunTime:0.000000s ]
INFO: [ app_begin ] --END-- [ RunTime:0.000000s ]
INFO: [ app_end ] --START--
INFO: Run Behavior\ShowPageTraceBehavior [ RunTime:0.001000s ]
INFO: [ app_end ] --END-- [ RunTime:0.001000s ]

[ 2019-12-08T18:05:43+08:00 ] 127.0.0.1 /Home/Login/remoteMobileCode.html
INFO: [ app_begin ] --START--
INFO: Run Behavior\ReadHtmlCacheBehavior [ RunTime:0.000000s ]
INFO: [ app_begin ] --END-- [ RunTime:0.000000s ]

[ 2019-12-08T18:05:44+08:00 ] 127.0.0.1 /Home/Login/pwdchange.html
INFO: [ app_begin ] --START--
INFO: Run Behavior\ReadHtmlCacheBehavior [ RunTime:0.000000s ]
INFO: [ app_begin ] --END-- [ RunTime:0.000000s ]
SQL: SHOW COLUMNS FROM `one_member` [ RunTime:0.0300s ]
NOTIC: [8] Undefined index: require D:\xxzl\dm\takeout\TakeOut1\ThinkPHP\Library\Think\Model.class.php 第 1425 行.

[ 2019-12-08T18:07:06+08:00 ] 127.0.0.1 /Home/Login/pwdchange.html
INFO: [ app_begin ] --START--
INFO: Run Behavior\ReadHtmlCacheBehavior [ RunTime:0.001000s ]
INFO: [ app_begin ] --END-- [ RunTime:0.001000s ]
SQL: SHOW COLUMNS FROM `one_member` [ RunTime:0.0030s ]

[ 2019-12-08T18:09:31+08:00 ] 127.0.0.1 /Home/Login/mobile.html
INFO: [ app_begin ] --START--
INFO: Run Behavior\ReadHtmlCacheBehavior [ RunTime:0.001000s ]
INFO: [ app_begin ] --END-- [ RunTime:0.001000s ]
INFO: [ app_end ] --START--
INFO: Run Behavior\ShowPageTraceBehavior [ RunTime:0.000000s ]
INFO: [ app_end ] --END-- [ RunTime:0.000000s ]

[ 2019-12-08T18:09:39+08:00 ] 127.0.0.1 /Home/Login/remoteMobileCode.html
INFO: [ app_begin ] --START--
INFO: Run Behavior\ReadHtmlCacheBehavior [ RunTime:0.000000s ]
INFO: [ app_begin ] --END-- [ RunTime:0.001000s ]

[ 2019-12-08T18:09:40+08:00 ] 127.0.0.1 /Home/Login/pwdchange.html
INFO: [ app_begin ] --START--
INFO: Run Behavior\ReadHtmlCacheBehavior [ RunTime:0.001000s ]
INFO: [ app_begin ] --END-- [ RunTime:0.001000s ]
SQL: SHOW COLUMNS FROM `one_member` [ RunTime:0.0140s ]

[ 2019-12-08T18:13:46+08:00 ] 127.0.0.1 /Home/Login/mobile.html
INFO: [ app_begin ] --START--
INFO: Run Behavior\ReadHtmlCacheBehavior [ RunTime:0.001000s ]
INFO: [ app_begin ] --END-- [ RunTime:0.001000s ]
INFO: [ app_end ] --START--
INFO: Run Behavior\ShowPageTraceBehavior [ RunTime:0.001000s ]
INFO: [ app_end ] --END-- [ RunTime:0.001000s ]

[ 2019-12-08T18:13:53+08:00 ] 127.0.0.1 /Home/Login/remoteMobileCode.html
INFO: [ app_begin ] --START--
INFO: Run Behavior\ReadHtmlCacheBehavior [ RunTime:0.001000s ]
INFO: [ app_begin ] --END-- [ RunTime:0.001000s ]

[ 2019-12-08T18:13:53+08:00 ] 127.0.0.1 /Home/Login/pwdchange.html
INFO: [ app_begin ] --START--
INFO: Run Behavior\ReadHtmlCacheBehavior [ RunTime:0.001000s ]
INFO: [ app_begin ] --END-- [ RunTime:0.001000s ]
SQL: SHOW COLUMNS FROM `one_member` [ RunTime:0.0180s ]
NOTIC: [8] Undefined index: require D:\xxzl\dm\takeout\TakeOut1\ThinkPHP\Library\Think\Model.class.php 第 1425 行.

[ 2019-12-08T18:15:27+08:00 ] 127.0.0.1 /Home/Login/pwdchange.html
INFO: [ app_begin ] --START--
INFO: Run Behavior\ReadHtmlCacheBehavior [ RunTime:0.001000s ]
INFO: [ app_begin ] --END-- [ RunTime:0.001000s ]
SQL: SHOW COLUMNS FROM `one_member` [ RunTime:0.0020s ]
NOTIC: [8] Undefined index: require D:\xxzl\dm\takeout\TakeOut1\ThinkPHP\Library\Think\Model.class.php 第 1425 行.

[ 2019-12-08T18:15:33+08:00 ] 127.0.0.1 /Home/Login/pwdchange.html
INFO: [ app_begin ] --START--
INFO: Run Behavior\ReadHtmlCacheBehavior [ RunTime:0.001000s ]
INFO: [ app_begin ] --END-- [ RunTime:0.001000s ]
SQL: SHOW COLUMNS FROM `one_member` [ RunTime:0.0020s ]
NOTIC: [8] Undefined index: require D:\xxzl\dm\takeout\TakeOut1\ThinkPHP\Library\Think\Model.class.php 第 1425 行.

[ 2019-12-08T18:15:58+08:00 ] 127.0.0.1 /Home/Login/pwdchange.html
INFO: [ app_begin ] --START--
INFO: Run Behavior\ReadHtmlCacheBehavior [ RunTime:0.001000s ]
INFO: [ app_begin ] --END-- [ RunTime:0.001000s ]
SQL: SHOW COLUMNS FROM `one_member` [ RunTime:0.0020s ]
NOTIC: [8] Undefined index: require D:\xxzl\dm\takeout\TakeOut1\ThinkPHP\Library\Think\Model.class.php 第 1425 行.

[ 2019-12-08T18:17:18+08:00 ] 127.0.0.1 /Home/Login/pwdchange.html
INFO: [ app_begin ] --START--
INFO: Run Behavior\ReadHtmlCacheBehavior [ RunTime:0.001000s ]
INFO: [ app_begin ] --END-- [ RunTime:0.001000s ]
SQL: SHOW COLUMNS FROM `one_member` [ RunTime:0.0020s ]
NOTIC: [8] Undefined index: require D:\xxzl\dm\takeout\TakeOut1\ThinkPHP\Library\Think\Model.class.php 第 1425 行.

[ 2019-12-08T18:17:36+08:00 ] 127.0.0.1 /Home/Login/pwdchange.html
INFO: [ app_begin ] --START--
INFO: Run Behavior\ReadHtmlCacheBehavior [ RunTime:0.000000s ]
INFO: [ app_begin ] --END-- [ RunTime:0.000000s ]
SQL: SHOW COLUMNS FROM `one_member` [ RunTime:0.0030s ]
NOTIC: [8] Undefined index: require D:\xxzl\dm\takeout\TakeOut1\ThinkPHP\Library\Think\Model.class.php 第 1425 行.

[ 2019-12-08T18:17:50+08:00 ] 127.0.0.1 /Home/Login/pwdchange.html
INFO: [ app_begin ] --START--
INFO: Run Behavior\ReadHtmlCacheBehavior [ RunTime:0.000000s ]
INFO: [ app_begin ] --END-- [ RunTime:0.000000s ]
SQL: SHOW COLUMNS FROM `one_member` [ RunTime:0.0030s ]
NOTIC: [8] Undefined index: require D:\xxzl\dm\takeout\TakeOut1\ThinkPHP\Library\Think\Model.class.php 第 1425 行.

[ 2019-12-08T18:20:47+08:00 ] 127.0.0.1 /Home/Login/pwdchange.html
INFO: [ app_begin ] --START--
INFO: Run Behavior\ReadHtmlCacheBehavior [ RunTime:0.001000s ]
INFO: [ app_begin ] --END-- [ RunTime:0.001000s ]
SQL: SHOW COLUMNS FROM `one_member` [ RunTime:0.0020s ]
NOTIC: [8] Undefined index: require D:\xxzl\dm\takeout\TakeOut1\ThinkPHP\Library\Think\Model.class.php 第 1425 行.

[ 2019-12-08T18:23:47+08:00 ] 127.0.0.1 /Home/Login/remoteMobile.html
INFO: [ app_begin ] --START--
INFO: Run Behavior\ReadHtmlCacheBehavior [ RunTime:0.001000s ]
INFO: [ app_begin ] --END-- [ RunTime:0.001000s ]
SQL: SHOW COLUMNS FROM `one_member` [ RunTime:0.0030s ]
SQL: SELECT * FROM `one_member` WHERE ( mobile=15236430715 ) LIMIT 1   [ RunTime:0.0000s ]

[ 2019-12-08T18:23:53+08:00 ] 127.0.0.1 /Home/Login/remoteMobile.html
INFO: [ app_begin ] --START--
INFO: Run Behavior\ReadHtmlCacheBehavior [ RunTime:0.000000s ]
INFO: [ app_begin ] --END-- [ RunTime:0.001000s ]
SQL: SHOW COLUMNS FROM `one_member` [ RunTime:0.0020s ]
SQL: SELECT * FROM `one_member` WHERE ( mobile=15236430714 ) LIMIT 1   [ RunTime:0.0010s ]

[ 2019-12-08T18:24:04+08:00 ] 127.0.0.1 /Home/Login/remoteMobile.html
INFO: [ app_begin ] --START--
INFO: Run Behavior\ReadHtmlCacheBehavior [ RunTime:0.000000s ]
INFO: [ app_begin ] --END-- [ RunTime:0.001000s ]
SQL: SHOW COLUMNS FROM `one_member` [ RunTime:0.0020s ]
SQL: SELECT * FROM `one_member` WHERE ( mobile=15236430715 ) LIMIT 1   [ RunTime:0.0000s ]

[ 2019-12-08T18:24:05+08:00 ] 127.0.0.1 /Home/Login/mobile.html
INFO: [ app_begin ] --START--
INFO: Run Behavior\ReadHtmlCacheBehavior [ RunTime:0.000000s ]
INFO: [ app_begin ] --END-- [ RunTime:0.000000s ]
INFO: [ app_end ] --START--
INFO: Run Behavior\ShowPageTraceBehavior [ RunTime:0.000000s ]
INFO: [ app_end ] --END-- [ RunTime:0.000000s ]

[ 2019-12-08T18:24:13+08:00 ] 127.0.0.1 /Home/Login/remoteMobileCode.html
INFO: [ app_begin ] --START--
INFO: Run Behavior\ReadHtmlCacheBehavior [ RunTime:0.001000s ]
INFO: [ app_begin ] --END-- [ RunTime:0.001000s ]

[ 2019-12-08T18:24:13+08:00 ] 127.0.0.1 /Home/Login/register.html
INFO: [ app_begin ] --START--
INFO: Run Behavior\ReadHtmlCacheBehavior [ RunTime:0.001000s ]
INFO: [ app_begin ] --END-- [ RunTime:0.001000s ]
SQL: SHOW COLUMNS FROM `one_member` [ RunTime:0.0030s ]
SQL: SELECT * FROM `one_member` WHERE `username` = 'timi' LIMIT 1   [ RunTime:0.0010s ]
NOTIC: [8] Undefined index: require D:\xxzl\dm\takeout\TakeOut1\ThinkPHP\Library\Think\Model.class.php 第 1425 行.

[ 2019-12-08T18:25:09+08:00 ] 127.0.0.1 /Home/Login/register.html
INFO: [ app_begin ] --START--
INFO: Run Behavior\ReadHtmlCacheBehavior [ RunTime:0.000000s ]
INFO: [ app_begin ] --END-- [ RunTime:0.001000s ]
SQL: SHOW COLUMNS FROM `one_member` [ RunTime:0.0270s ]
SQL: SELECT * FROM `one_member` WHERE `username` = 'timi' LIMIT 1   [ RunTime:0.0010s ]
NOTIC: [8] Undefined index: require D:\xxzl\dm\takeout\TakeOut1\ThinkPHP\Library\Think\Model.class.php 第 1425 行.

[ 2019-12-08T18:25:26+08:00 ] 127.0.0.1 /Home/Login/register.html
INFO: [ app_begin ] --START--
INFO: Run Behavior\ReadHtmlCacheBehavior [ RunTime:0.000000s ]
INFO: [ app_begin ] --END-- [ RunTime:0.001000s ]
SQL: SHOW COLUMNS FROM `one_member` [ RunTime:0.0020s ]
SQL: SELECT * FROM `one_member` WHERE `username` = 'timi' LIMIT 1   [ RunTime:0.0010s ]
NOTIC: [2] preg_match(): Delimiter must not be alphanumeric or backslash D:\xxzl\dm\takeout\TakeOut1\ThinkPHP\Library\Think\Model.class.php 第 1220 行.
NOTIC: [8] Undefined index: require D:\xxzl\dm\takeout\TakeOut1\ThinkPHP\Library\Think\Model.class.php 第 1425 行.

[ 2019-12-08T18:25:42+08:00 ] 127.0.0.1 /Home/Login/register.html
INFO: [ app_begin ] --START--
INFO: Run Behavior\ReadHtmlCacheBehavior [ RunTime:0.001000s ]
INFO: [ app_begin ] --END-- [ RunTime:0.001000s ]
SQL: SHOW COLUMNS FROM `one_member` [ RunTime:0.0020s ]
SQL: SELECT * FROM `one_member` WHERE `username` = 'timi' LIMIT 1   [ RunTime:0.0010s ]
SQL: SHOW COLUMNS FROM `one_member` [ RunTime:0.0030s ]
SQL: INSERT INTO `one_member` (`username`,`password`,`mobile`,`add_time`) VALUES ('timi','202cb962ac59075b964b07152d234b70','15236430715','1575800742') [ RunTime:0.0550s ]

[ 2019-12-08T18:26:53+08:00 ] 127.0.0.1 /Home/Login/register.html
INFO: [ app_begin ] --START--
INFO: Run Behavior\ReadHtmlCacheBehavior [ RunTime:0.000000s ]
INFO: [ app_begin ] --END-- [ RunTime:0.001000s ]
SQL: SHOW COLUMNS FROM `one_member` [ RunTime:0.0020s ]
SQL: SELECT * FROM `one_member` WHERE `username` = 'timi' LIMIT 1   [ RunTime:0.0010s ]

[ 2019-12-08T18:26:57+08:00 ] 127.0.0.1 /Home/Login/register.html
INFO: [ app_begin ] --START--
INFO: Run Behavior\ReadHtmlCacheBehavior [ RunTime:0.000000s ]
INFO: [ app_begin ] --END-- [ RunTime:0.000000s ]
SQL: SHOW COLUMNS FROM `one_member` [ RunTime:0.0030s ]
SQL: SELECT * FROM `one_member` WHERE `username` = 'timi1' LIMIT 1   [ RunTime:0.0010s ]

[ 2019-12-08T18:27:51+08:00 ] 127.0.0.1 /Home/Login/register.html
INFO: [ app_begin ] --START--
INFO: Run Behavior\ReadHtmlCacheBehavior [ RunTime:0.001000s ]
INFO: [ app_begin ] --END-- [ RunTime:0.001000s ]
SQL: SHOW COLUMNS FROM `one_member` [ RunTime:0.0020s ]
SQL: SELECT * FROM `one_member` WHERE `username` = 'timi1' LIMIT 1   [ RunTime:0.0000s ]

[ 2019-12-08T18:27:56+08:00 ] 127.0.0.1 /Home/Login/register.html
INFO: [ app_begin ] --START--
INFO: Run Behavior\ReadHtmlCacheBehavior [ RunTime:0.000000s ]
INFO: [ app_begin ] --END-- [ RunTime:0.000000s ]
SQL: SHOW COLUMNS FROM `one_member` [ RunTime:0.0020s ]
SQL: SELECT * FROM `one_member` WHERE `username` = 'timi1' LIMIT 1   [ RunTime:0.0000s ]

[ 2019-12-08T18:29:15+08:00 ] 127.0.0.1 /Home/Login/remoteMobile.html
INFO: [ app_begin ] --START--
INFO: Run Behavior\ReadHtmlCacheBehavior [ RunTime:0.001000s ]
INFO: [ app_begin ] --END-- [ RunTime:0.001000s ]
SQL: SHOW COLUMNS FROM `one_member` [ RunTime:0.0020s ]
SQL: SELECT * FROM `one_member` WHERE ( mobile=15236430715 ) LIMIT 1   [ RunTime:0.0010s ]

[ 2019-12-08T18:29:17+08:00 ] 127.0.0.1 /Home/Login/mobile.html
INFO: [ app_begin ] --START--
INFO: Run Behavior\ReadHtmlCacheBehavior [ RunTime:0.001000s ]
INFO: [ app_begin ] --END-- [ RunTime:0.001000s ]
INFO: [ app_end ] --START--
INFO: Run Behavior\ShowPageTraceBehavior [ RunTime:0.001000s ]
INFO: [ app_end ] --END-- [ RunTime:0.001000s ]

[ 2019-12-08T18:29:52+08:00 ] 127.0.0.1 /Home/Login/remoteMobileCode.html
INFO: [ app_begin ] --START--
INFO: Run Behavior\ReadHtmlCacheBehavior [ RunTime:0.000000s ]
INFO: [ app_begin ] --END-- [ RunTime:0.001000s ]

[ 2019-12-08T18:29:52+08:00 ] 127.0.0.1 /Home/Login/register.html
INFO: [ app_begin ] --START--
INFO: Run Behavior\ReadHtmlCacheBehavior [ RunTime:0.000000s ]
INFO: [ app_begin ] --END-- [ RunTime:0.001000s ]
SQL: SHOW COLUMNS FROM `one_member` [ RunTime:0.0220s ]
SQL: SELECT * FROM `one_member` WHERE `username` = '腾讯1号' LIMIT 1   [ RunTime:0.0000s ]
SQL: SHOW COLUMNS FROM `one_member` [ RunTime:0.0030s ]
SQL: INSERT INTO `one_member` (`username`,`password`,`mobile`,`add_time`) VALUES ('腾讯1号','202cb962ac59075b964b07152d234b70','15236430715','1575800992') [ RunTime:0.0320s ]
INFO: [ app_end ] --START--
INFO: Run Behavior\ShowPageTraceBehavior [ RunTime:0.001000s ]
INFO: [ app_end ] --END-- [ RunTime:0.001000s ]

[ 2019-12-08T18:33:27+08:00 ] 127.0.0.1 /Home/Login/remoteMobile.html
INFO: [ app_begin ] --START--
INFO: Run Behavior\ReadHtmlCacheBehavior [ RunTime:0.000000s ]
INFO: [ app_begin ] --END-- [ RunTime:0.000000s ]
SQL: SHOW COLUMNS FROM `one_member` [ RunTime:0.0030s ]
SQL: SELECT * FROM `one_member` WHERE ( mobile=15236430715 ) LIMIT 1   [ RunTime:0.0000s ]

[ 2019-12-08T18:33:28+08:00 ] 127.0.0.1 /Home/Login/mobile.html
INFO: [ app_begin ] --START--
INFO: Run Behavior\ReadHtmlCacheBehavior [ RunTime:0.001000s ]
INFO: [ app_begin ] --END-- [ RunTime:0.001000s ]
INFO: [ app_end ] --START--
INFO: Run Behavior\ShowPageTraceBehavior [ RunTime:0.001000s ]
INFO: [ app_end ] --END-- [ RunTime:0.001000s ]

[ 2019-12-08T18:33:40+08:00 ] 127.0.0.1 /Home/Login/remoteMobileCode.html
INFO: [ app_begin ] --START--
INFO: Run Behavior\ReadHtmlCacheBehavior [ RunTime:0.001000s ]
INFO: [ app_begin ] --END-- [ RunTime:0.001000s ]

[ 2019-12-08T18:33:41+08:00 ] 127.0.0.1 /Home/Login/register.html
INFO: [ app_begin ] --START--
INFO: Run Behavior\ReadHtmlCacheBehavior [ RunTime:0.001000s ]
INFO: [ app_begin ] --END-- [ RunTime:0.001000s ]
SQL: SHOW COLUMNS FROM `one_member` [ RunTime:0.0030s ]
SQL: SELECT * FROM `one_member` WHERE `username` = '腾讯2号' LIMIT 1   [ RunTime:0.0010s ]
SQL: SHOW COLUMNS FROM `one_member` [ RunTime:0.0020s ]
SQL: INSERT INTO `one_member` (`username`,`password`,`mobile`,`add_time`) VALUES ('腾讯2号','4297f44b13955235245b2497399d7a93','15236430715','1575801221') [ RunTime:0.0330s ]

[ 2019-12-08T18:38:16+08:00 ] 127.0.0.1 /Home/Login/remoteMobile.html
INFO: [ app_begin ] --START--
INFO: Run Behavior\ReadHtmlCacheBehavior [ RunTime:0.000000s ]
INFO: [ app_begin ] --END-- [ RunTime:0.001000s ]
SQL: SHOW COLUMNS FROM `one_member` [ RunTime:0.0020s ]
SQL: SELECT * FROM `one_member` WHERE ( mobile=15236430715 ) LIMIT 1   [ RunTime:0.0000s ]

[ 2019-12-08T18:38:42+08:00 ] 127.0.0.1 /Home/Login/remoteMobile.html
INFO: [ app_begin ] --START--
INFO: Run Behavior\ReadHtmlCacheBehavior [ RunTime:0.000000s ]
INFO: [ app_begin ] --END-- [ RunTime:0.001000s ]
SQL: SHOW COLUMNS FROM `one_member` [ RunTime:0.0020s ]
SQL: SELECT * FROM `one_member` WHERE ( mobile=15236430713 ) LIMIT 1   [ RunTime:0.0010s ]

[ 2019-12-08T18:38:46+08:00 ] 127.0.0.1 /Home/Login/remoteMobile.html
INFO: [ app_begin ] --START--
INFO: Run Behavior\ReadHtmlCacheBehavior [ RunTime:0.001000s ]
INFO: [ app_begin ] --END-- [ RunTime:0.001000s ]
SQL: SHOW COLUMNS FROM `one_member` [ RunTime:0.0030s ]
SQL: SELECT * FROM `one_member` WHERE ( mobile=15236430711 ) LIMIT 1   [ RunTime:0.0000s ]

[ 2019-12-08T18:38:47+08:00 ] 127.0.0.1 /Home/Login/remoteMobile.html
INFO: [ app_begin ] --START--
INFO: Run Behavior\ReadHtmlCacheBehavior [ RunTime:0.000000s ]
INFO: [ app_begin ] --END-- [ RunTime:0.000000s ]
SQL: SHOW COLUMNS FROM `one_member` [ RunTime:0.0020s ]
SQL: SELECT * FROM `one_member` WHERE ( mobile=15236430712 ) LIMIT 1   [ RunTime:0.0010s ]

[ 2019-12-08T18:38:59+08:00 ] 127.0.0.1 /Home/Login/remoteMobile.html
INFO: [ app_begin ] --START--
INFO: Run Behavior\ReadHtmlCacheBehavior [ RunTime:0.000000s ]
INFO: [ app_begin ] --END-- [ RunTime:0.001000s ]
SQL: SHOW COLUMNS FROM `one_member` [ RunTime:0.0030s ]
SQL: SELECT * FROM `one_member` WHERE ( mobile=15236430715 ) LIMIT 1   [ RunTime:0.0000s ]

[ 2019-12-08T18:39:51+08:00 ] 127.0.0.1 /Home/Login/remoteMobile.html
INFO: [ app_begin ] --START--
INFO: Run Behavior\ReadHtmlCacheBehavior [ RunTime:0.001000s ]
INFO: [ app_begin ] --END-- [ RunTime:0.001000s ]
SQL: SHOW COLUMNS FROM `one_member` [ RunTime:0.0020s ]
SQL: SELECT * FROM `one_member` WHERE ( mobile=15236430715 ) LIMIT 1   [ RunTime:0.0000s ]

[ 2019-12-08T18:40:48+08:00 ] 127.0.0.1 /Home/Login/remoteMobile.html
INFO: [ app_begin ] --START--
INFO: Run Behavior\ReadHtmlCacheBehavior [ RunTime:0.000000s ]
INFO: [ app_begin ] --END-- [ RunTime:0.000000s ]
SQL: SHOW COLUMNS FROM `one_member` [ RunTime:0.0020s ]
SQL: SELECT * FROM `one_member` WHERE ( mobile=15236430715 ) LIMIT 1   [ RunTime:0.0020s ]

[ 2019-12-08T18:41:13+08:00 ] 127.0.0.1 /Home/Login/remoteMobile.html
INFO: [ app_begin ] --START--
INFO: Run Behavior\ReadHtmlCacheBehavior [ RunTime:0.000000s ]
INFO: [ app_begin ] --END-- [ RunTime:0.000000s ]
SQL: SHOW COLUMNS FROM `one_member` [ RunTime:0.0020s ]
SQL: SELECT * FROM `one_member` WHERE ( mobile=15236430715 ) LIMIT 1   [ RunTime:0.0000s ]

[ 2019-12-08T18:42:13+08:00 ] 127.0.0.1 /Home/Login/remoteMobile.html
INFO: [ app_begin ] --START--
INFO: Run Behavior\ReadHtmlCacheBehavior [ RunTime:0.001000s ]
INFO: [ app_begin ] --END-- [ RunTime:0.001000s ]
SQL: SHOW COLUMNS FROM `one_member` [ RunTime:0.0030s ]
SQL: SELECT * FROM `one_member` WHERE ( mobile=15236430715 ) LIMIT 1   [ RunTime:0.0000s ]

[ 2019-12-08T18:42:15+08:00 ] 127.0.0.1 /Home/Login/mobile.html
INFO: [ app_begin ] --START--
INFO: Run Behavior\ReadHtmlCacheBehavior [ RunTime:0.001000s ]
INFO: [ app_begin ] --END-- [ RunTime:0.001000s ]
INFO: [ app_end ] --START--
INFO: Run Behavior\ShowPageTraceBehavior [ RunTime:0.001000s ]
INFO: [ app_end ] --END-- [ RunTime:0.001000s ]

[ 2019-12-08T18:44:33+08:00 ] 127.0.0.1 /Home/Login/remoteMobile.html
INFO: [ app_begin ] --START--
INFO: Run Behavior\ReadHtmlCacheBehavior [ RunTime:0.001000s ]
INFO: [ app_begin ] --END-- [ RunTime:0.001000s ]
SQL: SHOW COLUMNS FROM `one_member` [ RunTime:0.0240s ]
SQL: SELECT * FROM `one_member` WHERE ( mobile=15236430715 ) LIMIT 1   [ RunTime:0.0010s ]

[ 2019-12-08T18:44:34+08:00 ] 127.0.0.1 /Home/Login/mobile.html
INFO: [ app_begin ] --START--
INFO: Run Behavior\ReadHtmlCacheBehavior [ RunTime:0.000000s ]
INFO: [ app_begin ] --END-- [ RunTime:0.001001s ]
INFO: [ app_end ] --START--
INFO: Run Behavior\ShowPageTraceBehavior [ RunTime:0.000000s ]
INFO: [ app_end ] --END-- [ RunTime:0.000000s ]

[ 2019-12-08T18:44:45+08:00 ] 127.0.0.1 /Home/Login/remoteMobileCode.html
INFO: [ app_begin ] --START--
INFO: Run Behavior\ReadHtmlCacheBehavior [ RunTime:0.000000s ]
INFO: [ app_begin ] --END-- [ RunTime:0.000000s ]

[ 2019-12-08T18:44:45+08:00 ] 127.0.0.1 /Home/Login/register.html
INFO: [ app_begin ] --START--
INFO: Run Behavior\ReadHtmlCacheBehavior [ RunTime:0.000000s ]
INFO: [ app_begin ] --END-- [ RunTime:0.001000s ]
SQL: SHOW COLUMNS FROM `one_member` [ RunTime:0.0030s ]
SQL: SELECT * FROM `one_member` WHERE `username` = '111' LIMIT 1   [ RunTime:0.0010s ]
SQL: SHOW COLUMNS FROM `one_member` [ RunTime:0.0020s ]
SQL: INSERT INTO `one_member` (`username`,`password`,`mobile`,`add_time`) VALUES ('111','202cb962ac59075b964b07152d234b70','15236430715','1575801885') [ RunTime:0.0360s ]

[ 2019-12-08T18:48:07+08:00 ] 127.0.0.1 /Home/Login/register.html
INFO: [ app_begin ] --START--
INFO: Run Behavior\ReadHtmlCacheBehavior [ RunTime:0.001001s ]
INFO: [ app_begin ] --END-- [ RunTime:0.001001s ]
SQL: SHOW COLUMNS FROM `one_member` [ RunTime:0.0020s ]
SQL: SELECT * FROM `one_member` WHERE `username` = '111' LIMIT 1   [ RunTime:0.0010s ]

[ 2019-12-08T18:48:10+08:00 ] 127.0.0.1 /Home/Login/register.html
INFO: [ app_begin ] --START--
INFO: Run Behavior\ReadHtmlCacheBehavior [ RunTime:0.001000s ]
INFO: [ app_begin ] --END-- [ RunTime:0.001000s ]
SQL: SHOW COLUMNS FROM `one_member` [ RunTime:0.0020s ]
SQL: SELECT * FROM `one_member` WHERE `username` = '1111' LIMIT 1   [ RunTime:0.0010s ]

[ 2019-12-08T18:48:15+08:00 ] 127.0.0.1 /Home/Login/remoteMobileCode.html
INFO: [ app_begin ] --START--
INFO: Run Behavior\ReadHtmlCacheBehavior [ RunTime:0.000000s ]
INFO: [ app_begin ] --END-- [ RunTime:0.000000s ]

[ 2019-12-08T18:48:17+08:00 ] 127.0.0.1 /Home/Login/mobile.html
INFO: [ app_begin ] --START--
INFO: Run Behavior\ReadHtmlCacheBehavior [ RunTime:0.000000s ]
INFO: [ app_begin ] --END-- [ RunTime:0.001000s ]
INFO: [ app_end ] --START--
INFO: Run Behavior\ShowPageTraceBehavior [ RunTime:0.001000s ]
INFO: [ app_end ] --END-- [ RunTime:0.001000s ]

[ 2019-12-08T18:48:17+08:00 ] 127.0.0.1 /Home/Login/remoteMobileCode.html
INFO: [ app_begin ] --START--
INFO: Run Behavior\ReadHtmlCacheBehavior [ RunTime:0.000000s ]
INFO: [ app_begin ] --END-- [ RunTime:0.000000s ]

[ 2019-12-08T18:48:18+08:00 ] 127.0.0.1 /Home/Login/remoteMobileCode.html
INFO: [ app_begin ] --START--
INFO: Run Behavior\ReadHtmlCacheBehavior [ RunTime:0.000000s ]
INFO: [ app_begin ] --END-- [ RunTime:0.001001s ]

[ 2019-12-08T18:48:22+08:00 ] 127.0.0.1 /Home/Login/remoteMobileCode.html
INFO: [ app_begin ] --START--
INFO: Run Behavior\ReadHtmlCacheBehavior [ RunTime:0.000000s ]
INFO: [ app_begin ] --END-- [ RunTime:0.000000s ]

[ 2019-12-08T18:48:22+08:00 ] 127.0.0.1 /Home/Login/remoteMobileCode.html
INFO: [ app_begin ] --START--
INFO: Run Behavior\ReadHtmlCacheBehavior [ RunTime:0.001000s ]
INFO: [ app_begin ] --END-- [ RunTime:0.001000s ]

[ 2019-12-08T18:48:22+08:00 ] 127.0.0.1 /Home/Login/remoteMobileCode.html
INFO: [ app_begin ] --START--
INFO: Run Behavior\ReadHtmlCacheBehavior [ RunTime:0.000000s ]
INFO: [ app_begin ] --END-- [ RunTime:0.001000s ]

[ 2019-12-08T18:48:23+08:00 ] 127.0.0.1 /Home/Login/remoteMobileCode.html
INFO: [ app_begin ] --START--
INFO: Run Behavior\ReadHtmlCacheBehavior [ RunTime:0.001000s ]
INFO: [ app_begin ] --END-- [ RunTime:0.001000s ]

[ 2019-12-08T18:48:24+08:00 ] 127.0.0.1 /Home/Login/register.html
INFO: [ app_begin ] --START--
INFO: Run Behavior\ReadHtmlCacheBehavior [ RunTime:0.000000s ]
INFO: [ app_begin ] --END-- [ RunTime:0.001000s ]
SQL: SHOW COLUMNS FROM `one_member` [ RunTime:0.0020s ]
SQL: SELECT * FROM `one_member` WHERE `username` = '1111' LIMIT 1   [ RunTime:0.0000s ]
SQL: SHOW COLUMNS FROM `one_member` [ RunTime:0.0010s ]
SQL: INSERT INTO `one_member` (`username`,`password`,`mobile`,`add_time`) VALUES ('1111','202cb962ac59075b964b07152d234b70','15236430715','1575802104') [ RunTime:0.0280s ]

[ 2019-12-08T18:51:28+08:00 ] 127.0.0.1 /Home/Login/remoteMobile.html
INFO: [ app_begin ] --START--
INFO: Run Behavior\ReadHtmlCacheBehavior [ RunTime:0.001000s ]
INFO: [ app_begin ] --END-- [ RunTime:0.001000s ]
SQL: SHOW COLUMNS FROM `one_member` [ RunTime:0.0020s ]
SQL: SELECT * FROM `one_member` WHERE ( mobile=15236430715 ) LIMIT 1   [ RunTime:0.0010s ]

[ 2019-12-08T18:51:29+08:00 ] 127.0.0.1 /Home/Login/mobile.html
INFO: [ app_begin ] --START--
INFO: Run Behavior\ReadHtmlCacheBehavior [ RunTime:0.001000s ]
INFO: [ app_begin ] --END-- [ RunTime:0.001000s ]
INFO: [ app_end ] --START--
INFO: Run Behavior\ShowPageTraceBehavior [ RunTime:0.001000s ]
INFO: [ app_end ] --END-- [ RunTime:0.001000s ]

[ 2019-12-08T18:51:35+08:00 ] 127.0.0.1 /Home/Login/remoteMobileCode.html
INFO: [ app_begin ] --START--
INFO: Run Behavior\ReadHtmlCacheBehavior [ RunTime:0.001001s ]
INFO: [ app_begin ] --END-- [ RunTime:0.002001s ]

[ 2019-12-08T18:51:35+08:00 ] 127.0.0.1 /Home/Login/register.html
INFO: [ app_begin ] --START--
INFO: Run Behavior\ReadHtmlCacheBehavior [ RunTime:0.000000s ]
INFO: [ app_begin ] --END-- [ RunTime:0.000000s ]
SQL: SHOW COLUMNS FROM `one_member` [ RunTime:0.0030s ]
SQL: SELECT * FROM `one_member` WHERE `username` = '1111' LIMIT 1   [ RunTime:0.0000s ]

[ 2019-12-08T18:52:47+08:00 ] 127.0.0.1 /Home/Login/register.html
INFO: [ app_begin ] --START--
INFO: Run Behavior\ReadHtmlCacheBehavior [ RunTime:0.000000s ]
INFO: [ app_begin ] --END-- [ RunTime:0.001000s ]
SQL: SHOW COLUMNS FROM `one_member` [ RunTime:0.0030s ]
SQL: SELECT * FROM `one_member` WHERE `username` = '11111' LIMIT 1   [ RunTime:0.0000s ]
SQL: SHOW COLUMNS FROM `one_member` [ RunTime:0.0020s ]
SQL: INSERT INTO `one_member` (`username`,`password`,`mobile`,`add_time`) VALUES ('11111','202cb962ac59075b964b07152d234b70','15236430715','1575802367') [ RunTime:0.0380s ]

[ 2019-12-08T18:53:09+08:00 ] 127.0.0.1 /Home/Login/remoteMobile.html
INFO: [ app_begin ] --START--
INFO: Run Behavior\ReadHtmlCacheBehavior [ RunTime:0.000000s ]
INFO: [ app_begin ] --END-- [ RunTime:0.000000s ]
SQL: SHOW COLUMNS FROM `one_member` [ RunTime:0.0020s ]
SQL: SELECT * FROM `one_member` WHERE ( mobile=15236430712 ) LIMIT 1   [ RunTime:0.0000s ]

[ 2019-12-08T18:53:11+08:00 ] 127.0.0.1 /Home/Login/remoteMobile.html
INFO: [ app_begin ] --START--
INFO: Run Behavior\ReadHtmlCacheBehavior [ RunTime:0.000000s ]
INFO: [ app_begin ] --END-- [ RunTime:0.000000s ]
SQL: SHOW COLUMNS FROM `one_member` [ RunTime:0.0030s ]
SQL: SELECT * FROM `one_member` WHERE ( mobile=15236430715 ) LIMIT 1   [ RunTime:0.0000s ]

[ 2019-12-08T18:53:12+08:00 ] 127.0.0.1 /Home/Login/register.html
INFO: [ app_begin ] --START--
INFO: Run Behavior\ReadHtmlCacheBehavior [ RunTime:0.000000s ]
INFO: [ app_begin ] --END-- [ RunTime:0.001000s ]
SQL: SHOW COLUMNS FROM `one_member` [ RunTime:0.0020s ]
SQL: SELECT * FROM `one_member` WHERE `username` = '11111' LIMIT 1   [ RunTime:0.0010s ]

