[ 2019-11-21T14:44:11+08:00 ] 127.0.0.1 /Home/Block/addCart/id/%2Bid%2B.html
INFO: [ app_begin ] --START--
INFO: Run Behavior\ReadHtmlCacheBehavior [ RunTime:0.000000s ]
INFO: [ app_begin ] --END-- [ RunTime:0.000000s ]

[ 2019-11-21T14:44:11+08:00 ] 127.0.0.1 /Home/Login/login.html
INFO: [ app_begin ] --START--
INFO: Run Behavior\ReadHtmlCacheBehavior [ RunTime:0.000000s ]
INFO: [ app_begin ] --END-- [ RunTime:0.001000s ]
INFO: [ view_parse ] --START--
INFO: [ template_filter ] --START--
INFO: Run Behavior\ContentReplaceBehavior [ RunTime:0.000000s ]
INFO: [ template_filter ] --END-- [ RunTime:0.000000s ]
INFO: Run Behavior\ParseTemplateBehavior [ RunTime:0.004000s ]
INFO: [ view_parse ] --END-- [ RunTime:0.004000s ]
INFO: [ view_filter ] --START--
INFO: Run Behavior\WriteHtmlCacheBehavior [ RunTime:0.000000s ]
INFO: [ view_filter ] --END-- [ RunTime:0.000000s ]
INFO: [ app_end ] --START--
INFO: Run Behavior\ShowPageTraceBehavior [ RunTime:0.001000s ]
INFO: [ app_end ] --END-- [ RunTime:0.001000s ]

[ 2019-11-21T14:44:19+08:00 ] 127.0.0.1 /Home/Block/addCart/id/%2Bid%2B.html
INFO: [ app_begin ] --START--
INFO: Run Behavior\ReadHtmlCacheBehavior [ RunTime:0.000000s ]
INFO: [ app_begin ] --END-- [ RunTime:0.000000s ]

[ 2019-11-21T14:44:20+08:00 ] 127.0.0.1 /Home/Login/login.html
INFO: [ app_begin ] --START--
INFO: Run Behavior\ReadHtmlCacheBehavior [ RunTime:0.000000s ]
INFO: [ app_begin ] --END-- [ RunTime:0.001000s ]
INFO: [ view_parse ] --START--
INFO: [ template_filter ] --START--
INFO: Run Behavior\ContentReplaceBehavior [ RunTime:0.000000s ]
INFO: [ template_filter ] --END-- [ RunTime:0.000000s ]
INFO: Run Behavior\ParseTemplateBehavior [ RunTime:0.004001s ]
INFO: [ view_parse ] --END-- [ RunTime:0.004001s ]
INFO: [ view_filter ] --START--
INFO: Run Behavior\WriteHtmlCacheBehavior [ RunTime:0.000000s ]
INFO: [ view_filter ] --END-- [ RunTime:0.000000s ]
INFO: [ app_end ] --START--
INFO: Run Behavior\ShowPageTraceBehavior [ RunTime:0.000000s ]
INFO: [ app_end ] --END-- [ RunTime:0.000000s ]

[ 2019-11-21T14:44:30+08:00 ] 127.0.0.1 /Home/Login/login.html
INFO: [ app_begin ] --START--
INFO: Run Behavior\ReadHtmlCacheBehavior [ RunTime:0.000000s ]
INFO: [ app_begin ] --END-- [ RunTime:0.001000s ]
SQL: SHOW COLUMNS FROM `one_member` [ RunTime:0.0610s ]
SQL: SELECT `id`,`username`,`avatar`,`grade`,`avatar_dir` FROM `one_member` WHERE (  `username` = 'cpcp' OR `mobile` = 'cpcp' ) AND `password` = '202cb962ac59075b964b07152d234b70' LIMIT 1   [ RunTime:0.0000s ]
SQL: SELECT * FROM `one_member` WHERE `active` = 2 AND `id` = '10' LIMIT 1   [ RunTime:0.0000s ]

[ 2019-11-21T14:46:27+08:00 ] 127.0.0.1 /Home/Block/addCart/id/%2Bid%2B.html
INFO: [ app_begin ] --START--
INFO: Run Behavior\ReadHtmlCacheBehavior [ RunTime:0.001000s ]
INFO: [ app_begin ] --END-- [ RunTime:0.001000s ]

[ 2019-11-21T14:46:36+08:00 ] 127.0.0.1 /Home/Login/login.html
INFO: [ app_begin ] --START--
INFO: Run Behavior\ReadHtmlCacheBehavior [ RunTime:0.000000s ]
INFO: [ app_begin ] --END-- [ RunTime:0.001000s ]
SQL: SHOW COLUMNS FROM `one_member` [ RunTime:0.0020s ]
SQL: SELECT `id`,`username`,`avatar`,`grade`,`avatar_dir` FROM `one_member` WHERE (  `username` = 'cpcp' OR `mobile` = 'cpcp' ) AND `password` = '202cb962ac59075b964b07152d234b70' LIMIT 1   [ RunTime:0.0010s ]
SQL: SELECT * FROM `one_member` WHERE `active` = 2 AND `id` = '10' LIMIT 1   [ RunTime:0.0000s ]

[ 2019-11-21T14:46:55+08:00 ] 127.0.0.1 /Home/Login/login.html
INFO: [ app_begin ] --START--
INFO: Run Behavior\ReadHtmlCacheBehavior [ RunTime:0.001000s ]
INFO: [ app_begin ] --END-- [ RunTime:0.001000s ]
SQL: SHOW COLUMNS FROM `one_member` [ RunTime:0.0020s ]
SQL: SELECT `id`,`username`,`avatar`,`grade`,`avatar_dir` FROM `one_member` WHERE (  `username` = 'cpcp' OR `mobile` = 'cpcp' ) AND `password` = '202cb962ac59075b964b07152d234b70' LIMIT 1   [ RunTime:0.0010s ]
SQL: SELECT * FROM `one_member` WHERE `active` = 2 AND `id` = '10' LIMIT 1   [ RunTime:0.0010s ]

[ 2019-11-21T14:47:14+08:00 ] 127.0.0.1 /Home/Login/login.html
INFO: [ app_begin ] --START--
INFO: Run Behavior\ReadHtmlCacheBehavior [ RunTime:0.001000s ]
INFO: [ app_begin ] --END-- [ RunTime:0.001000s ]
SQL: SHOW COLUMNS FROM `one_member` [ RunTime:0.0020s ]
SQL: SELECT `id`,`username`,`avatar`,`grade`,`avatar_dir` FROM `one_member` WHERE (  `username` = 'cpcp' OR `mobile` = 'cpcp' ) AND `password` = '202cb962ac59075b964b07152d234b70' LIMIT 1   [ RunTime:0.0010s ]
SQL: SELECT * FROM `one_member` WHERE `active` = 2 AND `id` = '10' LIMIT 1   [ RunTime:0.0000s ]

[ 2019-11-21T14:47:59+08:00 ] 127.0.0.1 /Home/Login/login.html
INFO: [ app_begin ] --START--
INFO: Run Behavior\ReadHtmlCacheBehavior [ RunTime:0.001000s ]
INFO: [ app_begin ] --END-- [ RunTime:0.001000s ]
SQL: SHOW COLUMNS FROM `one_member` [ RunTime:0.0030s ]
SQL: SELECT `id`,`username`,`avatar`,`grade`,`avatar_dir` FROM `one_member` WHERE (  `username` = 'cpcp' OR `mobile` = 'cpcp' ) AND `password` = '202cb962ac59075b964b07152d234b70' LIMIT 1   [ RunTime:0.0010s ]
SQL: SELECT * FROM `one_member` WHERE `active` = 2 AND `id` = '10' LIMIT 1   [ RunTime:0.0010s ]

[ 2019-11-21T14:48:14+08:00 ] 127.0.0.1 /Home/Login/login.html
INFO: [ app_begin ] --START--
INFO: Run Behavior\ReadHtmlCacheBehavior [ RunTime:0.000000s ]
INFO: [ app_begin ] --END-- [ RunTime:0.000000s ]
SQL: SHOW COLUMNS FROM `one_member` [ RunTime:0.0030s ]
SQL: SELECT `id`,`username`,`avatar`,`grade`,`avatar_dir` FROM `one_member` WHERE (  `username` = 'cpcp' OR `mobile` = 'cpcp' ) AND `password` = '202cb962ac59075b964b07152d234b70' LIMIT 1   [ RunTime:0.0000s ]
SQL: SELECT * FROM `one_member` WHERE `active` = 2 AND `id` = '10' LIMIT 1   [ RunTime:0.0010s ]

[ 2019-11-21T14:48:52+08:00 ] 127.0.0.1 /Home/Login/login.html
INFO: [ app_begin ] --START--
INFO: Run Behavior\ReadHtmlCacheBehavior [ RunTime:0.000000s ]
INFO: [ app_begin ] --END-- [ RunTime:0.001000s ]
SQL: SHOW COLUMNS FROM `one_member` [ RunTime:0.0030s ]
SQL: SELECT `id`,`username`,`avatar`,`grade`,`avatar_dir` FROM `one_member` WHERE (  `username` = 'cpcp' OR `mobile` = 'cpcp' ) AND `password` = '202cb962ac59075b964b07152d234b70' LIMIT 1   [ RunTime:0.0010s ]
SQL: SELECT * FROM `one_member` WHERE `active` = 2 AND `id` = '10' LIMIT 1   [ RunTime:0.0000s ]

[ 2019-11-21T14:49:17+08:00 ] 127.0.0.1 /Home/Block/addCart/id/%2Bid%2B.html
INFO: [ app_begin ] --START--
INFO: Run Behavior\ReadHtmlCacheBehavior [ RunTime:0.000000s ]
INFO: [ app_begin ] --END-- [ RunTime:0.000000s ]

[ 2019-11-21T14:50:12+08:00 ] 127.0.0.1 /Home/Block/addCart/id/%2Bid%2B.html
INFO: [ app_begin ] --START--
INFO: Run Behavior\ReadHtmlCacheBehavior [ RunTime:0.001000s ]
INFO: [ app_begin ] --END-- [ RunTime:0.001000s ]

[ 2019-11-21T14:50:12+08:00 ] 127.0.0.1 /Home/Login/login.html
INFO: [ app_begin ] --START--
INFO: Run Behavior\ReadHtmlCacheBehavior [ RunTime:0.001000s ]
INFO: [ app_begin ] --END-- [ RunTime:0.001000s ]
INFO: [ view_parse ] --START--
INFO: [ template_filter ] --START--
INFO: Run Behavior\ContentReplaceBehavior [ RunTime:0.000000s ]
INFO: [ template_filter ] --END-- [ RunTime:0.000000s ]
INFO: Run Behavior\ParseTemplateBehavior [ RunTime:0.006001s ]
INFO: [ view_parse ] --END-- [ RunTime:0.006001s ]
INFO: [ view_filter ] --START--
INFO: Run Behavior\WriteHtmlCacheBehavior [ RunTime:0.000000s ]
INFO: [ view_filter ] --END-- [ RunTime:0.001000s ]
INFO: [ app_end ] --START--
INFO: Run Behavior\ShowPageTraceBehavior [ RunTime:0.000000s ]
INFO: [ app_end ] --END-- [ RunTime:0.000000s ]

[ 2019-11-21T14:50:19+08:00 ] 127.0.0.1 /Home/Login/login.html
INFO: [ app_begin ] --START--
INFO: Run Behavior\ReadHtmlCacheBehavior [ RunTime:0.001000s ]
INFO: [ app_begin ] --END-- [ RunTime:0.001000s ]
SQL: SHOW COLUMNS FROM `one_member` [ RunTime:0.0040s ]
SQL: SELECT `id`,`username`,`avatar`,`grade`,`avatar_dir` FROM `one_member` WHERE (  `username` = 'cpcp' OR `mobile` = 'cpcp' ) AND `password` = '202cb962ac59075b964b07152d234b70' LIMIT 1   [ RunTime:0.0000s ]
SQL: SELECT * FROM `one_member` WHERE `active` = 2 AND `id` = '10' LIMIT 1   [ RunTime:0.0010s ]

[ 2019-11-21T14:53:15+08:00 ] 127.0.0.1 /Home/Block/addCart/id/%2Bid%2B.html
INFO: [ app_begin ] --START--
INFO: Run Behavior\ReadHtmlCacheBehavior [ RunTime:0.001000s ]
INFO: [ app_begin ] --END-- [ RunTime:0.001000s ]

[ 2019-11-21T14:53:16+08:00 ] 127.0.0.1 /Home/Login/login.html
INFO: [ app_begin ] --START--
INFO: Run Behavior\ReadHtmlCacheBehavior [ RunTime:0.000000s ]
INFO: [ app_begin ] --END-- [ RunTime:0.000000s ]
INFO: [ view_parse ] --START--
INFO: [ template_filter ] --START--
INFO: Run Behavior\ContentReplaceBehavior [ RunTime:0.000000s ]
INFO: [ template_filter ] --END-- [ RunTime:0.000000s ]
INFO: Run Behavior\ParseTemplateBehavior [ RunTime:0.004000s ]
INFO: [ view_parse ] --END-- [ RunTime:0.004000s ]
INFO: [ view_filter ] --START--
INFO: Run Behavior\WriteHtmlCacheBehavior [ RunTime:0.000000s ]
INFO: [ view_filter ] --END-- [ RunTime:0.000000s ]
INFO: [ app_end ] --START--
INFO: Run Behavior\ShowPageTraceBehavior [ RunTime:0.001000s ]
INFO: [ app_end ] --END-- [ RunTime:0.001000s ]

[ 2019-11-21T14:53:25+08:00 ] 127.0.0.1 /Home/Login/login.html
INFO: [ app_begin ] --START--
INFO: Run Behavior\ReadHtmlCacheBehavior [ RunTime:0.001000s ]
INFO: [ app_begin ] --END-- [ RunTime:0.001000s ]
SQL: SHOW COLUMNS FROM `one_member` [ RunTime:0.0020s ]
SQL: SELECT `id`,`username`,`avatar`,`grade`,`avatar_dir` FROM `one_member` WHERE (  `username` = 'cpcp' OR `mobile` = 'cpcp' ) AND `password` = '202cb962ac59075b964b07152d234b70' LIMIT 1   [ RunTime:0.0010s ]
SQL: SELECT * FROM `one_member` WHERE `active` = 2 AND `id` = '10' LIMIT 1   [ RunTime:0.0000s ]

[ 2019-11-21T14:53:31+08:00 ] 127.0.0.1 /Home/Block/addCart/id/%2Bid%2B.html
INFO: [ app_begin ] --START--
INFO: Run Behavior\ReadHtmlCacheBehavior [ RunTime:0.000000s ]
INFO: [ app_begin ] --END-- [ RunTime:0.000000s ]

[ 2019-11-21T14:53:32+08:00 ] 127.0.0.1 /Home/Login/login.html
INFO: [ app_begin ] --START--
INFO: Run Behavior\ReadHtmlCacheBehavior [ RunTime:0.001000s ]
INFO: [ app_begin ] --END-- [ RunTime:0.001000s ]
INFO: [ view_parse ] --START--
INFO: [ template_filter ] --START--
INFO: Run Behavior\ContentReplaceBehavior [ RunTime:0.000000s ]
INFO: [ template_filter ] --END-- [ RunTime:0.001000s ]
INFO: Run Behavior\ParseTemplateBehavior [ RunTime:0.006000s ]
INFO: [ view_parse ] --END-- [ RunTime:0.006000s ]
INFO: [ view_filter ] --START--
INFO: Run Behavior\WriteHtmlCacheBehavior [ RunTime:0.000000s ]
INFO: [ view_filter ] --END-- [ RunTime:0.000000s ]
INFO: [ app_end ] --START--
INFO: Run Behavior\ShowPageTraceBehavior [ RunTime:0.000000s ]
INFO: [ app_end ] --END-- [ RunTime:0.001001s ]

[ 2019-11-21T14:54:08+08:00 ] 127.0.0.1 /Home/Login/login.html
INFO: [ app_begin ] --START--
INFO: Run Behavior\ReadHtmlCacheBehavior [ RunTime:0.000000s ]
INFO: [ app_begin ] --END-- [ RunTime:0.001000s ]
SQL: SHOW COLUMNS FROM `one_member` [ RunTime:0.0030s ]
SQL: SELECT `id`,`username`,`avatar`,`grade`,`avatar_dir` FROM `one_member` WHERE (  `username` = 'cpcp' OR `mobile` = 'cpcp' ) AND `password` = '202cb962ac59075b964b07152d234b70' LIMIT 1   [ RunTime:0.0000s ]
SQL: SELECT * FROM `one_member` WHERE `active` = 2 AND `id` = '10' LIMIT 1   [ RunTime:0.0010s ]

[ 2019-11-21T14:55:14+08:00 ] 127.0.0.1 /Home/Block/addCart/id/%2Bid%2B.html
INFO: [ app_begin ] --START--
INFO: Run Behavior\ReadHtmlCacheBehavior [ RunTime:0.000000s ]
INFO: [ app_begin ] --END-- [ RunTime:0.001000s ]

[ 2019-11-21T14:55:20+08:00 ] 127.0.0.1 /Home/Login/login.html
INFO: [ app_begin ] --START--
INFO: Run Behavior\ReadHtmlCacheBehavior [ RunTime:0.000000s ]
INFO: [ app_begin ] --END-- [ RunTime:0.001000s ]
SQL: SHOW COLUMNS FROM `one_member` [ RunTime:0.0030s ]
SQL: SELECT `id`,`username`,`avatar`,`grade`,`avatar_dir` FROM `one_member` WHERE (  `username` = 'cpcp' OR `mobile` = 'cpcp' ) AND `password` = '202cb962ac59075b964b07152d234b70' LIMIT 1   [ RunTime:0.0000s ]
SQL: SELECT * FROM `one_member` WHERE `active` = 2 AND `id` = '10' LIMIT 1   [ RunTime:0.0010s ]

[ 2019-11-21T14:55:22+08:00 ] 127.0.0.1 /Home/Block/addCart/id/%2Bid%2B.html
INFO: [ app_begin ] --START--
INFO: Run Behavior\ReadHtmlCacheBehavior [ RunTime:0.000000s ]
INFO: [ app_begin ] --END-- [ RunTime:0.001000s ]

[ 2019-11-21T14:55:38+08:00 ] 127.0.0.1 /Home/Block/addCart/id/%2Bid%2B.html
INFO: [ app_begin ] --START--
INFO: Run Behavior\ReadHtmlCacheBehavior [ RunTime:0.001000s ]
INFO: [ app_begin ] --END-- [ RunTime:0.001000s ]

[ 2019-11-21T14:55:46+08:00 ] 127.0.0.1 /Home/Block/addCart/id/%2Bid%2B.html
INFO: [ app_begin ] --START--
INFO: Run Behavior\ReadHtmlCacheBehavior [ RunTime:0.000000s ]
INFO: [ app_begin ] --END-- [ RunTime:0.001000s ]

[ 2019-11-21T14:56:19+08:00 ] 127.0.0.1 /Home/Block/addCart/id/%2Bid%2B.html
INFO: [ app_begin ] --START--
INFO: Run Behavior\ReadHtmlCacheBehavior [ RunTime:0.000000s ]
INFO: [ app_begin ] --END-- [ RunTime:0.001000s ]

[ 2019-11-21T14:56:26+08:00 ] 127.0.0.1 /Home/Block/addCart/id/%2Bid%2B.html
INFO: [ app_begin ] --START--
INFO: Run Behavior\ReadHtmlCacheBehavior [ RunTime:0.000000s ]
INFO: [ app_begin ] --END-- [ RunTime:0.000000s ]

[ 2019-11-21T14:56:29+08:00 ] 127.0.0.1 /Home/Block/addCart/id/%2Bid%2B.html
INFO: [ app_begin ] --START--
INFO: Run Behavior\ReadHtmlCacheBehavior [ RunTime:0.000000s ]
INFO: [ app_begin ] --END-- [ RunTime:0.000000s ]

[ 2019-11-21T14:57:03+08:00 ] 127.0.0.1 /Home/Block/addCart/id/%2Bid%2B.html
INFO: [ app_begin ] --START--
INFO: Run Behavior\ReadHtmlCacheBehavior [ RunTime:0.000000s ]
INFO: [ app_begin ] --END-- [ RunTime:0.001000s ]

[ 2019-11-21T14:57:51+08:00 ] 127.0.0.1 /Home/Block/addCart/id/%2Bid%2B.html
INFO: [ app_begin ] --START--
INFO: Run Behavior\ReadHtmlCacheBehavior [ RunTime:0.000000s ]
INFO: [ app_begin ] --END-- [ RunTime:0.000000s ]

[ 2019-11-21T14:58:04+08:00 ] 127.0.0.1 /Home/Block/addCart/id/%2Bid%2B.html
INFO: [ app_begin ] --START--
INFO: Run Behavior\ReadHtmlCacheBehavior [ RunTime:0.001000s ]
INFO: [ app_begin ] --END-- [ RunTime:0.001000s ]

[ 2019-11-21T14:58:14+08:00 ] 127.0.0.1 /Home/Block/addCart/id/%2Bid%2B.html
INFO: [ app_begin ] --START--
INFO: Run Behavior\ReadHtmlCacheBehavior [ RunTime:0.001000s ]
INFO: [ app_begin ] --END-- [ RunTime:0.001000s ]

[ 2019-11-21T14:58:17+08:00 ] 127.0.0.1 /Home/Block/addCart/id/%2Bid%2B.html
INFO: [ app_begin ] --START--
INFO: Run Behavior\ReadHtmlCacheBehavior [ RunTime:0.000000s ]
INFO: [ app_begin ] --END-- [ RunTime:0.000000s ]

[ 2019-11-21T14:58:23+08:00 ] 127.0.0.1 /Home/Block/addCart/id/%2Bid%2B.html
INFO: [ app_begin ] --START--
INFO: Run Behavior\ReadHtmlCacheBehavior [ RunTime:0.001000s ]
INFO: [ app_begin ] --END-- [ RunTime:0.001000s ]

[ 2019-11-21T15:50:16+08:00 ] 127.0.0.1 /Home/Block/addCart/id/%2Bid%2B.html
INFO: [ app_begin ] --START--
INFO: Run Behavior\ReadHtmlCacheBehavior [ RunTime:0.001000s ]
INFO: [ app_begin ] --END-- [ RunTime:0.001000s ]
SQL: SHOW COLUMNS FROM `one_cart` [ RunTime:0.0030s ]
SQL: SELECT * FROM `one_cart` WHERE `mid` = '10' AND `uid` = ' id ' ORDER BY `add_time` LIMIT 1   [ RunTime:0.0010s ]
ERR: Class 'Home\Controller\Cart' not found

[ 2019-11-21T15:50:52+08:00 ] 127.0.0.1 /Home/Login/login.html
INFO: [ app_begin ] --START--
INFO: Run Behavior\ReadHtmlCacheBehavior [ RunTime:0.000000s ]
INFO: [ app_begin ] --END-- [ RunTime:0.000000s ]
SQL: SHOW COLUMNS FROM `one_member` [ RunTime:0.0030s ]
SQL: SELECT `id`,`username`,`avatar`,`grade`,`avatar_dir` FROM `one_member` WHERE (  `username` = 'cpcp' OR `mobile` = 'cpcp' ) AND `password` = '202cb962ac59075b964b07152d234b70' LIMIT 1   [ RunTime:0.0010s ]
SQL: SELECT * FROM `one_member` WHERE `active` = 2 AND `id` = '10' LIMIT 1   [ RunTime:0.0000s ]

[ 2019-11-21T15:52:52+08:00 ] 127.0.0.1 /Home/Index/menuDetail/id/buy.html
ERR: 1054:Unknown column 'buy' in 'where clause'
 [ SQL语句 ] : SELECT * FROM `one_menu` WHERE ( id=buy ) LIMIT 1  

[ 2019-11-21T15:52:55+08:00 ] 127.0.0.1 /Home/Index/menuDetail/id/83.html
ERR: syntax error, unexpected ';', expecting ',' or ')'

[ 2019-11-21T16:40:21+08:00 ] 127.0.0.1 /Home/Index/menuDetail/id/buy.html
ERR: 1054:Unknown column 'buy' in 'where clause'
 [ SQL语句 ] : SELECT * FROM `one_menu` WHERE ( id=buy ) LIMIT 1  

[ 2019-11-21T16:40:56+08:00 ] 127.0.0.1 /Home/Block/buy/uid/%2Bid%2B.html
ERR: 非法操作:buy

[ 2019-11-21T16:41:01+08:00 ] 127.0.0.1 /Home/Block/addCart/uid/%2Bid%2B.html
INFO: [ app_begin ] --START--
INFO: Run Behavior\ReadHtmlCacheBehavior [ RunTime:0.001000s ]
INFO: [ app_begin ] --END-- [ RunTime:0.001000s ]
SQL: SHOW COLUMNS FROM `one_cart` [ RunTime:0.0030s ]
SQL: SELECT * FROM `one_cart` WHERE `mid` = '10' AND `uid` = '' ORDER BY `add_time` LIMIT 1   [ RunTime:0.0010s ]
ERR: Think\Model:insert方法不存在！

[ 2019-11-21T16:41:14+08:00 ] 127.0.0.1 /Home/Block/addCart/uid/%2Bid%2B.html
INFO: [ app_begin ] --START--
INFO: Run Behavior\ReadHtmlCacheBehavior [ RunTime:0.000000s ]
INFO: [ app_begin ] --END-- [ RunTime:0.001000s ]
SQL: SHOW COLUMNS FROM `one_cart` [ RunTime:0.0020s ]
SQL: SELECT * FROM `one_cart` WHERE `mid` = '10' AND `uid` = '' ORDER BY `add_time` LIMIT 1   [ RunTime:0.0000s ]
SQL: INSERT INTO `one_cart` (`mid`,`uid`,`buynum`,`add_time`) VALUES ('10','0','1','1574325674') [ RunTime:0.0170s ]

[ 2019-11-21T16:45:00+08:00 ] 127.0.0.1 /Home/Index/menuDetail/id/83.html
ERR: syntax error, unexpected '{'

[ 2019-11-21T17:08:21+08:00 ] 127.0.0.1 /Home/Block/buy/uid/%2Bid%2B.html
ERR: 非法操作:buy

[ 2019-11-21T17:08:25+08:00 ] 127.0.0.1 /Home/Block/addCart/uid/83.html
INFO: [ app_begin ] --START--
INFO: Run Behavior\ReadHtmlCacheBehavior [ RunTime:0.000000s ]
INFO: [ app_begin ] --END-- [ RunTime:0.000000s ]
SQL: SHOW COLUMNS FROM `one_cart` [ RunTime:0.0030s ]
SQL: SELECT * FROM `one_cart` WHERE `mid` = '10' AND `uid` = '' ORDER BY `add_time` LIMIT 1   [ RunTime:0.0000s ]
SQL: UPDATE `one_cart` SET `buynum`=buynum+1 WHERE `mid` = '10' AND `uid` = '' [ RunTime:0.0230s ]

[ 2019-11-21T17:08:26+08:00 ] 127.0.0.1 /Home/Block/addCart/uid/83.html
INFO: [ app_begin ] --START--
INFO: Run Behavior\ReadHtmlCacheBehavior [ RunTime:0.000000s ]
INFO: [ app_begin ] --END-- [ RunTime:0.000000s ]
SQL: SHOW COLUMNS FROM `one_cart` [ RunTime:0.0030s ]
SQL: SELECT * FROM `one_cart` WHERE `mid` = '10' AND `uid` = '' ORDER BY `add_time` LIMIT 1   [ RunTime:0.0000s ]
SQL: UPDATE `one_cart` SET `buynum`=buynum+1 WHERE `mid` = '10' AND `uid` = '' [ RunTime:0.0890s ]

[ 2019-11-21T17:08:26+08:00 ] 127.0.0.1 /Home/Block/addCart/uid/83.html
INFO: [ app_begin ] --START--
INFO: Run Behavior\ReadHtmlCacheBehavior [ RunTime:0.001000s ]
INFO: [ app_begin ] --END-- [ RunTime:0.001000s ]
SQL: SHOW COLUMNS FROM `one_cart` [ RunTime:0.0030s ]
SQL: SELECT * FROM `one_cart` WHERE `mid` = '10' AND `uid` = '' ORDER BY `add_time` LIMIT 1   [ RunTime:0.0000s ]
SQL: UPDATE `one_cart` SET `buynum`=buynum+1 WHERE `mid` = '10' AND `uid` = '' [ RunTime:0.0310s ]

[ 2019-11-21T17:08:26+08:00 ] 127.0.0.1 /Home/Block/addCart/uid/83.html
INFO: [ app_begin ] --START--
INFO: Run Behavior\ReadHtmlCacheBehavior [ RunTime:0.000000s ]
INFO: [ app_begin ] --END-- [ RunTime:0.000000s ]
SQL: SHOW COLUMNS FROM `one_cart` [ RunTime:0.0020s ]
SQL: SELECT * FROM `one_cart` WHERE `mid` = '10' AND `uid` = '' ORDER BY `add_time` LIMIT 1   [ RunTime:0.0000s ]
SQL: UPDATE `one_cart` SET `buynum`=buynum+1 WHERE `mid` = '10' AND `uid` = '' [ RunTime:0.0180s ]

[ 2019-11-21T17:08:51+08:00 ] 127.0.0.1 /Home/Block/addCart/uid/83.html
INFO: [ app_begin ] --START--
INFO: Run Behavior\ReadHtmlCacheBehavior [ RunTime:0.000000s ]
INFO: [ app_begin ] --END-- [ RunTime:0.000000s ]

[ 2019-11-21T17:08:51+08:00 ] 127.0.0.1 /Home/Login/login.html
INFO: [ app_begin ] --START--
INFO: Run Behavior\ReadHtmlCacheBehavior [ RunTime:0.001000s ]
INFO: [ app_begin ] --END-- [ RunTime:0.001000s ]
ERR: 模板不存在:./Application/Home/View/Home/Login/login.html

[ 2019-11-21T17:08:52+08:00 ] 127.0.0.1 /Home/Block/addCart/uid/83.html
INFO: [ app_begin ] --START--
INFO: Run Behavior\ReadHtmlCacheBehavior [ RunTime:0.001000s ]
INFO: [ app_begin ] --END-- [ RunTime:0.001000s ]

[ 2019-11-21T17:08:52+08:00 ] 127.0.0.1 /Home/Login/login.html
INFO: [ app_begin ] --START--
INFO: Run Behavior\ReadHtmlCacheBehavior [ RunTime:0.000000s ]
INFO: [ app_begin ] --END-- [ RunTime:0.000000s ]
ERR: 模板不存在:./Application/Home/View/Home/Login/login.html

[ 2019-11-21T17:08:52+08:00 ] 127.0.0.1 /Home/Block/addCart/uid/83.html
INFO: [ app_begin ] --START--
INFO: Run Behavior\ReadHtmlCacheBehavior [ RunTime:0.000000s ]
INFO: [ app_begin ] --END-- [ RunTime:0.000000s ]

[ 2019-11-21T17:08:52+08:00 ] 127.0.0.1 /Home/Login/login.html
INFO: [ app_begin ] --START--
INFO: Run Behavior\ReadHtmlCacheBehavior [ RunTime:0.000000s ]
INFO: [ app_begin ] --END-- [ RunTime:0.000000s ]
ERR: 模板不存在:./Application/Home/View/Home/Login/login.html

[ 2019-11-21T17:08:55+08:00 ] 127.0.0.1 /Home/Block/addCart/uid/83.html
INFO: [ app_begin ] --START--
INFO: Run Behavior\ReadHtmlCacheBehavior [ RunTime:0.000000s ]
INFO: [ app_begin ] --END-- [ RunTime:0.001000s ]

[ 2019-11-21T17:08:55+08:00 ] 127.0.0.1 /Home/Login/login.html
INFO: [ app_begin ] --START--
INFO: Run Behavior\ReadHtmlCacheBehavior [ RunTime:0.000000s ]
INFO: [ app_begin ] --END-- [ RunTime:0.000000s ]
ERR: 模板不存在:./Application/Home/View/Home/Login/login.html

[ 2019-11-21T17:08:55+08:00 ] 127.0.0.1 /Home/Block/addCart/uid/83.html
INFO: [ app_begin ] --START--
INFO: Run Behavior\ReadHtmlCacheBehavior [ RunTime:0.000000s ]
INFO: [ app_begin ] --END-- [ RunTime:0.000000s ]

[ 2019-11-21T17:08:55+08:00 ] 127.0.0.1 /Home/Login/login.html
INFO: [ app_begin ] --START--
INFO: Run Behavior\ReadHtmlCacheBehavior [ RunTime:0.000000s ]
INFO: [ app_begin ] --END-- [ RunTime:0.000000s ]
ERR: 模板不存在:./Application/Home/View/Home/Login/login.html

[ 2019-11-21T17:08:55+08:00 ] 127.0.0.1 /Home/Block/addCart/uid/83.html
INFO: [ app_begin ] --START--
INFO: Run Behavior\ReadHtmlCacheBehavior [ RunTime:0.001000s ]
INFO: [ app_begin ] --END-- [ RunTime:0.001000s ]

[ 2019-11-21T17:08:55+08:00 ] 127.0.0.1 /Home/Login/login.html
INFO: [ app_begin ] --START--
INFO: Run Behavior\ReadHtmlCacheBehavior [ RunTime:0.000000s ]
INFO: [ app_begin ] --END-- [ RunTime:0.000000s ]
ERR: 模板不存在:./Application/Home/View/Home/Login/login.html

[ 2019-11-21T17:08:55+08:00 ] 127.0.0.1 /Home/Block/addCart/uid/83.html
INFO: [ app_begin ] --START--
INFO: Run Behavior\ReadHtmlCacheBehavior [ RunTime:0.001000s ]
INFO: [ app_begin ] --END-- [ RunTime:0.001000s ]

[ 2019-11-21T17:08:55+08:00 ] 127.0.0.1 /Home/Login/login.html
INFO: [ app_begin ] --START--
INFO: Run Behavior\ReadHtmlCacheBehavior [ RunTime:0.000000s ]
INFO: [ app_begin ] --END-- [ RunTime:0.001000s ]
ERR: 模板不存在:./Application/Home/View/Home/Login/login.html

[ 2019-11-21T17:08:56+08:00 ] 127.0.0.1 /Home/Block/addCart/uid/83.html
INFO: [ app_begin ] --START--
INFO: Run Behavior\ReadHtmlCacheBehavior [ RunTime:0.000000s ]
INFO: [ app_begin ] --END-- [ RunTime:0.000000s ]

[ 2019-11-21T17:08:56+08:00 ] 127.0.0.1 /Home/Login/login.html
INFO: [ app_begin ] --START--
INFO: Run Behavior\ReadHtmlCacheBehavior [ RunTime:0.001000s ]
INFO: [ app_begin ] --END-- [ RunTime:0.001000s ]
ERR: 模板不存在:./Application/Home/View/Home/Login/login.html

[ 2019-11-21T17:08:56+08:00 ] 127.0.0.1 /Home/Block/addCart/uid/83.html
INFO: [ app_begin ] --START--
INFO: Run Behavior\ReadHtmlCacheBehavior [ RunTime:0.000000s ]
INFO: [ app_begin ] --END-- [ RunTime:0.001000s ]

[ 2019-11-21T17:08:56+08:00 ] 127.0.0.1 /Home/Login/login.html
INFO: [ app_begin ] --START--
INFO: Run Behavior\ReadHtmlCacheBehavior [ RunTime:0.000000s ]
INFO: [ app_begin ] --END-- [ RunTime:0.000000s ]
ERR: 模板不存在:./Application/Home/View/Home/Login/login.html

[ 2019-11-21T17:08:56+08:00 ] 127.0.0.1 /Home/Block/addCart/uid/83.html
INFO: [ app_begin ] --START--
INFO: Run Behavior\ReadHtmlCacheBehavior [ RunTime:0.001000s ]
INFO: [ app_begin ] --END-- [ RunTime:0.001000s ]

[ 2019-11-21T17:08:56+08:00 ] 127.0.0.1 /Home/Login/login.html
INFO: [ app_begin ] --START--
INFO: Run Behavior\ReadHtmlCacheBehavior [ RunTime:0.000000s ]
INFO: [ app_begin ] --END-- [ RunTime:0.001000s ]
ERR: 模板不存在:./Application/Home/View/Home/Login/login.html

[ 2019-11-21T17:08:56+08:00 ] 127.0.0.1 /Home/Block/addCart/uid/83.html
INFO: [ app_begin ] --START--
INFO: Run Behavior\ReadHtmlCacheBehavior [ RunTime:0.000000s ]
INFO: [ app_begin ] --END-- [ RunTime:0.000000s ]

[ 2019-11-21T17:08:56+08:00 ] 127.0.0.1 /Home/Login/login.html
INFO: [ app_begin ] --START--
INFO: Run Behavior\ReadHtmlCacheBehavior [ RunTime:0.000000s ]
INFO: [ app_begin ] --END-- [ RunTime:0.000000s ]
ERR: 模板不存在:./Application/Home/View/Home/Login/login.html

[ 2019-11-21T17:08:56+08:00 ] 127.0.0.1 /Home/Block/addCart/uid/83.html
INFO: [ app_begin ] --START--
INFO: Run Behavior\ReadHtmlCacheBehavior [ RunTime:0.000000s ]
INFO: [ app_begin ] --END-- [ RunTime:0.001000s ]

[ 2019-11-21T17:08:56+08:00 ] 127.0.0.1 /Home/Login/login.html
INFO: [ app_begin ] --START--
INFO: Run Behavior\ReadHtmlCacheBehavior [ RunTime:0.000000s ]
INFO: [ app_begin ] --END-- [ RunTime:0.000000s ]
ERR: 模板不存在:./Application/Home/View/Home/Login/login.html

[ 2019-11-21T17:08:57+08:00 ] 127.0.0.1 /Home/Block/addCart/uid/83.html
INFO: [ app_begin ] --START--
INFO: Run Behavior\ReadHtmlCacheBehavior [ RunTime:0.001000s ]
INFO: [ app_begin ] --END-- [ RunTime:0.001000s ]

[ 2019-11-21T17:08:57+08:00 ] 127.0.0.1 /Home/Login/login.html
INFO: [ app_begin ] --START--
INFO: Run Behavior\ReadHtmlCacheBehavior [ RunTime:0.000000s ]
INFO: [ app_begin ] --END-- [ RunTime:0.000000s ]
ERR: 模板不存在:./Application/Home/View/Home/Login/login.html

[ 2019-11-21T17:08:57+08:00 ] 127.0.0.1 /Home/Block/addCart/uid/83.html
INFO: [ app_begin ] --START--
INFO: Run Behavior\ReadHtmlCacheBehavior [ RunTime:0.000000s ]
INFO: [ app_begin ] --END-- [ RunTime:0.000000s ]

[ 2019-11-21T17:08:57+08:00 ] 127.0.0.1 /Home/Login/login.html
INFO: [ app_begin ] --START--
INFO: Run Behavior\ReadHtmlCacheBehavior [ RunTime:0.000000s ]
INFO: [ app_begin ] --END-- [ RunTime:0.000000s ]
ERR: 模板不存在:./Application/Home/View/Home/Login/login.html

[ 2019-11-21T17:08:57+08:00 ] 127.0.0.1 /Home/Block/addCart/uid/83.html
INFO: [ app_begin ] --START--
INFO: Run Behavior\ReadHtmlCacheBehavior [ RunTime:0.001000s ]
INFO: [ app_begin ] --END-- [ RunTime:0.001000s ]

[ 2019-11-21T17:08:57+08:00 ] 127.0.0.1 /Home/Login/login.html
INFO: [ app_begin ] --START--
INFO: Run Behavior\ReadHtmlCacheBehavior [ RunTime:0.001000s ]
INFO: [ app_begin ] --END-- [ RunTime:0.001000s ]
ERR: 模板不存在:./Application/Home/View/Home/Login/login.html

[ 2019-11-21T17:08:58+08:00 ] 127.0.0.1 /Home/Block/addCart/uid/83.html
INFO: [ app_begin ] --START--
INFO: Run Behavior\ReadHtmlCacheBehavior [ RunTime:0.000000s ]
INFO: [ app_begin ] --END-- [ RunTime:0.001000s ]

[ 2019-11-21T17:08:58+08:00 ] 127.0.0.1 /Home/Login/login.html
INFO: [ app_begin ] --START--
INFO: Run Behavior\ReadHtmlCacheBehavior [ RunTime:0.000000s ]
INFO: [ app_begin ] --END-- [ RunTime:0.001001s ]
ERR: 模板不存在:./Application/Home/View/Home/Login/login.html

[ 2019-11-21T17:08:58+08:00 ] 127.0.0.1 /Home/Block/addCart/uid/83.html
INFO: [ app_begin ] --START--
INFO: Run Behavior\ReadHtmlCacheBehavior [ RunTime:0.000000s ]
INFO: [ app_begin ] --END-- [ RunTime:0.001000s ]

[ 2019-11-21T17:08:58+08:00 ] 127.0.0.1 /Home/Login/login.html
INFO: [ app_begin ] --START--
INFO: Run Behavior\ReadHtmlCacheBehavior [ RunTime:0.001000s ]
INFO: [ app_begin ] --END-- [ RunTime:0.001000s ]
ERR: 模板不存在:./Application/Home/View/Home/Login/login.html

[ 2019-11-21T17:08:58+08:00 ] 127.0.0.1 /Home/Block/addCart/uid/83.html
INFO: [ app_begin ] --START--
INFO: Run Behavior\ReadHtmlCacheBehavior [ RunTime:0.000000s ]
INFO: [ app_begin ] --END-- [ RunTime:0.000000s ]

[ 2019-11-21T17:08:58+08:00 ] 127.0.0.1 /Home/Login/login.html
INFO: [ app_begin ] --START--
INFO: Run Behavior\ReadHtmlCacheBehavior [ RunTime:0.000000s ]
INFO: [ app_begin ] --END-- [ RunTime:0.001001s ]
ERR: 模板不存在:./Application/Home/View/Home/Login/login.html

[ 2019-11-21T17:08:58+08:00 ] 127.0.0.1 /Home/Block/addCart/uid/83.html
INFO: [ app_begin ] --START--
INFO: Run Behavior\ReadHtmlCacheBehavior [ RunTime:0.001000s ]
INFO: [ app_begin ] --END-- [ RunTime:0.001000s ]

[ 2019-11-21T17:08:58+08:00 ] 127.0.0.1 /Home/Login/login.html
INFO: [ app_begin ] --START--
INFO: Run Behavior\ReadHtmlCacheBehavior [ RunTime:0.000000s ]
INFO: [ app_begin ] --END-- [ RunTime:0.000000s ]
ERR: 模板不存在:./Application/Home/View/Home/Login/login.html

[ 2019-11-21T17:08:58+08:00 ] 127.0.0.1 /Home/Block/addCart/uid/83.html
INFO: [ app_begin ] --START--
INFO: Run Behavior\ReadHtmlCacheBehavior [ RunTime:0.001001s ]
INFO: [ app_begin ] --END-- [ RunTime:0.001001s ]

[ 2019-11-21T17:08:58+08:00 ] 127.0.0.1 /Home/Login/login.html
INFO: [ app_begin ] --START--
INFO: Run Behavior\ReadHtmlCacheBehavior [ RunTime:0.001000s ]
INFO: [ app_begin ] --END-- [ RunTime:0.001000s ]
ERR: 模板不存在:./Application/Home/View/Home/Login/login.html

[ 2019-11-21T17:08:59+08:00 ] 127.0.0.1 /Home/Block/addCart/uid/83.html
INFO: [ app_begin ] --START--
INFO: Run Behavior\ReadHtmlCacheBehavior [ RunTime:0.000000s ]
INFO: [ app_begin ] --END-- [ RunTime:0.000000s ]

[ 2019-11-21T17:08:59+08:00 ] 127.0.0.1 /Home/Login/login.html
INFO: [ app_begin ] --START--
INFO: Run Behavior\ReadHtmlCacheBehavior [ RunTime:0.000000s ]
INFO: [ app_begin ] --END-- [ RunTime:0.000000s ]
ERR: 模板不存在:./Application/Home/View/Home/Login/login.html

[ 2019-11-21T17:08:59+08:00 ] 127.0.0.1 /Home/Block/addCart/uid/83.html
INFO: [ app_begin ] --START--
INFO: Run Behavior\ReadHtmlCacheBehavior [ RunTime:0.001000s ]
INFO: [ app_begin ] --END-- [ RunTime:0.001000s ]

[ 2019-11-21T17:08:59+08:00 ] 127.0.0.1 /Home/Login/login.html
INFO: [ app_begin ] --START--
INFO: Run Behavior\ReadHtmlCacheBehavior [ RunTime:0.000000s ]
INFO: [ app_begin ] --END-- [ RunTime:0.000000s ]
ERR: 模板不存在:./Application/Home/View/Home/Login/login.html

[ 2019-11-21T17:08:59+08:00 ] 127.0.0.1 /Home/Block/addCart/uid/83.html
INFO: [ app_begin ] --START--
INFO: Run Behavior\ReadHtmlCacheBehavior [ RunTime:0.000000s ]
INFO: [ app_begin ] --END-- [ RunTime:0.000000s ]

[ 2019-11-21T17:08:59+08:00 ] 127.0.0.1 /Home/Login/login.html
INFO: [ app_begin ] --START--
INFO: Run Behavior\ReadHtmlCacheBehavior [ RunTime:0.000000s ]
INFO: [ app_begin ] --END-- [ RunTime:0.001000s ]
ERR: 模板不存在:./Application/Home/View/Home/Login/login.html

[ 2019-11-21T17:09:00+08:00 ] 127.0.0.1 /Home/Block/addCart/uid/83.html
INFO: [ app_begin ] --START--
INFO: Run Behavior\ReadHtmlCacheBehavior [ RunTime:0.001000s ]
INFO: [ app_begin ] --END-- [ RunTime:0.001000s ]

[ 2019-11-21T17:09:00+08:00 ] 127.0.0.1 /Home/Login/login.html
INFO: [ app_begin ] --START--
INFO: Run Behavior\ReadHtmlCacheBehavior [ RunTime:0.001000s ]
INFO: [ app_begin ] --END-- [ RunTime:0.001000s ]
ERR: 模板不存在:./Application/Home/View/Home/Login/login.html

[ 2019-11-21T17:09:00+08:00 ] 127.0.0.1 /Home/Block/addCart/uid/83.html
INFO: [ app_begin ] --START--
INFO: Run Behavior\ReadHtmlCacheBehavior [ RunTime:0.001000s ]
INFO: [ app_begin ] --END-- [ RunTime:0.001000s ]

[ 2019-11-21T17:09:00+08:00 ] 127.0.0.1 /Home/Login/login.html
INFO: [ app_begin ] --START--
INFO: Run Behavior\ReadHtmlCacheBehavior [ RunTime:0.001000s ]
INFO: [ app_begin ] --END-- [ RunTime:0.001000s ]
ERR: 模板不存在:./Application/Home/View/Home/Login/login.html

[ 2019-11-21T17:09:02+08:00 ] 127.0.0.1 /Home/Block/addCart/uid/83.html
INFO: [ app_begin ] --START--
INFO: Run Behavior\ReadHtmlCacheBehavior [ RunTime:0.000000s ]
INFO: [ app_begin ] --END-- [ RunTime:0.000000s ]

[ 2019-11-21T17:09:02+08:00 ] 127.0.0.1 /Home/Login/login.html
INFO: [ app_begin ] --START--
INFO: Run Behavior\ReadHtmlCacheBehavior [ RunTime:0.001000s ]
INFO: [ app_begin ] --END-- [ RunTime:0.001000s ]
ERR: 模板不存在:./Application/Home/View/Home/Login/login.html

[ 2019-11-21T17:09:05+08:00 ] 127.0.0.1 /Home/Block/addCart/uid/83.html
INFO: [ app_begin ] --START--
INFO: Run Behavior\ReadHtmlCacheBehavior [ RunTime:0.001000s ]
INFO: [ app_begin ] --END-- [ RunTime:0.001000s ]

[ 2019-11-21T17:09:05+08:00 ] 127.0.0.1 /Home/Login/login.html
INFO: [ app_begin ] --START--
INFO: Run Behavior\ReadHtmlCacheBehavior [ RunTime:0.001000s ]
INFO: [ app_begin ] --END-- [ RunTime:0.001000s ]
ERR: 模板不存在:./Application/Home/View/Home/Login/login.html

[ 2019-11-21T17:09:05+08:00 ] 127.0.0.1 /Home/Block/addCart/uid/83.html
INFO: [ app_begin ] --START--
INFO: Run Behavior\ReadHtmlCacheBehavior [ RunTime:0.000000s ]
INFO: [ app_begin ] --END-- [ RunTime:0.000000s ]

[ 2019-11-21T17:09:05+08:00 ] 127.0.0.1 /Home/Login/login.html
INFO: [ app_begin ] --START--
INFO: Run Behavior\ReadHtmlCacheBehavior [ RunTime:0.000000s ]
INFO: [ app_begin ] --END-- [ RunTime:0.001000s ]
ERR: 模板不存在:./Application/Home/View/Home/Login/login.html

[ 2019-11-21T17:09:05+08:00 ] 127.0.0.1 /Home/Block/addCart/uid/83.html
INFO: [ app_begin ] --START--
INFO: Run Behavior\ReadHtmlCacheBehavior [ RunTime:0.000000s ]
INFO: [ app_begin ] --END-- [ RunTime:0.000000s ]

[ 2019-11-21T17:09:05+08:00 ] 127.0.0.1 /Home/Login/login.html
INFO: [ app_begin ] --START--
INFO: Run Behavior\ReadHtmlCacheBehavior [ RunTime:0.000000s ]
INFO: [ app_begin ] --END-- [ RunTime:0.000000s ]
ERR: 模板不存在:./Application/Home/View/Home/Login/login.html

[ 2019-11-21T17:09:05+08:00 ] 127.0.0.1 /Home/Block/addCart/uid/83.html
INFO: [ app_begin ] --START--
INFO: Run Behavior\ReadHtmlCacheBehavior [ RunTime:0.000000s ]
INFO: [ app_begin ] --END-- [ RunTime:0.001000s ]

[ 2019-11-21T17:09:05+08:00 ] 127.0.0.1 /Home/Login/login.html
INFO: [ app_begin ] --START--
INFO: Run Behavior\ReadHtmlCacheBehavior [ RunTime:0.000000s ]
INFO: [ app_begin ] --END-- [ RunTime:0.000000s ]
ERR: 模板不存在:./Application/Home/View/Home/Login/login.html

[ 2019-11-21T17:09:05+08:00 ] 127.0.0.1 /Home/Block/addCart/uid/83.html
INFO: [ app_begin ] --START--
INFO: Run Behavior\ReadHtmlCacheBehavior [ RunTime:0.000000s ]
INFO: [ app_begin ] --END-- [ RunTime:0.001000s ]

[ 2019-11-21T17:09:05+08:00 ] 127.0.0.1 /Home/Login/login.html
INFO: [ app_begin ] --START--
INFO: Run Behavior\ReadHtmlCacheBehavior [ RunTime:0.000000s ]
INFO: [ app_begin ] --END-- [ RunTime:0.001000s ]
ERR: 模板不存在:./Application/Home/View/Home/Login/login.html

[ 2019-11-21T17:09:06+08:00 ] 127.0.0.1 /Home/Block/addCart/uid/83.html
INFO: [ app_begin ] --START--
INFO: Run Behavior\ReadHtmlCacheBehavior [ RunTime:0.000000s ]
INFO: [ app_begin ] --END-- [ RunTime:0.000000s ]

[ 2019-11-21T17:09:06+08:00 ] 127.0.0.1 /Home/Login/login.html
INFO: [ app_begin ] --START--
INFO: Run Behavior\ReadHtmlCacheBehavior [ RunTime:0.000000s ]
INFO: [ app_begin ] --END-- [ RunTime:0.001000s ]
ERR: 模板不存在:./Application/Home/View/Home/Login/login.html

[ 2019-11-21T17:09:06+08:00 ] 127.0.0.1 /Home/Block/addCart/uid/83.html
INFO: [ app_begin ] --START--
INFO: Run Behavior\ReadHtmlCacheBehavior [ RunTime:0.001000s ]
INFO: [ app_begin ] --END-- [ RunTime:0.001000s ]

[ 2019-11-21T17:09:06+08:00 ] 127.0.0.1 /Home/Login/login.html
INFO: [ app_begin ] --START--
INFO: Run Behavior\ReadHtmlCacheBehavior [ RunTime:0.001000s ]
INFO: [ app_begin ] --END-- [ RunTime:0.001000s ]
ERR: 模板不存在:./Application/Home/View/Home/Login/login.html

[ 2019-11-21T17:09:06+08:00 ] 127.0.0.1 /Home/Block/addCart/uid/83.html
INFO: [ app_begin ] --START--
INFO: Run Behavior\ReadHtmlCacheBehavior [ RunTime:0.000000s ]
INFO: [ app_begin ] --END-- [ RunTime:0.000000s ]

[ 2019-11-21T17:09:06+08:00 ] 127.0.0.1 /Home/Login/login.html
INFO: [ app_begin ] --START--
INFO: Run Behavior\ReadHtmlCacheBehavior [ RunTime:0.001000s ]
INFO: [ app_begin ] --END-- [ RunTime:0.001000s ]
ERR: 模板不存在:./Application/Home/View/Home/Login/login.html

[ 2019-11-21T17:09:18+08:00 ] 127.0.0.1 /Home/Block/addCart/uid/83.html
INFO: [ app_begin ] --START--
INFO: Run Behavior\ReadHtmlCacheBehavior [ RunTime:0.000000s ]
INFO: [ app_begin ] --END-- [ RunTime:0.000000s ]

[ 2019-11-21T17:09:18+08:00 ] 127.0.0.1 /Home/Login/login.html
INFO: [ app_begin ] --START--
INFO: Run Behavior\ReadHtmlCacheBehavior [ RunTime:0.001000s ]
INFO: [ app_begin ] --END-- [ RunTime:0.001000s ]
ERR: 模板不存在:./Application/Home/View/Home/Login/login.html

[ 2019-11-21T17:09:19+08:00 ] 127.0.0.1 /Home/Block/addCart/uid/83.html
INFO: [ app_begin ] --START--
INFO: Run Behavior\ReadHtmlCacheBehavior [ RunTime:0.001000s ]
INFO: [ app_begin ] --END-- [ RunTime:0.001000s ]

[ 2019-11-21T17:09:19+08:00 ] 127.0.0.1 /Home/Login/login.html
INFO: [ app_begin ] --START--
INFO: Run Behavior\ReadHtmlCacheBehavior [ RunTime:0.000000s ]
INFO: [ app_begin ] --END-- [ RunTime:0.000000s ]
ERR: 模板不存在:./Application/Home/View/Home/Login/login.html

[ 2019-11-21T17:09:19+08:00 ] 127.0.0.1 /Home/Block/addCart/uid/83.html
INFO: [ app_begin ] --START--
INFO: Run Behavior\ReadHtmlCacheBehavior [ RunTime:0.000000s ]
INFO: [ app_begin ] --END-- [ RunTime:0.000000s ]

[ 2019-11-21T17:09:19+08:00 ] 127.0.0.1 /Home/Login/login.html
INFO: [ app_begin ] --START--
INFO: Run Behavior\ReadHtmlCacheBehavior [ RunTime:0.000000s ]
INFO: [ app_begin ] --END-- [ RunTime:0.001000s ]
ERR: 模板不存在:./Application/Home/View/Home/Login/login.html

[ 2019-11-21T17:09:21+08:00 ] 127.0.0.1 /Home/Block/addCart/uid/83.html
INFO: [ app_begin ] --START--
INFO: Run Behavior\ReadHtmlCacheBehavior [ RunTime:0.000000s ]
INFO: [ app_begin ] --END-- [ RunTime:0.000000s ]

[ 2019-11-21T17:09:21+08:00 ] 127.0.0.1 /Home/Login/login.html
INFO: [ app_begin ] --START--
INFO: Run Behavior\ReadHtmlCacheBehavior [ RunTime:0.000000s ]
INFO: [ app_begin ] --END-- [ RunTime:0.001000s ]
ERR: 模板不存在:./Application/Home/View/Home/Login/login.html

[ 2019-11-21T17:09:21+08:00 ] 127.0.0.1 /Home/Block/addCart/uid/83.html
INFO: [ app_begin ] --START--
INFO: Run Behavior\ReadHtmlCacheBehavior [ RunTime:0.001000s ]
INFO: [ app_begin ] --END-- [ RunTime:0.001000s ]

[ 2019-11-21T17:09:21+08:00 ] 127.0.0.1 /Home/Login/login.html
INFO: [ app_begin ] --START--
INFO: Run Behavior\ReadHtmlCacheBehavior [ RunTime:0.001001s ]
INFO: [ app_begin ] --END-- [ RunTime:0.001001s ]
ERR: 模板不存在:./Application/Home/View/Home/Login/login.html

[ 2019-11-21T17:09:22+08:00 ] 127.0.0.1 /Home/Block/addCart/uid/83.html
INFO: [ app_begin ] --START--
INFO: Run Behavior\ReadHtmlCacheBehavior [ RunTime:0.000000s ]
INFO: [ app_begin ] --END-- [ RunTime:0.000000s ]

[ 2019-11-21T17:09:22+08:00 ] 127.0.0.1 /Home/Login/login.html
INFO: [ app_begin ] --START--
INFO: Run Behavior\ReadHtmlCacheBehavior [ RunTime:0.000000s ]
INFO: [ app_begin ] --END-- [ RunTime:0.000000s ]
ERR: 模板不存在:./Application/Home/View/Home/Login/login.html

[ 2019-11-21T17:09:22+08:00 ] 127.0.0.1 /Home/Block/addCart/uid/83.html
INFO: [ app_begin ] --START--
INFO: Run Behavior\ReadHtmlCacheBehavior [ RunTime:0.001000s ]
INFO: [ app_begin ] --END-- [ RunTime:0.001000s ]

[ 2019-11-21T17:09:22+08:00 ] 127.0.0.1 /Home/Login/login.html
INFO: [ app_begin ] --START--
INFO: Run Behavior\ReadHtmlCacheBehavior [ RunTime:0.000000s ]
INFO: [ app_begin ] --END-- [ RunTime:0.000000s ]
ERR: 模板不存在:./Application/Home/View/Home/Login/login.html

[ 2019-11-21T17:09:26+08:00 ] 127.0.0.1 /Home/Block/addCart/uid/83.html
INFO: [ app_begin ] --START--
INFO: Run Behavior\ReadHtmlCacheBehavior [ RunTime:0.001000s ]
INFO: [ app_begin ] --END-- [ RunTime:0.001000s ]

[ 2019-11-21T17:09:26+08:00 ] 127.0.0.1 /Home/Login/login.html
INFO: [ app_begin ] --START--
INFO: Run Behavior\ReadHtmlCacheBehavior [ RunTime:0.000000s ]
INFO: [ app_begin ] --END-- [ RunTime:0.000000s ]
ERR: 模板不存在:./Application/Home/View/Home/Login/login.html

[ 2019-11-21T17:09:47+08:00 ] 127.0.0.1 /Home/Block/addCart/uid/83.html
INFO: [ app_begin ] --START--
INFO: Run Behavior\ReadHtmlCacheBehavior [ RunTime:0.000000s ]
INFO: [ app_begin ] --END-- [ RunTime:0.001000s ]

[ 2019-11-21T17:09:48+08:00 ] 127.0.0.1 /Home/Login/login.html
ERR: 模板不存在:./Application/Home/View/Home/Login/login.html

[ 2019-11-21T17:09:48+08:00 ] 127.0.0.1 /Home/Login/login.html
INFO: [ app_begin ] --START--
INFO: Run Behavior\ReadHtmlCacheBehavior [ RunTime:0.000000s ]
INFO: [ app_begin ] --END-- [ RunTime:0.001000s ]
ERR: 模板不存在:./Application/Home/View/Home/Login/login.html

[ 2019-11-21T17:09:56+08:00 ] 127.0.0.1 /Home/Login/login.html
ERR: 模板不存在:./Application/Home/View/Home/Login/login.html

[ 2019-11-21T17:09:56+08:00 ] 127.0.0.1 /Home/Login/login.html
ERR: 模板不存在:./Application/Home/View/Home/Login/login.html

[ 2019-11-21T17:09:56+08:00 ] 127.0.0.1 /Home/Login/login.html
ERR: 模板不存在:./Application/Home/View/Home/Login/login.html

[ 2019-11-21T17:09:57+08:00 ] 127.0.0.1 /Home/Login/login.html
ERR: 模板不存在:./Application/Home/View/Home/Login/login.html

[ 2019-11-21T17:10:08+08:00 ] 127.0.0.1 /Home/Login/login.html
ERR: 模板不存在:./Application/Home/View/Home/Login/login.html

[ 2019-11-21T17:10:52+08:00 ] 127.0.0.1 /Home/Block/addCart/uid/83.html
INFO: [ app_begin ] --START--
INFO: Run Behavior\ReadHtmlCacheBehavior [ RunTime:0.001000s ]
INFO: [ app_begin ] --END-- [ RunTime:0.001000s ]

[ 2019-11-21T17:10:54+08:00 ] 127.0.0.1 /Home/Login/login.html
INFO: [ app_begin ] --START--
INFO: Run Behavior\ReadHtmlCacheBehavior [ RunTime:0.000000s ]
INFO: [ app_begin ] --END-- [ RunTime:0.001000s ]
INFO: [ view_parse ] --START--
INFO: [ template_filter ] --START--
INFO: Run Behavior\ContentReplaceBehavior [ RunTime:0.000000s ]
INFO: [ template_filter ] --END-- [ RunTime:0.000000s ]
INFO: Run Behavior\ParseTemplateBehavior [ RunTime:0.004000s ]
INFO: [ view_parse ] --END-- [ RunTime:0.004000s ]
INFO: [ view_filter ] --START--
INFO: Run Behavior\WriteHtmlCacheBehavior [ RunTime:0.000000s ]
INFO: [ view_filter ] --END-- [ RunTime:0.000000s ]
INFO: [ app_end ] --START--
INFO: Run Behavior\ShowPageTraceBehavior [ RunTime:0.001000s ]
INFO: [ app_end ] --END-- [ RunTime:0.001000s ]

[ 2019-11-21T17:11:04+08:00 ] 127.0.0.1 /Home/Block/addCart/uid/83.html
INFO: [ app_begin ] --START--
INFO: Run Behavior\ReadHtmlCacheBehavior [ RunTime:0.000000s ]
INFO: [ app_begin ] --END-- [ RunTime:0.001000s ]

[ 2019-11-21T17:11:05+08:00 ] 127.0.0.1 /Home/Login/login.html
INFO: [ app_begin ] --START--
INFO: Run Behavior\ReadHtmlCacheBehavior [ RunTime:0.000000s ]
INFO: [ app_begin ] --END-- [ RunTime:0.001000s ]
INFO: [ view_parse ] --START--
INFO: [ template_filter ] --START--
INFO: Run Behavior\ContentReplaceBehavior [ RunTime:0.000000s ]
INFO: [ template_filter ] --END-- [ RunTime:0.000000s ]
INFO: Run Behavior\ParseTemplateBehavior [ RunTime:0.003000s ]
INFO: [ view_parse ] --END-- [ RunTime:0.003000s ]
INFO: [ view_filter ] --START--
INFO: Run Behavior\WriteHtmlCacheBehavior [ RunTime:0.000000s ]
INFO: [ view_filter ] --END-- [ RunTime:0.001000s ]
INFO: [ app_end ] --START--
INFO: Run Behavior\ShowPageTraceBehavior [ RunTime:0.000000s ]
INFO: [ app_end ] --END-- [ RunTime:0.000000s ]

[ 2019-11-21T17:11:22+08:00 ] 127.0.0.1 /Home/Block/addCart/uid/83.html
INFO: [ app_begin ] --START--
INFO: Run Behavior\ReadHtmlCacheBehavior [ RunTime:0.000000s ]
INFO: [ app_begin ] --END-- [ RunTime:0.000000s ]

[ 2019-11-21T17:11:23+08:00 ] 127.0.0.1 /Home/Login/login.html
INFO: [ app_begin ] --START--
INFO: Run Behavior\ReadHtmlCacheBehavior [ RunTime:0.000000s ]
INFO: [ app_begin ] --END-- [ RunTime:0.000000s ]
INFO: [ view_parse ] --START--
INFO: [ template_filter ] --START--
INFO: Run Behavior\ContentReplaceBehavior [ RunTime:0.000000s ]
INFO: [ template_filter ] --END-- [ RunTime:0.000000s ]
INFO: Run Behavior\ParseTemplateBehavior [ RunTime:0.004001s ]
INFO: [ view_parse ] --END-- [ RunTime:0.004001s ]
INFO: [ view_filter ] --START--
INFO: Run Behavior\WriteHtmlCacheBehavior [ RunTime:0.001000s ]
INFO: [ view_filter ] --END-- [ RunTime:0.001000s ]
INFO: [ app_end ] --START--
INFO: Run Behavior\ShowPageTraceBehavior [ RunTime:0.000000s ]
INFO: [ app_end ] --END-- [ RunTime:0.000000s ]

[ 2019-11-21T17:11:37+08:00 ] 127.0.0.1 /Home/Block/addCart/uid/83.html
INFO: [ app_begin ] --START--
INFO: Run Behavior\ReadHtmlCacheBehavior [ RunTime:0.000000s ]
INFO: [ app_begin ] --END-- [ RunTime:0.001001s ]

[ 2019-11-21T17:11:38+08:00 ] 127.0.0.1 /Home/Login/login.html
ERR: 模板不存在:./Application/Home/View/Home/Login/login.html

[ 2019-11-21T17:11:38+08:00 ] 127.0.0.1 /Home/Login/login.html
INFO: [ app_begin ] --START--
INFO: Run Behavior\ReadHtmlCacheBehavior [ RunTime:0.000000s ]
INFO: [ app_begin ] --END-- [ RunTime:0.001000s ]
ERR: 模板不存在:./Application/Home/View/Home/Login/login.html

