[ 2019-11-19T09:05:18+08:00 ] 127.0.0.1 /
ERR: syntax error, unexpected ')'

[ 2019-11-19T09:07:31+08:00 ] 127.0.0.1 /
ERR: syntax error, unexpected ')'

[ 2019-11-19T09:08:34+08:00 ] 127.0.0.1 /
ERR: syntax error, unexpected ')'

[ 2019-11-19T09:08:35+08:00 ] 127.0.0.1 /
ERR: syntax error, unexpected ')'

[ 2019-11-19T09:08:41+08:00 ] 127.0.0.1 /
ERR: syntax error, unexpected ')'

[ 2019-11-19T09:08:42+08:00 ] 127.0.0.1 /
ERR: syntax error, unexpected ')'

[ 2019-11-19T09:10:11+08:00 ] 127.0.0.1 /
ERR: syntax error, unexpected ')'

[ 2019-11-19T09:12:09+08:00 ] 127.0.0.1 /
ERR: syntax error, unexpected ')'

[ 2019-11-19T09:12:09+08:00 ] 127.0.0.1 /
ERR: syntax error, unexpected ')'

[ 2019-11-19T09:13:50+08:00 ] 127.0.0.1 /
ERR: syntax error, unexpected 'n' (T_STRING)

[ 2019-11-19T09:13:51+08:00 ] 127.0.0.1 /
ERR: syntax error, unexpected 'n' (T_STRING)

[ 2019-11-19T09:13:51+08:00 ] 127.0.0.1 /
ERR: syntax error, unexpected 'n' (T_STRING)

[ 2019-11-19T09:13:51+08:00 ] 127.0.0.1 /
ERR: syntax error, unexpected 'n' (T_STRING)

[ 2019-11-19T09:18:43+08:00 ] 127.0.0.1 /
ERR: syntax error, unexpected 'n' (T_STRING)

[ 2019-11-19T09:18:44+08:00 ] 127.0.0.1 /
ERR: syntax error, unexpected 'n' (T_STRING)

[ 2019-11-19T09:18:44+08:00 ] 127.0.0.1 /
ERR: syntax error, unexpected 'n' (T_STRING)

[ 2019-11-19T09:18:44+08:00 ] 127.0.0.1 /
ERR: syntax error, unexpected 'n' (T_STRING)

[ 2019-11-19T09:42:40+08:00 ] 127.0.0.1 /
ERR: syntax error, unexpected 'if' (T_IF)

[ 2019-11-19T09:44:49+08:00 ] 127.0.0.1 /
ERR: syntax error, unexpected 'if' (T_IF)

[ 2019-11-19T09:44:50+08:00 ] 127.0.0.1 /
ERR: syntax error, unexpected 'if' (T_IF)

[ 2019-11-19T09:44:50+08:00 ] 127.0.0.1 /
ERR: syntax error, unexpected 'if' (T_IF)

[ 2019-11-19T09:44:51+08:00 ] 127.0.0.1 /
ERR: syntax error, unexpected 'if' (T_IF)

[ 2019-11-19T09:44:51+08:00 ] 127.0.0.1 /
ERR: syntax error, unexpected 'if' (T_IF)

[ 2019-11-19T09:46:05+08:00 ] 127.0.0.1 /
ERR: syntax error, unexpected 'n' (T_STRING)

[ 2019-11-19T09:46:05+08:00 ] 127.0.0.1 /
ERR: syntax error, unexpected 'n' (T_STRING)

[ 2019-11-19T09:46:05+08:00 ] 127.0.0.1 /
ERR: syntax error, unexpected 'n' (T_STRING)

[ 2019-11-19T09:46:06+08:00 ] 127.0.0.1 /
ERR: syntax error, unexpected 'n' (T_STRING)

[ 2019-11-19T09:46:29+08:00 ] 127.0.0.1 /
ERR: syntax error, unexpected '$n' (T_VARIABLE)

[ 2019-11-19T09:46:31+08:00 ] 127.0.0.1 /
ERR: syntax error, unexpected '$n' (T_VARIABLE)

[ 2019-11-19T09:46:31+08:00 ] 127.0.0.1 /
ERR: syntax error, unexpected '$n' (T_VARIABLE)

[ 2019-11-19T09:46:31+08:00 ] 127.0.0.1 /
ERR: syntax error, unexpected '$n' (T_VARIABLE)

[ 2019-11-19T09:46:31+08:00 ] 127.0.0.1 /
ERR: syntax error, unexpected '$n' (T_VARIABLE)

[ 2019-11-19T09:46:32+08:00 ] 127.0.0.1 /
ERR: syntax error, unexpected '$n' (T_VARIABLE)

[ 2019-11-19T09:46:43+08:00 ] 127.0.0.1 /
ERR: syntax error, unexpected '}'

[ 2019-11-19T09:46:43+08:00 ] 127.0.0.1 /
ERR: syntax error, unexpected '}'

[ 2019-11-19T09:46:43+08:00 ] 127.0.0.1 /
ERR: syntax error, unexpected '}'

[ 2019-11-19T09:46:44+08:00 ] 127.0.0.1 /
ERR: syntax error, unexpected '}'

[ 2019-11-19T12:03:58+08:00 ] 127.0.0.1 /Home/Index/index.html
INFO: [ app_begin ] --START--
INFO: Run Behavior\ReadHtmlCacheBehavior [ RunTime:0.001000s ]
INFO: [ app_begin ] --END-- [ RunTime:0.001000s ]
SQL: SHOW COLUMNS FROM `one_menu` [ RunTime:0.0030s ]
SQL: SELECT `id`,`image_dir`,`image`,`menu_name` FROM `one_menu` ORDER BY `salde_num` DESC LIMIT 0,6   [ RunTime:0.0010s ]
SQL: SHOW COLUMNS FROM `one_shop` [ RunTime:0.0020s ]
SQL: SELECT `id`,`logo`,`shop_name` FROM `one_shop` ORDER BY `grade` DESC LIMIT 0,6   [ RunTime:0.0000s ]
INFO: [ view_parse ] --START--
INFO: [ template_filter ] --START--
INFO: Run Behavior\ContentReplaceBehavior [ RunTime:0.000000s ]
INFO: [ template_filter ] --END-- [ RunTime:0.000000s ]
NOTIC: [8] Undefined variable: province D:\xxzl\dm\takeout\TakeOut1\Application\Runtime\Cache\Home\2a94b8bda04ff446dcedd42276fc99ee.php 第 97 行.
NOTIC: [8] Undefined variable: city D:\xxzl\dm\takeout\TakeOut1\Application\Runtime\Cache\Home\2a94b8bda04ff446dcedd42276fc99ee.php 第 98 行.
INFO: Run Behavior\ParseTemplateBehavior [ RunTime:0.007000s ]
INFO: [ view_parse ] --END-- [ RunTime:0.007000s ]
INFO: [ view_filter ] --START--
INFO: Run Behavior\WriteHtmlCacheBehavior [ RunTime:0.000000s ]
INFO: [ view_filter ] --END-- [ RunTime:0.000000s ]
INFO: [ app_end ] --START--
INFO: Run Behavior\ShowPageTraceBehavior [ RunTime:0.001000s ]
INFO: [ app_end ] --END-- [ RunTime:0.001000s ]

[ 2019-11-19T12:03:59+08:00 ] 127.0.0.1 /Home/Index/index.html
INFO: [ app_begin ] --START--
INFO: Run Behavior\ReadHtmlCacheBehavior [ RunTime:0.000000s ]
INFO: [ app_begin ] --END-- [ RunTime:0.001000s ]
SQL: SHOW COLUMNS FROM `one_menu` [ RunTime:0.0030s ]
SQL: SELECT `id`,`image_dir`,`image`,`menu_name` FROM `one_menu` ORDER BY `salde_num` DESC LIMIT 0,6   [ RunTime:0.0000s ]
SQL: SHOW COLUMNS FROM `one_shop` [ RunTime:0.0030s ]
SQL: SELECT `id`,`logo`,`shop_name` FROM `one_shop` ORDER BY `grade` DESC LIMIT 0,6   [ RunTime:0.0000s ]
INFO: [ view_parse ] --START--
INFO: [ template_filter ] --START--
INFO: Run Behavior\ContentReplaceBehavior [ RunTime:0.000000s ]
INFO: [ template_filter ] --END-- [ RunTime:0.000000s ]
NOTIC: [8] Undefined variable: province D:\xxzl\dm\takeout\TakeOut1\Application\Runtime\Cache\Home\2a94b8bda04ff446dcedd42276fc99ee.php 第 97 行.
NOTIC: [8] Undefined variable: city D:\xxzl\dm\takeout\TakeOut1\Application\Runtime\Cache\Home\2a94b8bda04ff446dcedd42276fc99ee.php 第 98 行.
INFO: Run Behavior\ParseTemplateBehavior [ RunTime:0.007000s ]
INFO: [ view_parse ] --END-- [ RunTime:0.007000s ]
INFO: [ view_filter ] --START--
INFO: Run Behavior\WriteHtmlCacheBehavior [ RunTime:0.000000s ]
INFO: [ view_filter ] --END-- [ RunTime:0.000000s ]
INFO: [ app_end ] --START--
INFO: Run Behavior\ShowPageTraceBehavior [ RunTime:0.001000s ]
INFO: [ app_end ] --END-- [ RunTime:0.001000s ]

[ 2019-11-19T12:04:03+08:00 ] 127.0.0.1 /Home/Index/index.html
INFO: [ app_begin ] --START--
INFO: Run Behavior\ReadHtmlCacheBehavior [ RunTime:0.001000s ]
INFO: [ app_begin ] --END-- [ RunTime:0.001000s ]
SQL: SHOW COLUMNS FROM `one_menu` [ RunTime:0.0030s ]
SQL: SELECT `id`,`image_dir`,`image`,`menu_name` FROM `one_menu` ORDER BY `salde_num` DESC LIMIT 0,6   [ RunTime:0.0010s ]
SQL: SHOW COLUMNS FROM `one_shop` [ RunTime:0.0020s ]
SQL: SELECT `id`,`logo`,`shop_name` FROM `one_shop` ORDER BY `grade` DESC LIMIT 0,6   [ RunTime:0.0000s ]
INFO: [ view_parse ] --START--
INFO: [ template_filter ] --START--
INFO: Run Behavior\ContentReplaceBehavior [ RunTime:0.000000s ]
INFO: [ template_filter ] --END-- [ RunTime:0.000000s ]
NOTIC: [8] Undefined variable: province D:\xxzl\dm\takeout\TakeOut1\Application\Runtime\Cache\Home\2a94b8bda04ff446dcedd42276fc99ee.php 第 97 行.
NOTIC: [8] Undefined variable: city D:\xxzl\dm\takeout\TakeOut1\Application\Runtime\Cache\Home\2a94b8bda04ff446dcedd42276fc99ee.php 第 98 行.
INFO: Run Behavior\ParseTemplateBehavior [ RunTime:0.004001s ]
INFO: [ view_parse ] --END-- [ RunTime:0.004001s ]
INFO: [ view_filter ] --START--
INFO: Run Behavior\WriteHtmlCacheBehavior [ RunTime:0.001000s ]
INFO: [ view_filter ] --END-- [ RunTime:0.001000s ]
INFO: [ app_end ] --START--
INFO: Run Behavior\ShowPageTraceBehavior [ RunTime:0.000000s ]
INFO: [ app_end ] --END-- [ RunTime:0.000000s ]

[ 2019-11-19T12:04:05+08:00 ] 127.0.0.1 /Home/Index/index.html
INFO: [ app_begin ] --START--
INFO: Run Behavior\ReadHtmlCacheBehavior [ RunTime:0.001000s ]
INFO: [ app_begin ] --END-- [ RunTime:0.001000s ]
SQL: SHOW COLUMNS FROM `one_menu` [ RunTime:0.0020s ]
SQL: SELECT `id`,`image_dir`,`image`,`menu_name` FROM `one_menu` ORDER BY `salde_num` DESC LIMIT 0,6   [ RunTime:0.0010s ]
SQL: SHOW COLUMNS FROM `one_shop` [ RunTime:0.0020s ]
SQL: SELECT `id`,`logo`,`shop_name` FROM `one_shop` ORDER BY `grade` DESC LIMIT 0,6   [ RunTime:0.0010s ]
INFO: [ view_parse ] --START--
INFO: [ template_filter ] --START--
INFO: Run Behavior\ContentReplaceBehavior [ RunTime:0.000000s ]
INFO: [ template_filter ] --END-- [ RunTime:0.000000s ]
NOTIC: [8] Undefined variable: province D:\xxzl\dm\takeout\TakeOut1\Application\Runtime\Cache\Home\2a94b8bda04ff446dcedd42276fc99ee.php 第 97 行.
NOTIC: [8] Undefined variable: city D:\xxzl\dm\takeout\TakeOut1\Application\Runtime\Cache\Home\2a94b8bda04ff446dcedd42276fc99ee.php 第 98 行.
INFO: Run Behavior\ParseTemplateBehavior [ RunTime:0.004000s ]
INFO: [ view_parse ] --END-- [ RunTime:0.004000s ]
INFO: [ view_filter ] --START--
INFO: Run Behavior\WriteHtmlCacheBehavior [ RunTime:0.000000s ]
INFO: [ view_filter ] --END-- [ RunTime:0.000000s ]
INFO: [ app_end ] --START--
INFO: Run Behavior\ShowPageTraceBehavior [ RunTime:0.001000s ]
INFO: [ app_end ] --END-- [ RunTime:0.001000s ]

[ 2019-11-19T12:04:17+08:00 ] 127.0.0.1 /Home/Index/index.html
INFO: [ app_begin ] --START--
INFO: Run Behavior\ReadHtmlCacheBehavior [ RunTime:0.000000s ]
INFO: [ app_begin ] --END-- [ RunTime:0.000000s ]
SQL: SHOW COLUMNS FROM `one_menu` [ RunTime:0.0020s ]
SQL: SELECT `id`,`image_dir`,`image`,`menu_name` FROM `one_menu` ORDER BY `salde_num` DESC LIMIT 0,6   [ RunTime:0.0010s ]
SQL: SHOW COLUMNS FROM `one_shop` [ RunTime:0.0020s ]
SQL: SELECT `id`,`logo`,`shop_name` FROM `one_shop` ORDER BY `grade` DESC LIMIT 0,6   [ RunTime:0.0000s ]
INFO: [ view_parse ] --START--
INFO: [ template_filter ] --START--
INFO: Run Behavior\ContentReplaceBehavior [ RunTime:0.000000s ]
INFO: [ template_filter ] --END-- [ RunTime:0.000000s ]
NOTIC: [8] Undefined variable: province D:\xxzl\dm\takeout\TakeOut1\Application\Runtime\Cache\Home\2a94b8bda04ff446dcedd42276fc99ee.php 第 97 行.
NOTIC: [8] Undefined variable: city D:\xxzl\dm\takeout\TakeOut1\Application\Runtime\Cache\Home\2a94b8bda04ff446dcedd42276fc99ee.php 第 98 行.
INFO: Run Behavior\ParseTemplateBehavior [ RunTime:0.005001s ]
INFO: [ view_parse ] --END-- [ RunTime:0.005001s ]
INFO: [ view_filter ] --START--
INFO: Run Behavior\WriteHtmlCacheBehavior [ RunTime:0.000000s ]
INFO: [ view_filter ] --END-- [ RunTime:0.000000s ]
INFO: [ app_end ] --START--
INFO: Run Behavior\ShowPageTraceBehavior [ RunTime:0.000000s ]
INFO: [ app_end ] --END-- [ RunTime:0.000000s ]

[ 2019-11-19T12:04:18+08:00 ] 127.0.0.1 /Home/Index/index.html
INFO: [ app_begin ] --START--
INFO: Run Behavior\ReadHtmlCacheBehavior [ RunTime:0.001000s ]
INFO: [ app_begin ] --END-- [ RunTime:0.001000s ]
SQL: SHOW COLUMNS FROM `one_menu` [ RunTime:0.0020s ]
SQL: SELECT `id`,`image_dir`,`image`,`menu_name` FROM `one_menu` ORDER BY `salde_num` DESC LIMIT 0,6   [ RunTime:0.0010s ]
SQL: SHOW COLUMNS FROM `one_shop` [ RunTime:0.0020s ]
SQL: SELECT `id`,`logo`,`shop_name` FROM `one_shop` ORDER BY `grade` DESC LIMIT 0,6   [ RunTime:0.0010s ]
INFO: [ view_parse ] --START--
INFO: [ template_filter ] --START--
INFO: Run Behavior\ContentReplaceBehavior [ RunTime:0.000000s ]
INFO: [ template_filter ] --END-- [ RunTime:0.000000s ]
NOTIC: [8] Undefined variable: province D:\xxzl\dm\takeout\TakeOut1\Application\Runtime\Cache\Home\2a94b8bda04ff446dcedd42276fc99ee.php 第 97 行.
NOTIC: [8] Undefined variable: city D:\xxzl\dm\takeout\TakeOut1\Application\Runtime\Cache\Home\2a94b8bda04ff446dcedd42276fc99ee.php 第 98 行.
INFO: Run Behavior\ParseTemplateBehavior [ RunTime:0.005000s ]
INFO: [ view_parse ] --END-- [ RunTime:0.005000s ]
INFO: [ view_filter ] --START--
INFO: Run Behavior\WriteHtmlCacheBehavior [ RunTime:0.000000s ]
INFO: [ view_filter ] --END-- [ RunTime:0.000000s ]
INFO: [ app_end ] --START--
INFO: Run Behavior\ShowPageTraceBehavior [ RunTime:0.000000s ]
INFO: [ app_end ] --END-- [ RunTime:0.000000s ]

[ 2019-11-19T12:05:08+08:00 ] 127.0.0.1 /Home/Index/index.html
INFO: [ app_begin ] --START--
INFO: Run Behavior\ReadHtmlCacheBehavior [ RunTime:0.000000s ]
INFO: [ app_begin ] --END-- [ RunTime:0.001000s ]
SQL: SHOW COLUMNS FROM `one_menu` [ RunTime:0.0020s ]
SQL: SELECT `id`,`image_dir`,`image`,`menu_name` FROM `one_menu` ORDER BY `salde_num` DESC LIMIT 0,6   [ RunTime:0.0000s ]
SQL: SHOW COLUMNS FROM `one_shop` [ RunTime:0.0020s ]
SQL: SELECT `id`,`logo`,`shop_name` FROM `one_shop` ORDER BY `grade` DESC LIMIT 0,6   [ RunTime:0.0010s ]
INFO: [ view_parse ] --START--
INFO: [ template_filter ] --START--
INFO: Run Behavior\ContentReplaceBehavior [ RunTime:0.000000s ]
INFO: [ template_filter ] --END-- [ RunTime:0.000000s ]
NOTIC: [8] Undefined variable: province D:\xxzl\dm\takeout\TakeOut1\Application\Runtime\Cache\Home\2a94b8bda04ff446dcedd42276fc99ee.php 第 97 行.
NOTIC: [8] Undefined variable: city D:\xxzl\dm\takeout\TakeOut1\Application\Runtime\Cache\Home\2a94b8bda04ff446dcedd42276fc99ee.php 第 98 行.
INFO: Run Behavior\ParseTemplateBehavior [ RunTime:0.004000s ]
INFO: [ view_parse ] --END-- [ RunTime:0.004000s ]
INFO: [ view_filter ] --START--
INFO: Run Behavior\WriteHtmlCacheBehavior [ RunTime:0.000000s ]
INFO: [ view_filter ] --END-- [ RunTime:0.000000s ]
INFO: [ app_end ] --START--
INFO: Run Behavior\ShowPageTraceBehavior [ RunTime:0.001000s ]
INFO: [ app_end ] --END-- [ RunTime:0.001000s ]

[ 2019-11-19T12:05:09+08:00 ] 127.0.0.1 /Home/Index/index.html
INFO: [ app_begin ] --START--
INFO: Run Behavior\ReadHtmlCacheBehavior [ RunTime:0.000000s ]
INFO: [ app_begin ] --END-- [ RunTime:0.001001s ]
SQL: SHOW COLUMNS FROM `one_menu` [ RunTime:0.0020s ]
SQL: SELECT `id`,`image_dir`,`image`,`menu_name` FROM `one_menu` ORDER BY `salde_num` DESC LIMIT 0,6   [ RunTime:0.0000s ]
SQL: SHOW COLUMNS FROM `one_shop` [ RunTime:0.0020s ]
SQL: SELECT `id`,`logo`,`shop_name` FROM `one_shop` ORDER BY `grade` DESC LIMIT 0,6   [ RunTime:0.0000s ]
INFO: [ view_parse ] --START--
INFO: [ template_filter ] --START--
INFO: Run Behavior\ContentReplaceBehavior [ RunTime:0.000000s ]
INFO: [ template_filter ] --END-- [ RunTime:0.000000s ]
NOTIC: [8] Undefined variable: province D:\xxzl\dm\takeout\TakeOut1\Application\Runtime\Cache\Home\2a94b8bda04ff446dcedd42276fc99ee.php 第 97 行.
NOTIC: [8] Undefined variable: city D:\xxzl\dm\takeout\TakeOut1\Application\Runtime\Cache\Home\2a94b8bda04ff446dcedd42276fc99ee.php 第 98 行.
INFO: Run Behavior\ParseTemplateBehavior [ RunTime:0.009001s ]
INFO: [ view_parse ] --END-- [ RunTime:0.009001s ]
INFO: [ view_filter ] --START--
INFO: Run Behavior\WriteHtmlCacheBehavior [ RunTime:0.000000s ]
INFO: [ view_filter ] --END-- [ RunTime:0.000000s ]
INFO: [ app_end ] --START--
INFO: Run Behavior\ShowPageTraceBehavior [ RunTime:0.001000s ]
INFO: [ app_end ] --END-- [ RunTime:0.001000s ]

[ 2019-11-19T13:55:38+08:00 ] 127.0.0.1 /Home/Index/index.html/%E5%A4%A9%E6%B4%A5%E5%B8%82
INFO: [ app_begin ] --START--
INFO: Run Behavior\ReadHtmlCacheBehavior [ RunTime:0.000000s ]
INFO: [ app_begin ] --END-- [ RunTime:0.001000s ]
ERR: 非法操作:index.html

[ 2019-11-19T13:55:41+08:00 ] 127.0.0.1 /Home/Index/index.html/%E5%9C%B0%E7%BA%A7%E5%B8%82
INFO: [ app_begin ] --START--
INFO: Run Behavior\ReadHtmlCacheBehavior [ RunTime:0.001000s ]
INFO: [ app_begin ] --END-- [ RunTime:0.001000s ]
ERR: 非法操作:index.html

[ 2019-11-19T14:05:43+08:00 ] 127.0.0.1 /Home/Index/index.html/%E5%91%BC%E5%92%8C%E6%B5%A9%E7%89%B9%E5%B8%82
INFO: [ app_begin ] --START--
INFO: Run Behavior\ReadHtmlCacheBehavior [ RunTime:0.001000s ]
INFO: [ app_begin ] --END-- [ RunTime:0.001000s ]
ERR: 非法操作:index.html

[ 2019-11-19T14:07:20+08:00 ] 127.0.0.1 /Home/Index/index.html/%E5%8C%85%E5%A4%B4%E5%B8%82
INFO: [ app_begin ] --START--
INFO: Run Behavior\ReadHtmlCacheBehavior [ RunTime:0.001000s ]
INFO: [ app_begin ] --END-- [ RunTime:0.001000s ]
ERR: 非法操作:index.html

[ 2019-11-19T14:09:18+08:00 ] 127.0.0.1 /Home/Index/index.html/%E4%B8%8A%E6%B5%B7%E5%B8%82
INFO: [ app_begin ] --START--
INFO: Run Behavior\ReadHtmlCacheBehavior [ RunTime:0.001000s ]
INFO: [ app_begin ] --END-- [ RunTime:0.001000s ]
ERR: 非法操作:index.html

[ 2019-11-19T14:09:55+08:00 ] 127.0.0.1 /Home/Index/index.html/%E6%9C%94%E5%B7%9E%E5%B8%82
INFO: [ app_begin ] --START--
INFO: Run Behavior\ReadHtmlCacheBehavior [ RunTime:0.000000s ]
INFO: [ app_begin ] --END-- [ RunTime:0.001000s ]
ERR: 非法操作:index.html

[ 2019-11-19T14:12:14+08:00 ] 127.0.0.1 /Home/Index/index.html/%E6%89%BF%E5%BE%B7%E5%B8%82
INFO: [ app_begin ] --START--
INFO: Run Behavior\ReadHtmlCacheBehavior [ RunTime:0.001000s ]
INFO: [ app_begin ] --END-- [ RunTime:0.001000s ]
ERR: 非法操作:index.html

[ 2019-11-19T14:15:47+08:00 ] 127.0.0.1 /Home/Index/index.html/%E5%BC%A0%E5%AE%B6%E5%8F%A3%E5%B8%82
INFO: [ app_begin ] --START--
INFO: Run Behavior\ReadHtmlCacheBehavior [ RunTime:0.000000s ]
INFO: [ app_begin ] --END-- [ RunTime:0.001000s ]
ERR: 非法操作:index.html

[ 2019-11-19T14:16:12+08:00 ] 127.0.0.1 /Home/Index/index.html/%E5%94%90%E5%B1%B1%E5%B8%82
INFO: [ app_begin ] --START--
INFO: Run Behavior\ReadHtmlCacheBehavior [ RunTime:0.000000s ]
INFO: [ app_begin ] --END-- [ RunTime:0.001000s ]
ERR: 非法操作:index.html

[ 2019-11-19T14:17:30+08:00 ] 127.0.0.1 /Home/Index/index.html/%E4%B8%8A%E6%B5%B7%E5%B8%82
INFO: [ app_begin ] --START--
INFO: Run Behavior\ReadHtmlCacheBehavior [ RunTime:0.000000s ]
INFO: [ app_begin ] --END-- [ RunTime:0.000000s ]
ERR: 非法操作:index.html

[ 2019-11-19T14:17:50+08:00 ] 127.0.0.1 /Home/Index/index.html/%E9%87%8D%E5%BA%86%E5%B8%82
INFO: [ app_begin ] --START--
INFO: Run Behavior\ReadHtmlCacheBehavior [ RunTime:0.001000s ]
INFO: [ app_begin ] --END-- [ RunTime:0.001000s ]
ERR: 非法操作:index.html

[ 2019-11-19T14:22:05+08:00 ] 127.0.0.1 /Home/Index/index.html/%E9%80%9A%E8%BE%BD%E5%B8%82
INFO: [ app_begin ] --START--
INFO: Run Behavior\ReadHtmlCacheBehavior [ RunTime:0.000000s ]
INFO: [ app_begin ] --END-- [ RunTime:0.000000s ]
ERR: 非法操作:index.html

[ 2019-11-19T14:25:53+08:00 ] 127.0.0.1 /Home/Index/index.html/%E5%91%BC%E4%BC%A6%E8%B4%9D%E5%B0%94%E5%B8%82
INFO: [ app_begin ] --START--
INFO: Run Behavior\ReadHtmlCacheBehavior [ RunTime:0.001000s ]
INFO: [ app_begin ] --END-- [ RunTime:0.001000s ]
ERR: 非法操作:index.html

[ 2019-11-19T14:25:57+08:00 ] 127.0.0.1 /Home/Index/index.html/%E4%B9%8C%E5%85%B0%E5%AF%9F%E5%B8%83%E5%B8%82
INFO: [ app_begin ] --START--
INFO: Run Behavior\ReadHtmlCacheBehavior [ RunTime:0.000000s ]
INFO: [ app_begin ] --END-- [ RunTime:0.000000s ]
ERR: 非法操作:index.html

[ 2019-11-19T14:28:08+08:00 ] 127.0.0.1 /Home/Index/index.html/%E5%BC%A0%E5%AE%B6%E5%8F%A3%E5%B8%82
INFO: [ app_begin ] --START--
INFO: Run Behavior\ReadHtmlCacheBehavior [ RunTime:0.000000s ]
INFO: [ app_begin ] --END-- [ RunTime:0.001000s ]
ERR: 非法操作:index.html

[ 2019-11-19T14:28:57+08:00 ] 127.0.0.1 /Home/Index/index.html/%E6%89%BF%E5%BE%B7%E5%B8%82
INFO: [ app_begin ] --START--
INFO: Run Behavior\ReadHtmlCacheBehavior [ RunTime:0.000000s ]
INFO: [ app_begin ] --END-- [ RunTime:0.001000s ]
ERR: 非法操作:index.html

[ 2019-11-19T14:29:19+08:00 ] 127.0.0.1 /Home/Index/index.html/%E5%BB%8A%E5%9D%8A%E5%B8%82
INFO: [ app_begin ] --START--
INFO: Run Behavior\ReadHtmlCacheBehavior [ RunTime:0.001000s ]
INFO: [ app_begin ] --END-- [ RunTime:0.001000s ]
ERR: 非法操作:index.html

[ 2019-11-19T14:29:41+08:00 ] 127.0.0.1 /Home/Index/index.html
INFO: [ app_begin ] --START--
INFO: Run Behavior\ReadHtmlCacheBehavior [ RunTime:0.001001s ]
INFO: [ app_begin ] --END-- [ RunTime:0.001001s ]

[ 2019-11-19T14:31:20+08:00 ] 127.0.0.1 /Home/Index/index.html?city=%E9%87%8D%E5%BA%86%E5%B8%82
INFO: [ app_begin ] --START--
INFO: Run Behavior\ReadHtmlCacheBehavior [ RunTime:0.001000s ]
INFO: [ app_begin ] --END-- [ RunTime:0.002000s ]

[ 2019-11-19T14:31:47+08:00 ] 127.0.0.1 /Home/Index/index.html?city=%E5%A4%A9%E6%B4%A5%E5%B8%82
INFO: [ app_begin ] --START--
INFO: Run Behavior\ReadHtmlCacheBehavior [ RunTime:0.001000s ]
INFO: [ app_begin ] --END-- [ RunTime:0.001000s ]

[ 2019-11-19T14:32:03+08:00 ] 127.0.0.1 /Home/Index/index.html?city=%E9%87%8D%E5%BA%86%E5%B8%82
INFO: [ app_begin ] --START--
INFO: Run Behavior\ReadHtmlCacheBehavior [ RunTime:0.002001s ]
INFO: [ app_begin ] --END-- [ RunTime:0.002001s ]
SQL: SHOW COLUMNS FROM `one_menu` [ RunTime:0.0030s ]
SQL: SELECT `id`,`image_dir`,`image`,`menu_name` FROM `one_menu` ORDER BY `salde_num` DESC LIMIT 0,6   [ RunTime:0.0000s ]
SQL: SHOW COLUMNS FROM `one_shop` [ RunTime:0.0030s ]
SQL: SELECT `id`,`logo`,`shop_name` FROM `one_shop` ORDER BY `grade` DESC LIMIT 0,6   [ RunTime:0.0000s ]
INFO: [ view_parse ] --START--
INFO: [ template_filter ] --START--
INFO: Run Behavior\ContentReplaceBehavior [ RunTime:0.000000s ]
INFO: [ template_filter ] --END-- [ RunTime:0.000000s ]
INFO: Run Behavior\ParseTemplateBehavior [ RunTime:0.063003s ]
INFO: [ view_parse ] --END-- [ RunTime:0.063003s ]
INFO: [ view_filter ] --START--
INFO: Run Behavior\WriteHtmlCacheBehavior [ RunTime:0.001000s ]
INFO: [ view_filter ] --END-- [ RunTime:0.001000s ]
INFO: [ app_end ] --START--
INFO: Run Behavior\ShowPageTraceBehavior [ RunTime:0.001000s ]
INFO: [ app_end ] --END-- [ RunTime:0.001000s ]

[ 2019-11-19T16:03:18+08:00 ] 127.0.0.1 /Home/Index/index.html?city=%E4%B8%8A%E6%B5%B7%E5%B8%82
INFO: [ app_begin ] --START--
INFO: Run Behavior\ReadHtmlCacheBehavior [ RunTime:0.000000s ]
INFO: [ app_begin ] --END-- [ RunTime:0.001000s ]
SQL: SHOW COLUMNS FROM `one_shop` [ RunTime:0.0020s ]
NOTIC: [8] Array to string conversion D:\xxzl\dm\takeout\TakeOut1\Application\Home\Controller\IndexController.class.php 第 17 行.
SQL: SELECT `id`,`logo`,`shop_name` FROM `one_shop` WHERE ( site ) ORDER BY `grade` DESC LIMIT 0,6   [ RunTime:0.0010s ]
SQL: SHOW COLUMNS FROM `one_menu` [ RunTime:0.0020s ]
NOTIC: [8] Undefined variable: shop_id D:\xxzl\dm\takeout\TakeOut1\Application\Home\Controller\IndexController.class.php 第 27 行.
ERR: 1064:You have an error in your SQL syntax; check the manual that corresponds to your MySQL server version for the right syntax to use near ') ORDER BY `salde_num` DESC LIMIT 0,6' at line 1
 [ SQL语句 ] : SELECT `id`,`image_dir`,`image`,`menu_name` FROM one_menu g left JOIN one_shop as s on g.sid=s.id  WHERE ( id in  ) ORDER BY `salde_num` DESC LIMIT 0,6  
ERR: 1064:You have an error in your SQL syntax; check the manual that corresponds to your MySQL server version for the right syntax to use near ') ORDER BY `salde_num` DESC LIMIT 0,6' at line 1
 [ SQL语句 ] : SELECT `id`,`image_dir`,`image`,`menu_name` FROM one_menu g left JOIN one_shop as s on g.sid=s.id  WHERE ( id in  ) ORDER BY `salde_num` DESC LIMIT 0,6  

[ 2019-11-19T16:05:31+08:00 ] 127.0.0.1 /Home/Index/index.html?city=%E9%87%8D%E5%BA%86%E5%B8%82
INFO: [ app_begin ] --START--
INFO: Run Behavior\ReadHtmlCacheBehavior [ RunTime:0.000000s ]
INFO: [ app_begin ] --END-- [ RunTime:0.000000s ]
SQL: SHOW COLUMNS FROM `one_shop` [ RunTime:0.0070s ]
NOTIC: [8] Array to string conversion D:\xxzl\dm\takeout\TakeOut1\Application\Home\Controller\IndexController.class.php 第 17 行.
SQL: SELECT `id`,`logo`,`shop_name` FROM `one_shop` WHERE ( site ) ORDER BY `grade` DESC LIMIT 0,6   [ RunTime:0.0000s ]
NOTIC: [8] Undefined variable: shop_id D:\xxzl\dm\takeout\TakeOut1\Application\Home\Controller\IndexController.class.php 第 24 行.
SQL: SHOW COLUMNS FROM `one_menu` [ RunTime:0.0020s ]
NOTIC: [2] implode(): Invalid arguments passed D:\xxzl\dm\takeout\TakeOut1\ThinkPHP\Library\Think\Db\Driver.class.php 第 644 行.
ERR: 1064:You have an error in your SQL syntax; check the manual that corresponds to your MySQL server version for the right syntax to use near ') ORDER BY `salde_num` DESC LIMIT 0,6' at line 1
 [ SQL语句 ] : SELECT `id`,`image_dir`,`image`,`menu_name` FROM one_menu g left JOIN one_shop as s on g.sid=s.id  WHERE `id` IN () ORDER BY `salde_num` DESC LIMIT 0,6  
ERR: 1064:You have an error in your SQL syntax; check the manual that corresponds to your MySQL server version for the right syntax to use near ') ORDER BY `salde_num` DESC LIMIT 0,6' at line 1
 [ SQL语句 ] : SELECT `id`,`image_dir`,`image`,`menu_name` FROM one_menu g left JOIN one_shop as s on g.sid=s.id  WHERE `id` IN () ORDER BY `salde_num` DESC LIMIT 0,6  

[ 2019-11-19T16:06:26+08:00 ] 127.0.0.1 /Home/Index/index.html?city=%E5%8C%85%E5%A4%B4%E5%B8%82
INFO: [ app_begin ] --START--
INFO: Run Behavior\ReadHtmlCacheBehavior [ RunTime:0.000000s ]
INFO: [ app_begin ] --END-- [ RunTime:0.001000s ]
SQL: SHOW COLUMNS FROM `one_shop` [ RunTime:0.0030s ]
NOTIC: [8] Array to string conversion D:\xxzl\dm\takeout\TakeOut1\Application\Home\Controller\IndexController.class.php 第 17 行.
SQL: SELECT `id`,`logo`,`shop_name` FROM `one_shop` WHERE ( site ) ORDER BY `grade` DESC LIMIT 0,6   [ RunTime:0.0010s ]
SQL: SHOW COLUMNS FROM `one_menu` [ RunTime:0.0020s ]
ERR: 1052:Column 'id' in field list is ambiguous
 [ SQL语句 ] : SELECT `id`,`image_dir`,`image`,`menu_name` FROM one_menu g left JOIN one_shop as s on g.sid=s.id  WHERE `id` IN ('') ORDER BY `salde_num` DESC LIMIT 0,6  
ERR: 1052:Column 'id' in field list is ambiguous
 [ SQL语句 ] : SELECT `id`,`image_dir`,`image`,`menu_name` FROM one_menu g left JOIN one_shop as s on g.sid=s.id  WHERE `id` IN ('') ORDER BY `salde_num` DESC LIMIT 0,6  

[ 2019-11-19T16:07:25+08:00 ] 127.0.0.1 /Home/Index/index.html?city=%E9%83%91%E5%B7%9E%E5%B8%82
INFO: [ app_begin ] --START--
INFO: Run Behavior\ReadHtmlCacheBehavior [ RunTime:0.000000s ]
INFO: [ app_begin ] --END-- [ RunTime:0.000000s ]
SQL: SHOW COLUMNS FROM `one_shop` [ RunTime:0.0030s ]
NOTIC: [8] Array to string conversion D:\xxzl\dm\takeout\TakeOut1\Application\Home\Controller\IndexController.class.php 第 17 行.
SQL: SELECT `id`,`logo`,`shop_name` FROM `one_shop` WHERE ( site ) ORDER BY `grade` DESC LIMIT 0,6   [ RunTime:0.0000s ]
SQL: SHOW COLUMNS FROM `one_menu` [ RunTime:0.0030s ]
ERR: 1052:Column 'id' in field list is ambiguous
 [ SQL语句 ] : SELECT `id`,`image_dir`,`image`,`menu_name` FROM one_menu g left JOIN one_shop as s on g.sid=s.id  WHERE `id` IN ('') ORDER BY `salde_num` DESC LIMIT 0,6  
ERR: 1052:Column 'id' in field list is ambiguous
 [ SQL语句 ] : SELECT `id`,`image_dir`,`image`,`menu_name` FROM one_menu g left JOIN one_shop as s on g.sid=s.id  WHERE `id` IN ('') ORDER BY `salde_num` DESC LIMIT 0,6  

[ 2019-11-19T16:09:38+08:00 ] 127.0.0.1 /Home/Index/index.html?city=%E9%83%91%E5%B7%9E%E5%B8%82
INFO: [ app_begin ] --START--
INFO: Run Behavior\ReadHtmlCacheBehavior [ RunTime:0.001001s ]
INFO: [ app_begin ] --END-- [ RunTime:0.001001s ]
SQL: SHOW COLUMNS FROM `one_shop` [ RunTime:0.0030s ]
NOTIC: [8] Array to string conversion D:\xxzl\dm\takeout\TakeOut1\Application\Home\Controller\IndexController.class.php 第 17 行.
SQL: SELECT `id`,`logo`,`shop_name` FROM `one_shop` WHERE ( site ) ORDER BY `grade` DESC LIMIT 0,6   [ RunTime:0.0010s ]
SQL: SHOW COLUMNS FROM `one_menu` [ RunTime:0.0020s ]
ERR: 1052:Column 'id' in field list is ambiguous
 [ SQL语句 ] : SELECT `id`,`image_dir`,`image`,`menu_name` FROM one_menu as u left JOIN one_shop as s on m.sid=s.id  WHERE `id` IN ('') ORDER BY `salde_num` DESC LIMIT 0,6  
ERR: 1052:Column 'id' in field list is ambiguous
 [ SQL语句 ] : SELECT `id`,`image_dir`,`image`,`menu_name` FROM one_menu as u left JOIN one_shop as s on m.sid=s.id  WHERE `id` IN ('') ORDER BY `salde_num` DESC LIMIT 0,6  

[ 2019-11-19T16:09:46+08:00 ] 127.0.0.1 /Home/Index/index.html?city=%E9%83%91%E5%B7%9E%E5%B8%82
INFO: [ app_begin ] --START--
INFO: Run Behavior\ReadHtmlCacheBehavior [ RunTime:0.000000s ]
INFO: [ app_begin ] --END-- [ RunTime:0.000000s ]
SQL: SHOW COLUMNS FROM `one_shop` [ RunTime:0.0030s ]
NOTIC: [8] Array to string conversion D:\xxzl\dm\takeout\TakeOut1\Application\Home\Controller\IndexController.class.php 第 17 行.
SQL: SELECT `id`,`logo`,`shop_name` FROM `one_shop` WHERE ( site ) ORDER BY `grade` DESC LIMIT 0,6   [ RunTime:0.0000s ]
SQL: SHOW COLUMNS FROM `one_menu` [ RunTime:0.0020s ]
ERR: 1052:Column 'id' in field list is ambiguous
 [ SQL语句 ] : SELECT `id`,`image_dir`,`image`,`menu_name` FROM one_menu as u left JOIN one_shop as s on m.sid=s.id  WHERE `id` IN ('') ORDER BY `salde_num` DESC LIMIT 0,6  
ERR: 1052:Column 'id' in field list is ambiguous
 [ SQL语句 ] : SELECT `id`,`image_dir`,`image`,`menu_name` FROM one_menu as u left JOIN one_shop as s on m.sid=s.id  WHERE `id` IN ('') ORDER BY `salde_num` DESC LIMIT 0,6  

[ 2019-11-19T16:10:07+08:00 ] 127.0.0.1 /Home/Index/index.html?city=%E9%83%91%E5%B7%9E%E5%B8%82
INFO: [ app_begin ] --START--
INFO: Run Behavior\ReadHtmlCacheBehavior [ RunTime:0.001000s ]
INFO: [ app_begin ] --END-- [ RunTime:0.001000s ]
SQL: SHOW COLUMNS FROM `one_shop` [ RunTime:0.0020s ]
NOTIC: [8] Array to string conversion D:\xxzl\dm\takeout\TakeOut1\Application\Home\Controller\IndexController.class.php 第 17 行.
SQL: SELECT `id`,`logo`,`shop_name` FROM `one_shop` WHERE ( site ) ORDER BY `grade` DESC LIMIT 0,6   [ RunTime:0.0010s ]
SQL: SHOW COLUMNS FROM `one_menu` [ RunTime:0.0020s ]
ERR: 1052:Column 'id' in field list is ambiguous
 [ SQL语句 ] : SELECT `id`,`image_dir`,`image`,`menu_name` FROM one_menu as u left JOIN one_shop as s on u.sid=s.id  WHERE `id` IN ('') ORDER BY `salde_num` DESC LIMIT 0,6  
ERR: 1052:Column 'id' in field list is ambiguous
 [ SQL语句 ] : SELECT `id`,`image_dir`,`image`,`menu_name` FROM one_menu as u left JOIN one_shop as s on u.sid=s.id  WHERE `id` IN ('') ORDER BY `salde_num` DESC LIMIT 0,6  

[ 2019-11-19T16:11:02+08:00 ] 127.0.0.1 /Home/Index/index.html?city=%E9%83%91%E5%B7%9E%E5%B8%82
INFO: [ app_begin ] --START--
INFO: Run Behavior\ReadHtmlCacheBehavior [ RunTime:0.000000s ]
INFO: [ app_begin ] --END-- [ RunTime:0.001000s ]
SQL: SHOW COLUMNS FROM `one_shop` [ RunTime:0.0020s ]
NOTIC: [8] Array to string conversion D:\xxzl\dm\takeout\TakeOut1\Application\Home\Controller\IndexController.class.php 第 17 行.
SQL: SELECT `id`,`logo`,`shop_name` FROM `one_shop` WHERE ( site ) ORDER BY `grade` DESC LIMIT 0,6   [ RunTime:0.0000s ]
SQL: SHOW COLUMNS FROM `one_menu` [ RunTime:0.0030s ]
ERR: 1052:Column 'image' in field list is ambiguous
 [ SQL语句 ] : SELECT u.id,`image_dir`,`image`,`menu_name` FROM one_menu as u left JOIN one_shop as s on u.sid=s.id  WHERE `id` IN ('') ORDER BY `salde_num` DESC LIMIT 0,6  
ERR: 1052:Column 'image' in field list is ambiguous
 [ SQL语句 ] : SELECT u.id,`image_dir`,`image`,`menu_name` FROM one_menu as u left JOIN one_shop as s on u.sid=s.id  WHERE `id` IN ('') ORDER BY `salde_num` DESC LIMIT 0,6  

[ 2019-11-19T16:11:06+08:00 ] 127.0.0.1 /Home/Index/index.html?city=%E9%83%91%E5%B7%9E%E5%B8%82
INFO: [ app_begin ] --START--
INFO: Run Behavior\ReadHtmlCacheBehavior [ RunTime:0.000000s ]
INFO: [ app_begin ] --END-- [ RunTime:0.001000s ]
SQL: SHOW COLUMNS FROM `one_shop` [ RunTime:0.0030s ]
NOTIC: [8] Array to string conversion D:\xxzl\dm\takeout\TakeOut1\Application\Home\Controller\IndexController.class.php 第 17 行.
SQL: SELECT `id`,`logo`,`shop_name` FROM `one_shop` WHERE ( site ) ORDER BY `grade` DESC LIMIT 0,6   [ RunTime:0.0000s ]
SQL: SHOW COLUMNS FROM `one_menu` [ RunTime:0.0020s ]
ERR: 1052:Column 'image' in field list is ambiguous
 [ SQL语句 ] : SELECT u.id,`image_dir`,`image`,`menu_name` FROM one_menu as u left JOIN one_shop as s on u.sid=s.id  WHERE `id` IN ('') ORDER BY `salde_num` DESC LIMIT 0,6  
ERR: 1052:Column 'image' in field list is ambiguous
 [ SQL语句 ] : SELECT u.id,`image_dir`,`image`,`menu_name` FROM one_menu as u left JOIN one_shop as s on u.sid=s.id  WHERE `id` IN ('') ORDER BY `salde_num` DESC LIMIT 0,6  

[ 2019-11-19T16:13:11+08:00 ] 127.0.0.1 /Home/Index/index.html?city=%E9%83%91%E5%B7%9E%E5%B8%82
INFO: [ app_begin ] --START--
INFO: Run Behavior\ReadHtmlCacheBehavior [ RunTime:0.001000s ]
INFO: [ app_begin ] --END-- [ RunTime:0.001000s ]
SQL: SHOW COLUMNS FROM `one_shop` [ RunTime:0.0030s ]
NOTIC: [8] Array to string conversion D:\xxzl\dm\takeout\TakeOut1\Application\Home\Controller\IndexController.class.php 第 17 行.
SQL: SELECT `id`,`logo`,`shop_name` FROM `one_shop` WHERE ( site ) ORDER BY `grade` DESC LIMIT 0,6   [ RunTime:0.0010s ]
SQL: SHOW COLUMNS FROM `one_menu` [ RunTime:0.0020s ]
ERR: 1052:Column 'image' in field list is ambiguous
 [ SQL语句 ] : SELECT u.id,`image_dir`,`image`,`menu_name` FROM one_menu as u left JOIN one_shop as s on u.sid=s.id  WHERE `id` IN ('') ORDER BY `salde_num` DESC LIMIT 0,6  
ERR: 1052:Column 'image' in field list is ambiguous
 [ SQL语句 ] : SELECT u.id,`image_dir`,`image`,`menu_name` FROM one_menu as u left JOIN one_shop as s on u.sid=s.id  WHERE `id` IN ('') ORDER BY `salde_num` DESC LIMIT 0,6  

[ 2019-11-19T16:13:29+08:00 ] 127.0.0.1 /Home/Index/index.html?city=%E5%BC%80%E5%B0%81%E5%B8%82
INFO: [ app_begin ] --START--
INFO: Run Behavior\ReadHtmlCacheBehavior [ RunTime:0.000000s ]
INFO: [ app_begin ] --END-- [ RunTime:0.001000s ]
SQL: SHOW COLUMNS FROM `one_shop` [ RunTime:0.0020s ]
NOTIC: [8] Array to string conversion D:\xxzl\dm\takeout\TakeOut1\Application\Home\Controller\IndexController.class.php 第 17 行.
SQL: SELECT `id`,`logo`,`shop_name` FROM `one_shop` WHERE ( site ) ORDER BY `grade` DESC LIMIT 0,6   [ RunTime:0.0000s ]
SQL: SHOW COLUMNS FROM `one_menu` [ RunTime:0.0020s ]
ERR: 1052:Column 'image' in field list is ambiguous
 [ SQL语句 ] : SELECT u.id,`image_dir`,`image`,`menu_name` FROM one_menu as u left JOIN one_shop as s on u.sid=s.id  WHERE `id` IN ('') ORDER BY `salde_num` DESC LIMIT 0,6  
ERR: 1052:Column 'image' in field list is ambiguous
 [ SQL语句 ] : SELECT u.id,`image_dir`,`image`,`menu_name` FROM one_menu as u left JOIN one_shop as s on u.sid=s.id  WHERE `id` IN ('') ORDER BY `salde_num` DESC LIMIT 0,6  

[ 2019-11-19T16:13:49+08:00 ] 127.0.0.1 /Home/Index/index.html?city=%E9%83%91%E5%B7%9E%E5%B8%82
INFO: [ app_begin ] --START--
INFO: Run Behavior\ReadHtmlCacheBehavior [ RunTime:0.000000s ]
INFO: [ app_begin ] --END-- [ RunTime:0.001000s ]
SQL: SHOW COLUMNS FROM `one_shop` [ RunTime:0.0020s ]
NOTIC: [8] Array to string conversion D:\xxzl\dm\takeout\TakeOut1\Application\Home\Controller\IndexController.class.php 第 17 行.
SQL: SELECT `id`,`logo`,`shop_name` FROM `one_shop` WHERE ( site ) LIMIT 0,6   [ RunTime:0.0010s ]
SQL: SHOW COLUMNS FROM `one_menu` [ RunTime:0.0020s ]
ERR: 1052:Column 'image' in field list is ambiguous
 [ SQL语句 ] : SELECT u.id,`image_dir`,`image`,`menu_name` FROM one_menu as u left JOIN one_shop as s on u.sid=s.id  WHERE `id` IN ('') ORDER BY `salde_num` DESC LIMIT 0,6  
ERR: 1052:Column 'image' in field list is ambiguous
 [ SQL语句 ] : SELECT u.id,`image_dir`,`image`,`menu_name` FROM one_menu as u left JOIN one_shop as s on u.sid=s.id  WHERE `id` IN ('') ORDER BY `salde_num` DESC LIMIT 0,6  

[ 2019-11-19T16:14:22+08:00 ] 127.0.0.1 /Home/Index/index.html?city=%E5%BC%80%E5%B0%81%E5%B8%82
INFO: [ app_begin ] --START--
INFO: Run Behavior\ReadHtmlCacheBehavior [ RunTime:0.000000s ]
INFO: [ app_begin ] --END-- [ RunTime:0.000000s ]
SQL: SHOW COLUMNS FROM `one_shop` [ RunTime:0.0030s ]
NOTIC: [8] Array to string conversion D:\xxzl\dm\takeout\TakeOut1\Application\Home\Controller\IndexController.class.php 第 17 行.
SQL: SELECT `id`,`logo`,`shop_name` FROM `one_shop` WHERE ( site ) LIMIT 0,6   [ RunTime:0.0000s ]
SQL: SHOW COLUMNS FROM `one_menu` [ RunTime:0.0020s ]
ERR: 1052:Column 'image' in field list is ambiguous
 [ SQL语句 ] : SELECT u.id,`image_dir`,`image`,`menu_name` FROM one_menu as u left JOIN one_shop as s on u.sid=s.id  WHERE `id` IN ('') ORDER BY `salde_num` DESC LIMIT 0,6  
ERR: 1052:Column 'image' in field list is ambiguous
 [ SQL语句 ] : SELECT u.id,`image_dir`,`image`,`menu_name` FROM one_menu as u left JOIN one_shop as s on u.sid=s.id  WHERE `id` IN ('') ORDER BY `salde_num` DESC LIMIT 0,6  

[ 2019-11-19T16:14:55+08:00 ] 127.0.0.1 /Home/Index/index.html?city=%E9%83%91%E5%B7%9E%E5%B8%82
INFO: [ app_begin ] --START--
INFO: Run Behavior\ReadHtmlCacheBehavior [ RunTime:0.000000s ]
INFO: [ app_begin ] --END-- [ RunTime:0.001000s ]
SQL: SHOW COLUMNS FROM `one_shop` [ RunTime:0.0020s ]
NOTIC: [8] Array to string conversion D:\xxzl\dm\takeout\TakeOut1\Application\Home\Controller\IndexController.class.php 第 17 行.
SQL: SELECT `id`,`logo`,`shop_name` FROM `one_shop` WHERE ( site ) LIMIT 0,6   [ RunTime:0.0000s ]
SQL: SHOW COLUMNS FROM `one_menu` [ RunTime:0.0020s ]
ERR: 1052:Column 'id' in where clause is ambiguous
 [ SQL语句 ] : SELECT u.id,`image_dir`,u.image,`menu_name` FROM one_menu as u left JOIN one_shop as s on u.sid=s.id  WHERE `id` IN ('') ORDER BY `salde_num` DESC LIMIT 0,6  
ERR: 1052:Column 'id' in where clause is ambiguous
 [ SQL语句 ] : SELECT u.id,`image_dir`,u.image,`menu_name` FROM one_menu as u left JOIN one_shop as s on u.sid=s.id  WHERE `id` IN ('') ORDER BY `salde_num` DESC LIMIT 0,6  

[ 2019-11-19T16:16:00+08:00 ] 127.0.0.1 /Home/Index/index.html?city=%E5%BC%80%E5%B0%81%E5%B8%82
INFO: [ app_begin ] --START--
INFO: Run Behavior\ReadHtmlCacheBehavior [ RunTime:0.001000s ]
INFO: [ app_begin ] --END-- [ RunTime:0.001000s ]
SQL: SHOW COLUMNS FROM `one_shop` [ RunTime:0.0250s ]
NOTIC: [8] Array to string conversion D:\xxzl\dm\takeout\TakeOut1\Application\Home\Controller\IndexController.class.php 第 17 行.
SQL: SELECT `id`,`logo`,`shop_name` FROM `one_shop` WHERE ( site ) LIMIT 0,6   [ RunTime:0.0010s ]
SQL: SHOW COLUMNS FROM `one_menu` [ RunTime:0.0020s ]
SQL: SELECT `id`,`image_dir`,`image`,`menu_name` FROM `one_menu` WHERE `sid` IN ('') ORDER BY `salde_num` DESC LIMIT 0,6   [ RunTime:0.0000s ]
INFO: [ app_end ] --START--
INFO: Run Behavior\ShowPageTraceBehavior [ RunTime:0.001000s ]
INFO: [ app_end ] --END-- [ RunTime:0.001000s ]

[ 2019-11-19T16:16:01+08:00 ] 127.0.0.1 /Home/Index/index.html?city=%E9%83%91%E5%B7%9E%E5%B8%82
INFO: [ app_begin ] --START--
INFO: Run Behavior\ReadHtmlCacheBehavior [ RunTime:0.000000s ]
INFO: [ app_begin ] --END-- [ RunTime:0.000000s ]
SQL: SHOW COLUMNS FROM `one_shop` [ RunTime:0.0020s ]
NOTIC: [8] Array to string conversion D:\xxzl\dm\takeout\TakeOut1\Application\Home\Controller\IndexController.class.php 第 17 行.
SQL: SELECT `id`,`logo`,`shop_name` FROM `one_shop` WHERE ( site ) LIMIT 0,6   [ RunTime:0.0010s ]
SQL: SHOW COLUMNS FROM `one_menu` [ RunTime:0.0020s ]
SQL: SELECT `id`,`image_dir`,`image`,`menu_name` FROM `one_menu` WHERE `sid` IN ('') ORDER BY `salde_num` DESC LIMIT 0,6   [ RunTime:0.0000s ]
INFO: [ app_end ] --START--
INFO: Run Behavior\ShowPageTraceBehavior [ RunTime:0.001000s ]
INFO: [ app_end ] --END-- [ RunTime:0.001000s ]

[ 2019-11-19T16:16:09+08:00 ] 127.0.0.1 /Home/Index/index.html?city=%E6%B4%9B%E9%98%B3%E5%B8%82
INFO: [ app_begin ] --START--
INFO: Run Behavior\ReadHtmlCacheBehavior [ RunTime:0.001000s ]
INFO: [ app_begin ] --END-- [ RunTime:0.002000s ]
SQL: SHOW COLUMNS FROM `one_shop` [ RunTime:0.0030s ]
NOTIC: [8] Array to string conversion D:\xxzl\dm\takeout\TakeOut1\Application\Home\Controller\IndexController.class.php 第 17 行.
SQL: SELECT `id`,`logo`,`shop_name` FROM `one_shop` WHERE ( site ) LIMIT 0,6   [ RunTime:0.0010s ]
SQL: SHOW COLUMNS FROM `one_menu` [ RunTime:0.0020s ]
SQL: SELECT `id`,`image_dir`,`image`,`menu_name` FROM `one_menu` WHERE `sid` IN ('') ORDER BY `salde_num` DESC LIMIT 0,6   [ RunTime:0.0000s ]
INFO: [ app_end ] --START--
INFO: Run Behavior\ShowPageTraceBehavior [ RunTime:0.001000s ]
INFO: [ app_end ] --END-- [ RunTime:0.001000s ]

[ 2019-11-19T16:16:12+08:00 ] 127.0.0.1 /Home/Index/index.html?city=%E4%BF%A1%E9%98%B3%E5%B8%82
INFO: [ app_begin ] --START--
INFO: Run Behavior\ReadHtmlCacheBehavior [ RunTime:0.000000s ]
INFO: [ app_begin ] --END-- [ RunTime:0.001000s ]
SQL: SHOW COLUMNS FROM `one_shop` [ RunTime:0.0030s ]
NOTIC: [8] Array to string conversion D:\xxzl\dm\takeout\TakeOut1\Application\Home\Controller\IndexController.class.php 第 17 行.
SQL: SELECT `id`,`logo`,`shop_name` FROM `one_shop` WHERE ( site ) LIMIT 0,6   [ RunTime:0.0000s ]
SQL: SHOW COLUMNS FROM `one_menu` [ RunTime:0.0030s ]
SQL: SELECT `id`,`image_dir`,`image`,`menu_name` FROM `one_menu` WHERE `sid` IN ('') ORDER BY `salde_num` DESC LIMIT 0,6   [ RunTime:0.0000s ]
INFO: [ app_end ] --START--
INFO: Run Behavior\ShowPageTraceBehavior [ RunTime:0.001000s ]
INFO: [ app_end ] --END-- [ RunTime:0.001000s ]

[ 2019-11-19T16:16:19+08:00 ] 127.0.0.1 /Home/Index/index.html?city=%E9%83%91%E5%B7%9E%E5%B8%82
INFO: [ app_begin ] --START--
INFO: Run Behavior\ReadHtmlCacheBehavior [ RunTime:0.000000s ]
INFO: [ app_begin ] --END-- [ RunTime:0.000000s ]
SQL: SHOW COLUMNS FROM `one_shop` [ RunTime:0.0030s ]
NOTIC: [8] Array to string conversion D:\xxzl\dm\takeout\TakeOut1\Application\Home\Controller\IndexController.class.php 第 17 行.
SQL: SELECT `id`,`logo`,`shop_name` FROM `one_shop` WHERE ( site ) LIMIT 0,6   [ RunTime:0.0000s ]
SQL: SHOW COLUMNS FROM `one_menu` [ RunTime:0.0020s ]
SQL: SELECT `id`,`image_dir`,`image`,`menu_name` FROM `one_menu` WHERE `sid` IN ('') ORDER BY `salde_num` DESC LIMIT 0,6   [ RunTime:0.0000s ]
INFO: [ app_end ] --START--
INFO: Run Behavior\ShowPageTraceBehavior [ RunTime:0.001000s ]
INFO: [ app_end ] --END-- [ RunTime:0.001000s ]

[ 2019-11-19T16:18:10+08:00 ] 127.0.0.1 /Home/Index/index.html?city=%E5%BC%80%E5%B0%81%E5%B8%82
INFO: [ app_begin ] --START--
INFO: Run Behavior\ReadHtmlCacheBehavior [ RunTime:0.001000s ]
INFO: [ app_begin ] --END-- [ RunTime:0.001000s ]
NOTIC: [8] Array to string conversion D:\xxzl\dm\takeout\TakeOut1\Application\Home\Controller\IndexController.class.php 第 16 行.
SQL: SHOW COLUMNS FROM `one_shop` [ RunTime:0.0020s ]
SQL: SELECT `id`,`logo`,`shop_name` FROM `one_shop` WHERE `site` LIKE '%Array%' ORDER BY `grade` DESC LIMIT 0,6   [ RunTime:0.0010s ]
SQL: SHOW COLUMNS FROM `one_menu` [ RunTime:0.0020s ]
SQL: SELECT `id`,`image_dir`,`image`,`menu_name` FROM `one_menu` WHERE `sid` IN ('') ORDER BY `salde_num` DESC LIMIT 0,6   [ RunTime:0.0000s ]
INFO: [ app_end ] --START--
INFO: Run Behavior\ShowPageTraceBehavior [ RunTime:0.001000s ]
INFO: [ app_end ] --END-- [ RunTime:0.001000s ]

[ 2019-11-19T16:18:12+08:00 ] 127.0.0.1 /Home/Index/index.html?city=%E9%83%91%E5%B7%9E%E5%B8%82
INFO: [ app_begin ] --START--
INFO: Run Behavior\ReadHtmlCacheBehavior [ RunTime:0.000000s ]
INFO: [ app_begin ] --END-- [ RunTime:0.001000s ]
NOTIC: [8] Array to string conversion D:\xxzl\dm\takeout\TakeOut1\Application\Home\Controller\IndexController.class.php 第 16 行.
SQL: SHOW COLUMNS FROM `one_shop` [ RunTime:0.0030s ]
SQL: SELECT `id`,`logo`,`shop_name` FROM `one_shop` WHERE `site` LIKE '%Array%' ORDER BY `grade` DESC LIMIT 0,6   [ RunTime:0.0000s ]
SQL: SHOW COLUMNS FROM `one_menu` [ RunTime:0.0030s ]
SQL: SELECT `id`,`image_dir`,`image`,`menu_name` FROM `one_menu` WHERE `sid` IN ('') ORDER BY `salde_num` DESC LIMIT 0,6   [ RunTime:0.0000s ]
INFO: [ app_end ] --START--
INFO: Run Behavior\ShowPageTraceBehavior [ RunTime:0.001000s ]
INFO: [ app_end ] --END-- [ RunTime:0.001000s ]

[ 2019-11-19T16:18:51+08:00 ] 127.0.0.1 /Home/Index/index.html?city=%E9%83%91%E5%B7%9E%E5%B8%82
INFO: [ app_begin ] --START--
INFO: Run Behavior\ReadHtmlCacheBehavior [ RunTime:0.000000s ]
INFO: [ app_begin ] --END-- [ RunTime:0.000000s ]
NOTIC: [8] Array to string conversion D:\xxzl\dm\takeout\TakeOut1\Application\Home\Controller\IndexController.class.php 第 16 行.
SQL: SHOW COLUMNS FROM `one_shop` [ RunTime:0.0020s ]
SQL: SELECT `id`,`logo`,`shop_name` FROM `one_shop` WHERE `site` LIKE '%Array%' ORDER BY `grade` DESC LIMIT 0,6   [ RunTime:0.0010s ]
SQL: SHOW COLUMNS FROM `one_menu` [ RunTime:0.0020s ]
SQL: SELECT `id`,`image_dir`,`image`,`menu_name` FROM `one_menu` WHERE `sid` IN ('') ORDER BY `salde_num` DESC LIMIT 0,6   [ RunTime:0.0010s ]
INFO: [ app_end ] --START--
INFO: Run Behavior\ShowPageTraceBehavior [ RunTime:0.000000s ]
INFO: [ app_end ] --END-- [ RunTime:0.000000s ]

[ 2019-11-19T16:19:30+08:00 ] 127.0.0.1 /Home/Index/index.html?city=%E5%BC%80%E5%B0%81%E5%B8%82
INFO: [ app_begin ] --START--
INFO: Run Behavior\ReadHtmlCacheBehavior [ RunTime:0.001000s ]
INFO: [ app_begin ] --END-- [ RunTime:0.001000s ]
NOTIC: [8] Array to string conversion D:\xxzl\dm\takeout\TakeOut1\Application\Home\Controller\IndexController.class.php 第 16 行.
SQL: SHOW COLUMNS FROM `one_shop` [ RunTime:0.0020s ]
NOTIC: [2] Invalid argument supplied for foreach() D:\xxzl\dm\takeout\TakeOut1\Application\Home\Controller\IndexController.class.php 第 26 行.
SQL: SHOW COLUMNS FROM `one_menu` [ RunTime:0.0020s ]
SQL: SELECT `id`,`image_dir`,`image`,`menu_name` FROM `one_menu` WHERE `sid` IN ('') ORDER BY `salde_num` DESC LIMIT 0,6   [ RunTime:0.0000s ]
INFO: [ app_end ] --START--
INFO: Run Behavior\ShowPageTraceBehavior [ RunTime:0.001000s ]
INFO: [ app_end ] --END-- [ RunTime:0.001000s ]

[ 2019-11-19T16:19:32+08:00 ] 127.0.0.1 /Home/Index/index.html?city=%E9%83%91%E5%B7%9E%E5%B8%82
INFO: [ app_begin ] --START--
INFO: Run Behavior\ReadHtmlCacheBehavior [ RunTime:0.001000s ]
INFO: [ app_begin ] --END-- [ RunTime:0.001000s ]
NOTIC: [8] Array to string conversion D:\xxzl\dm\takeout\TakeOut1\Application\Home\Controller\IndexController.class.php 第 16 行.
SQL: SHOW COLUMNS FROM `one_shop` [ RunTime:0.0030s ]
NOTIC: [2] Invalid argument supplied for foreach() D:\xxzl\dm\takeout\TakeOut1\Application\Home\Controller\IndexController.class.php 第 26 行.
SQL: SHOW COLUMNS FROM `one_menu` [ RunTime:0.0020s ]
SQL: SELECT `id`,`image_dir`,`image`,`menu_name` FROM `one_menu` WHERE `sid` IN ('') ORDER BY `salde_num` DESC LIMIT 0,6   [ RunTime:0.0010s ]
INFO: [ app_end ] --START--
INFO: Run Behavior\ShowPageTraceBehavior [ RunTime:0.000000s ]
INFO: [ app_end ] --END-- [ RunTime:0.000000s ]

[ 2019-11-19T16:20:23+08:00 ] 127.0.0.1 /Home/Index/index.html?city=%E5%BC%80%E5%B0%81%E5%B8%82
INFO: [ app_begin ] --START--
INFO: Run Behavior\ReadHtmlCacheBehavior [ RunTime:0.001000s ]
INFO: [ app_begin ] --END-- [ RunTime:0.001000s ]
NOTIC: [8] Array to string conversion D:\xxzl\dm\takeout\TakeOut1\Application\Home\Controller\IndexController.class.php 第 16 行.
SQL: SHOW COLUMNS FROM `one_shop` [ RunTime:0.0120s ]
NOTIC: [2] Invalid argument supplied for foreach() D:\xxzl\dm\takeout\TakeOut1\Application\Home\Controller\IndexController.class.php 第 26 行.
SQL: SHOW COLUMNS FROM `one_menu` [ RunTime:0.0020s ]
ERR: 1054:Unknown column 'site' in 'where clause'
 [ SQL语句 ] : SELECT `id`,`image_dir`,`image`,`menu_name` FROM `one_menu` WHERE `site` LIKE '%Array%' AND `sid` IN ('') ORDER BY `salde_num` DESC LIMIT 0,6  
ERR: 1054:Unknown column 'site' in 'where clause'
 [ SQL语句 ] : SELECT `id`,`image_dir`,`image`,`menu_name` FROM `one_menu` WHERE `site` LIKE '%Array%' AND `sid` IN ('') ORDER BY `salde_num` DESC LIMIT 0,6  

[ 2019-11-19T16:20:24+08:00 ] 127.0.0.1 /Home/Index/index.html?city=%E9%83%91%E5%B7%9E%E5%B8%82
INFO: [ app_begin ] --START--
INFO: Run Behavior\ReadHtmlCacheBehavior [ RunTime:0.000000s ]
INFO: [ app_begin ] --END-- [ RunTime:0.000000s ]
NOTIC: [8] Array to string conversion D:\xxzl\dm\takeout\TakeOut1\Application\Home\Controller\IndexController.class.php 第 16 行.
SQL: SHOW COLUMNS FROM `one_shop` [ RunTime:0.0020s ]
NOTIC: [2] Invalid argument supplied for foreach() D:\xxzl\dm\takeout\TakeOut1\Application\Home\Controller\IndexController.class.php 第 26 行.
SQL: SHOW COLUMNS FROM `one_menu` [ RunTime:0.0030s ]
ERR: 1054:Unknown column 'site' in 'where clause'
 [ SQL语句 ] : SELECT `id`,`image_dir`,`image`,`menu_name` FROM `one_menu` WHERE `site` LIKE '%Array%' AND `sid` IN ('') ORDER BY `salde_num` DESC LIMIT 0,6  
ERR: 1054:Unknown column 'site' in 'where clause'
 [ SQL语句 ] : SELECT `id`,`image_dir`,`image`,`menu_name` FROM `one_menu` WHERE `site` LIKE '%Array%' AND `sid` IN ('') ORDER BY `salde_num` DESC LIMIT 0,6  

[ 2019-11-19T16:21:42+08:00 ] 127.0.0.1 /Home/Index/index.html?city=%E5%BC%80%E5%B0%81%E5%B8%82
INFO: [ app_begin ] --START--
INFO: Run Behavior\ReadHtmlCacheBehavior [ RunTime:0.000000s ]
INFO: [ app_begin ] --END-- [ RunTime:0.000000s ]
NOTIC: [8] Array to string conversion D:\xxzl\dm\takeout\TakeOut1\Application\Home\Controller\IndexController.class.php 第 16 行.
SQL: SHOW COLUMNS FROM `one_shop` [ RunTime:0.0020s ]
NOTIC: [2] Invalid argument supplied for foreach() D:\xxzl\dm\takeout\TakeOut1\Application\Home\Controller\IndexController.class.php 第 26 行.
SQL: SHOW COLUMNS FROM `one_menu` [ RunTime:0.0020s ]
ERR: 1054:Unknown column 'site' in 'where clause'
 [ SQL语句 ] : SELECT `id`,`image_dir`,`image`,`menu_name` FROM `one_menu` WHERE `site` LIKE '%Array%' AND `sid` IN ('') ORDER BY `salde_num` DESC LIMIT 0,6  
ERR: 1054:Unknown column 'site' in 'where clause'
 [ SQL语句 ] : SELECT `id`,`image_dir`,`image`,`menu_name` FROM `one_menu` WHERE `site` LIKE '%Array%' AND `sid` IN ('') ORDER BY `salde_num` DESC LIMIT 0,6  

[ 2019-11-19T16:21:44+08:00 ] 127.0.0.1 /Home/Index/index.html?city=%E9%83%91%E5%B7%9E%E5%B8%82
INFO: [ app_begin ] --START--
INFO: Run Behavior\ReadHtmlCacheBehavior [ RunTime:0.001001s ]
INFO: [ app_begin ] --END-- [ RunTime:0.001001s ]
NOTIC: [8] Array to string conversion D:\xxzl\dm\takeout\TakeOut1\Application\Home\Controller\IndexController.class.php 第 16 行.
SQL: SHOW COLUMNS FROM `one_shop` [ RunTime:0.0030s ]
NOTIC: [2] Invalid argument supplied for foreach() D:\xxzl\dm\takeout\TakeOut1\Application\Home\Controller\IndexController.class.php 第 26 行.
SQL: SHOW COLUMNS FROM `one_menu` [ RunTime:0.0020s ]
ERR: 1054:Unknown column 'site' in 'where clause'
 [ SQL语句 ] : SELECT `id`,`image_dir`,`image`,`menu_name` FROM `one_menu` WHERE `site` LIKE '%Array%' AND `sid` IN ('') ORDER BY `salde_num` DESC LIMIT 0,6  
ERR: 1054:Unknown column 'site' in 'where clause'
 [ SQL语句 ] : SELECT `id`,`image_dir`,`image`,`menu_name` FROM `one_menu` WHERE `site` LIKE '%Array%' AND `sid` IN ('') ORDER BY `salde_num` DESC LIMIT 0,6  

[ 2019-11-19T16:22:36+08:00 ] 127.0.0.1 /Home/Index/index.html?city=%E4%B8%89%E9%97%A8%E5%B3%A1%E5%B8%82
INFO: [ app_begin ] --START--
INFO: Run Behavior\ReadHtmlCacheBehavior [ RunTime:0.000000s ]
INFO: [ app_begin ] --END-- [ RunTime:0.001000s ]
NOTIC: [8] Array to string conversion D:\xxzl\dm\takeout\TakeOut1\Application\Home\Controller\IndexController.class.php 第 16 行.
SQL: SHOW COLUMNS FROM `one_shop` [ RunTime:0.0020s ]
NOTIC: [2] Invalid argument supplied for foreach() D:\xxzl\dm\takeout\TakeOut1\Application\Home\Controller\IndexController.class.php 第 26 行.
SQL: SHOW COLUMNS FROM `one_menu` [ RunTime:0.0020s ]
SQL: SELECT `id`,`image_dir`,`image`,`menu_name` FROM `one_menu` WHERE `sid` IN ('') ORDER BY `salde_num` DESC LIMIT 0,6   [ RunTime:0.0000s ]
INFO: [ app_end ] --START--
INFO: Run Behavior\ShowPageTraceBehavior [ RunTime:0.001000s ]
INFO: [ app_end ] --END-- [ RunTime:0.001000s ]

[ 2019-11-19T16:22:38+08:00 ] 127.0.0.1 /Home/Index/index.html?city=%E9%83%91%E5%B7%9E%E5%B8%82
INFO: [ app_begin ] --START--
INFO: Run Behavior\ReadHtmlCacheBehavior [ RunTime:0.001000s ]
INFO: [ app_begin ] --END-- [ RunTime:0.001000s ]
NOTIC: [8] Array to string conversion D:\xxzl\dm\takeout\TakeOut1\Application\Home\Controller\IndexController.class.php 第 16 行.
SQL: SHOW COLUMNS FROM `one_shop` [ RunTime:0.0020s ]
NOTIC: [2] Invalid argument supplied for foreach() D:\xxzl\dm\takeout\TakeOut1\Application\Home\Controller\IndexController.class.php 第 26 行.
SQL: SHOW COLUMNS FROM `one_menu` [ RunTime:0.0020s ]
SQL: SELECT `id`,`image_dir`,`image`,`menu_name` FROM `one_menu` WHERE `sid` IN ('') ORDER BY `salde_num` DESC LIMIT 0,6   [ RunTime:0.0000s ]
INFO: [ app_end ] --START--
INFO: Run Behavior\ShowPageTraceBehavior [ RunTime:0.001000s ]
INFO: [ app_end ] --END-- [ RunTime:0.001000s ]

[ 2019-11-19T16:23:03+08:00 ] 127.0.0.1 /Home/Index/index.html?city=%E5%BC%80%E5%B0%81%E5%B8%82
INFO: [ app_begin ] --START--
INFO: Run Behavior\ReadHtmlCacheBehavior [ RunTime:0.000000s ]
INFO: [ app_begin ] --END-- [ RunTime:0.000000s ]
SQL: SHOW COLUMNS FROM `one_shop` [ RunTime:0.0030s ]
NOTIC: [2] Invalid argument supplied for foreach() D:\xxzl\dm\takeout\TakeOut1\Application\Home\Controller\IndexController.class.php 第 26 行.
SQL: SHOW COLUMNS FROM `one_menu` [ RunTime:0.0020s ]
SQL: SELECT `id`,`image_dir`,`image`,`menu_name` FROM `one_menu` WHERE `sid` IN ('') ORDER BY `salde_num` DESC LIMIT 0,6   [ RunTime:0.0010s ]
INFO: [ app_end ] --START--
INFO: Run Behavior\ShowPageTraceBehavior [ RunTime:0.000000s ]
INFO: [ app_end ] --END-- [ RunTime:0.000000s ]

[ 2019-11-19T16:23:04+08:00 ] 127.0.0.1 /Home/Index/index.html?city=%E9%83%91%E5%B7%9E%E5%B8%82
INFO: [ app_begin ] --START--
INFO: Run Behavior\ReadHtmlCacheBehavior [ RunTime:0.000000s ]
INFO: [ app_begin ] --END-- [ RunTime:0.001000s ]
SQL: SHOW COLUMNS FROM `one_shop` [ RunTime:0.0020s ]
NOTIC: [2] Invalid argument supplied for foreach() D:\xxzl\dm\takeout\TakeOut1\Application\Home\Controller\IndexController.class.php 第 26 行.
SQL: SHOW COLUMNS FROM `one_menu` [ RunTime:0.0030s ]
SQL: SELECT `id`,`image_dir`,`image`,`menu_name` FROM `one_menu` WHERE `sid` IN ('') ORDER BY `salde_num` DESC LIMIT 0,6   [ RunTime:0.0000s ]
INFO: [ app_end ] --START--
INFO: Run Behavior\ShowPageTraceBehavior [ RunTime:0.001000s ]
INFO: [ app_end ] --END-- [ RunTime:0.001000s ]

[ 2019-11-19T16:23:28+08:00 ] 127.0.0.1 /Home/Index/index.html?city=%E5%BC%80%E5%B0%81%E5%B8%82
INFO: [ app_begin ] --START--
INFO: Run Behavior\ReadHtmlCacheBehavior [ RunTime:0.000000s ]
INFO: [ app_begin ] --END-- [ RunTime:0.001000s ]
SQL: SHOW COLUMNS FROM `one_shop` [ RunTime:0.0190s ]
SQL: SELECT `id`,`logo`,`shop_name` FROM `one_shop` WHERE `site` LIKE '%开封市%' ORDER BY `grade` DESC LIMIT 0,6   [ RunTime:0.0000s ]
SQL: SHOW COLUMNS FROM `one_menu` [ RunTime:0.0020s ]
SQL: SELECT `id`,`image_dir`,`image`,`menu_name` FROM `one_menu` WHERE `sid` IN ('') ORDER BY `salde_num` DESC LIMIT 0,6   [ RunTime:0.0010s ]
INFO: [ app_end ] --START--
INFO: Run Behavior\ShowPageTraceBehavior [ RunTime:0.000000s ]
INFO: [ app_end ] --END-- [ RunTime:0.000000s ]

[ 2019-11-19T16:23:30+08:00 ] 127.0.0.1 /Home/Index/index.html?city=%E9%83%91%E5%B7%9E%E5%B8%82
INFO: [ app_begin ] --START--
INFO: Run Behavior\ReadHtmlCacheBehavior [ RunTime:0.000000s ]
INFO: [ app_begin ] --END-- [ RunTime:0.000000s ]
SQL: SHOW COLUMNS FROM `one_shop` [ RunTime:0.0020s ]
SQL: SELECT `id`,`logo`,`shop_name` FROM `one_shop` WHERE `site` LIKE '%郑州市%' ORDER BY `grade` DESC LIMIT 0,6   [ RunTime:0.0000s ]
NOTIC: [8] Trying to get property of non-object D:\xxzl\dm\takeout\TakeOut1\Application\Home\Controller\IndexController.class.php 第 26 行.
NOTIC: [8] Trying to get property of non-object D:\xxzl\dm\takeout\TakeOut1\Application\Home\Controller\IndexController.class.php 第 26 行.
NOTIC: [8] Trying to get property of non-object D:\xxzl\dm\takeout\TakeOut1\Application\Home\Controller\IndexController.class.php 第 26 行.
NOTIC: [8] Trying to get property of non-object D:\xxzl\dm\takeout\TakeOut1\Application\Home\Controller\IndexController.class.php 第 26 行.
NOTIC: [8] Trying to get property of non-object D:\xxzl\dm\takeout\TakeOut1\Application\Home\Controller\IndexController.class.php 第 26 行.
NOTIC: [8] Trying to get property of non-object D:\xxzl\dm\takeout\TakeOut1\Application\Home\Controller\IndexController.class.php 第 26 行.
SQL: SHOW COLUMNS FROM `one_menu` [ RunTime:0.0030s ]
SQL: SELECT `id`,`image_dir`,`image`,`menu_name` FROM `one_menu` WHERE `sid` IN (null,null,null,null,null,null) ORDER BY `salde_num` DESC LIMIT 0,6   [ RunTime:0.0000s ]
INFO: [ app_end ] --START--
INFO: Run Behavior\ShowPageTraceBehavior [ RunTime:0.001000s ]
INFO: [ app_end ] --END-- [ RunTime:0.001000s ]

[ 2019-11-19T16:24:02+08:00 ] 127.0.0.1 /Home/Index/index.html?city=%E5%BC%80%E5%B0%81%E5%B8%82
INFO: [ app_begin ] --START--
INFO: Run Behavior\ReadHtmlCacheBehavior [ RunTime:0.001000s ]
INFO: [ app_begin ] --END-- [ RunTime:0.001000s ]
SQL: SHOW COLUMNS FROM `one_shop` [ RunTime:0.0030s ]
SQL: SELECT `id`,`logo`,`shop_name` FROM `one_shop` WHERE `site` LIKE '%开封市%' ORDER BY `grade` DESC LIMIT 0,6   [ RunTime:0.0000s ]
SQL: SHOW COLUMNS FROM `one_menu` [ RunTime:0.0020s ]
SQL: SELECT `id`,`image_dir`,`image`,`menu_name` FROM `one_menu` WHERE `sid` IN ('') ORDER BY `salde_num` DESC LIMIT 0,6   [ RunTime:0.0000s ]
INFO: [ app_end ] --START--
INFO: Run Behavior\ShowPageTraceBehavior [ RunTime:0.001000s ]
INFO: [ app_end ] --END-- [ RunTime:0.001000s ]

[ 2019-11-19T16:24:03+08:00 ] 127.0.0.1 /Home/Index/index.html?city=%E9%83%91%E5%B7%9E%E5%B8%82
INFO: [ app_begin ] --START--
INFO: Run Behavior\ReadHtmlCacheBehavior [ RunTime:0.001000s ]
INFO: [ app_begin ] --END-- [ RunTime:0.001000s ]
SQL: SHOW COLUMNS FROM `one_shop` [ RunTime:0.0020s ]
SQL: SELECT `id`,`logo`,`shop_name` FROM `one_shop` WHERE `site` LIKE '%郑州市%' ORDER BY `grade` DESC LIMIT 0,6   [ RunTime:0.0000s ]
NOTIC: [8] Trying to get property of non-object D:\xxzl\dm\takeout\TakeOut1\Application\Home\Controller\IndexController.class.php 第 25 行.
NOTIC: [8] Trying to get property of non-object D:\xxzl\dm\takeout\TakeOut1\Application\Home\Controller\IndexController.class.php 第 25 行.
NOTIC: [8] Trying to get property of non-object D:\xxzl\dm\takeout\TakeOut1\Application\Home\Controller\IndexController.class.php 第 25 行.
NOTIC: [8] Trying to get property of non-object D:\xxzl\dm\takeout\TakeOut1\Application\Home\Controller\IndexController.class.php 第 25 行.
NOTIC: [8] Trying to get property of non-object D:\xxzl\dm\takeout\TakeOut1\Application\Home\Controller\IndexController.class.php 第 25 行.
NOTIC: [8] Trying to get property of non-object D:\xxzl\dm\takeout\TakeOut1\Application\Home\Controller\IndexController.class.php 第 25 行.
SQL: SHOW COLUMNS FROM `one_menu` [ RunTime:0.0030s ]
SQL: SELECT `id`,`image_dir`,`image`,`menu_name` FROM `one_menu` WHERE `sid` IN (null,null,null,null,null,null) ORDER BY `salde_num` DESC LIMIT 0,6   [ RunTime:0.0000s ]
INFO: [ app_end ] --START--
INFO: Run Behavior\ShowPageTraceBehavior [ RunTime:0.001000s ]
INFO: [ app_end ] --END-- [ RunTime:0.001000s ]

[ 2019-11-19T16:24:27+08:00 ] 127.0.0.1 /Home/Index/index.html?city=%E5%BC%80%E5%B0%81%E5%B8%82
INFO: [ app_begin ] --START--
INFO: Run Behavior\ReadHtmlCacheBehavior [ RunTime:0.001000s ]
INFO: [ app_begin ] --END-- [ RunTime:0.001000s ]
SQL: SHOW COLUMNS FROM `one_shop` [ RunTime:0.0020s ]
SQL: SELECT `id`,`logo`,`shop_name` FROM `one_shop` WHERE `site` LIKE '%开封市%' ORDER BY `grade` DESC LIMIT 0,6   [ RunTime:0.0010s ]
SQL: SHOW COLUMNS FROM `one_menu` [ RunTime:0.0020s ]
SQL: SELECT `id`,`image_dir`,`image`,`menu_name` FROM `one_menu` WHERE `sid` IN ('') ORDER BY `salde_num` DESC LIMIT 0,6   [ RunTime:0.0010s ]
INFO: [ app_end ] --START--
INFO: Run Behavior\ShowPageTraceBehavior [ RunTime:0.000000s ]
INFO: [ app_end ] --END-- [ RunTime:0.000000s ]

[ 2019-11-19T16:24:28+08:00 ] 127.0.0.1 /Home/Index/index.html?city=%E9%83%91%E5%B7%9E%E5%B8%82
INFO: [ app_begin ] --START--
INFO: Run Behavior\ReadHtmlCacheBehavior [ RunTime:0.000000s ]
INFO: [ app_begin ] --END-- [ RunTime:0.001000s ]
SQL: SHOW COLUMNS FROM `one_shop` [ RunTime:0.0030s ]
SQL: SELECT `id`,`logo`,`shop_name` FROM `one_shop` WHERE `site` LIKE '%郑州市%' ORDER BY `grade` DESC LIMIT 0,6   [ RunTime:0.0010s ]
NOTIC: [8] Trying to get property of non-object D:\xxzl\dm\takeout\TakeOut1\Application\Home\Controller\IndexController.class.php 第 25 行.
NOTIC: [8] Trying to get property of non-object D:\xxzl\dm\takeout\TakeOut1\Application\Home\Controller\IndexController.class.php 第 25 行.
NOTIC: [8] Trying to get property of non-object D:\xxzl\dm\takeout\TakeOut1\Application\Home\Controller\IndexController.class.php 第 25 行.
NOTIC: [8] Trying to get property of non-object D:\xxzl\dm\takeout\TakeOut1\Application\Home\Controller\IndexController.class.php 第 25 行.
NOTIC: [8] Trying to get property of non-object D:\xxzl\dm\takeout\TakeOut1\Application\Home\Controller\IndexController.class.php 第 25 行.
NOTIC: [8] Trying to get property of non-object D:\xxzl\dm\takeout\TakeOut1\Application\Home\Controller\IndexController.class.php 第 25 行.
SQL: SHOW COLUMNS FROM `one_menu` [ RunTime:0.0020s ]
SQL: SELECT `id`,`image_dir`,`image`,`menu_name` FROM `one_menu` WHERE `sid` IN (null,null,null,null,null,null) ORDER BY `salde_num` DESC LIMIT 0,6   [ RunTime:0.0010s ]
INFO: [ app_end ] --START--
INFO: Run Behavior\ShowPageTraceBehavior [ RunTime:0.000000s ]
INFO: [ app_end ] --END-- [ RunTime:0.000000s ]

[ 2019-11-19T16:24:49+08:00 ] 127.0.0.1 /Home/Index/index.html?city=%E5%BC%80%E5%B0%81%E5%B8%82
INFO: [ app_begin ] --START--
INFO: Run Behavior\ReadHtmlCacheBehavior [ RunTime:0.001000s ]
INFO: [ app_begin ] --END-- [ RunTime:0.001000s ]
SQL: SHOW COLUMNS FROM `one_shop` [ RunTime:0.0030s ]
SQL: SELECT `id`,`logo`,`shop_name` FROM `one_shop` WHERE `site` LIKE '%开封市%' ORDER BY `grade` DESC LIMIT 0,6   [ RunTime:0.0000s ]
SQL: SHOW COLUMNS FROM `one_menu` [ RunTime:0.0020s ]
SQL: SELECT `id`,`image_dir`,`image`,`menu_name` FROM `one_menu` WHERE `sid` IN ('') ORDER BY `salde_num` DESC LIMIT 0,6   [ RunTime:0.0000s ]
INFO: [ app_end ] --START--
INFO: Run Behavior\ShowPageTraceBehavior [ RunTime:0.001000s ]
INFO: [ app_end ] --END-- [ RunTime:0.001000s ]

[ 2019-11-19T16:24:50+08:00 ] 127.0.0.1 /Home/Index/index.html?city=%E9%83%91%E5%B7%9E%E5%B8%82
INFO: [ app_begin ] --START--
INFO: Run Behavior\ReadHtmlCacheBehavior [ RunTime:0.000000s ]
INFO: [ app_begin ] --END-- [ RunTime:0.000000s ]
SQL: SHOW COLUMNS FROM `one_shop` [ RunTime:0.0020s ]
SQL: SELECT `id`,`logo`,`shop_name` FROM `one_shop` WHERE `site` LIKE '%郑州市%' ORDER BY `grade` DESC LIMIT 0,6   [ RunTime:0.0010s ]
SQL: SHOW COLUMNS FROM `one_menu` [ RunTime:0.0020s ]
SQL: SELECT `id`,`image_dir`,`image`,`menu_name` FROM `one_menu` WHERE `sid` IN ('1','2','3','270','272','273') ORDER BY `salde_num` DESC LIMIT 0,6   [ RunTime:0.0010s ]
INFO: [ app_end ] --START--
INFO: Run Behavior\ShowPageTraceBehavior [ RunTime:0.000000s ]
INFO: [ app_end ] --END-- [ RunTime:0.000000s ]

[ 2019-11-19T16:25:33+08:00 ] 127.0.0.1 /Home/Index/index.html?city=%E9%83%91%E5%B7%9E%E5%B8%82
INFO: [ app_begin ] --START--
INFO: Run Behavior\ReadHtmlCacheBehavior [ RunTime:0.001001s ]
INFO: [ app_begin ] --END-- [ RunTime:0.001001s ]
SQL: SHOW COLUMNS FROM `one_shop` [ RunTime:0.0030s ]
SQL: SELECT `id`,`logo`,`shop_name` FROM `one_shop` WHERE `site` LIKE '%郑州市%' ORDER BY `grade` DESC LIMIT 0,6   [ RunTime:0.0010s ]
SQL: SHOW COLUMNS FROM `one_menu` [ RunTime:0.0020s ]
SQL: SELECT `id`,`image_dir`,`image`,`menu_name` FROM `one_menu` WHERE `sid` IN ('1','2','3','270','272','273') ORDER BY `salde_num` DESC LIMIT 0,6   [ RunTime:0.0010s ]
INFO: [ view_parse ] --START--
INFO: [ template_filter ] --START--
INFO: Run Behavior\ContentReplaceBehavior [ RunTime:0.000000s ]
INFO: [ template_filter ] --END-- [ RunTime:0.000000s ]
INFO: Run Behavior\ParseTemplateBehavior [ RunTime:0.006001s ]
INFO: [ view_parse ] --END-- [ RunTime:0.006001s ]
INFO: [ view_filter ] --START--
INFO: Run Behavior\WriteHtmlCacheBehavior [ RunTime:0.001000s ]
INFO: [ view_filter ] --END-- [ RunTime:0.001000s ]
INFO: [ app_end ] --START--
INFO: Run Behavior\ShowPageTraceBehavior [ RunTime:0.000000s ]
INFO: [ app_end ] --END-- [ RunTime:0.000000s ]

[ 2019-11-19T16:25:49+08:00 ] 127.0.0.1 /Home/Index/index.html?city=%E4%BF%A1%E9%98%B3%E5%B8%82
INFO: [ app_begin ] --START--
INFO: Run Behavior\ReadHtmlCacheBehavior [ RunTime:0.001000s ]
INFO: [ app_begin ] --END-- [ RunTime:0.001000s ]
SQL: SHOW COLUMNS FROM `one_shop` [ RunTime:0.0020s ]
SQL: SELECT `id`,`logo`,`shop_name` FROM `one_shop` WHERE `site` LIKE '%信阳市%' ORDER BY `grade` DESC LIMIT 0,6   [ RunTime:0.0010s ]
SQL: SHOW COLUMNS FROM `one_menu` [ RunTime:0.0020s ]
SQL: SELECT `id`,`image_dir`,`image`,`menu_name` FROM `one_menu` WHERE `sid` IN ('271') ORDER BY `salde_num` DESC LIMIT 0,6   [ RunTime:0.0010s ]
INFO: [ view_parse ] --START--
INFO: [ template_filter ] --START--
INFO: Run Behavior\ContentReplaceBehavior [ RunTime:0.000000s ]
INFO: [ template_filter ] --END-- [ RunTime:0.000000s ]
INFO: Run Behavior\ParseTemplateBehavior [ RunTime:0.004000s ]
INFO: [ view_parse ] --END-- [ RunTime:0.004000s ]
INFO: [ view_filter ] --START--
INFO: Run Behavior\WriteHtmlCacheBehavior [ RunTime:0.000000s ]
INFO: [ view_filter ] --END-- [ RunTime:0.000000s ]
INFO: [ app_end ] --START--
INFO: Run Behavior\ShowPageTraceBehavior [ RunTime:0.001000s ]
INFO: [ app_end ] --END-- [ RunTime:0.001000s ]

[ 2019-11-19T16:27:12+08:00 ] 127.0.0.1 /Home/Index/index.html?city=%E9%83%91%E5%B7%9E%E5%B8%82
INFO: [ app_begin ] --START--
INFO: Run Behavior\ReadHtmlCacheBehavior [ RunTime:0.000000s ]
INFO: [ app_begin ] --END-- [ RunTime:0.001000s ]
SQL: SHOW COLUMNS FROM `one_shop` [ RunTime:0.0030s ]
SQL: SELECT `id`,`logo`,`shop_name` FROM `one_shop` WHERE `site` LIKE '%郑州市%' ORDER BY `grade` DESC LIMIT 0,6   [ RunTime:0.0010s ]
SQL: SHOW COLUMNS FROM `one_menu` [ RunTime:0.0020s ]
SQL: SELECT `id`,`image_dir`,`image`,`menu_name` FROM `one_menu` WHERE `sid` IN ('1','2','3','270','272','273') ORDER BY `salde_num` DESC LIMIT 0,6   [ RunTime:0.0010s ]
INFO: [ view_parse ] --START--
INFO: [ template_filter ] --START--
INFO: Run Behavior\ContentReplaceBehavior [ RunTime:0.000000s ]
INFO: [ template_filter ] --END-- [ RunTime:0.000000s ]
INFO: Run Behavior\ParseTemplateBehavior [ RunTime:0.004000s ]
INFO: [ view_parse ] --END-- [ RunTime:0.004000s ]
INFO: [ view_filter ] --START--
INFO: Run Behavior\WriteHtmlCacheBehavior [ RunTime:0.000000s ]
INFO: [ view_filter ] --END-- [ RunTime:0.000000s ]
INFO: [ app_end ] --START--
INFO: Run Behavior\ShowPageTraceBehavior [ RunTime:0.001000s ]
INFO: [ app_end ] --END-- [ RunTime:0.001000s ]

[ 2019-11-19T16:27:39+08:00 ] 127.0.0.1 /Home/Index/index.html?city=%E4%BF%A1%E9%98%B3%E5%B8%82
INFO: [ app_begin ] --START--
INFO: Run Behavior\ReadHtmlCacheBehavior [ RunTime:0.001000s ]
INFO: [ app_begin ] --END-- [ RunTime:0.001000s ]
SQL: SHOW COLUMNS FROM `one_shop` [ RunTime:0.0020s ]
SQL: SELECT `id`,`logo`,`shop_name` FROM `one_shop` WHERE `site` LIKE '%信阳市%' ORDER BY `grade` DESC LIMIT 0,6   [ RunTime:0.0010s ]
SQL: SHOW COLUMNS FROM `one_menu` [ RunTime:0.0020s ]
SQL: SELECT `id`,`image_dir`,`image`,`menu_name` FROM `one_menu` WHERE `sid` IN ('271') ORDER BY `salde_num` DESC LIMIT 0,6   [ RunTime:0.0000s ]
INFO: [ view_parse ] --START--
INFO: [ template_filter ] --START--
INFO: Run Behavior\ContentReplaceBehavior [ RunTime:0.000000s ]
INFO: [ template_filter ] --END-- [ RunTime:0.000000s ]
INFO: Run Behavior\ParseTemplateBehavior [ RunTime:0.004000s ]
INFO: [ view_parse ] --END-- [ RunTime:0.004000s ]
INFO: [ view_filter ] --START--
INFO: Run Behavior\WriteHtmlCacheBehavior [ RunTime:0.000000s ]
INFO: [ view_filter ] --END-- [ RunTime:0.000000s ]
INFO: [ app_end ] --START--
INFO: Run Behavior\ShowPageTraceBehavior [ RunTime:0.000000s ]
INFO: [ app_end ] --END-- [ RunTime:0.000000s ]

[ 2019-11-19T16:28:41+08:00 ] 127.0.0.1 /Home/Index/index.html?city=%E9%83%91%E5%B7%9E%E5%B8%82
INFO: [ app_begin ] --START--
INFO: Run Behavior\ReadHtmlCacheBehavior [ RunTime:0.000000s ]
INFO: [ app_begin ] --END-- [ RunTime:0.000000s ]
SQL: SHOW COLUMNS FROM `one_shop` [ RunTime:0.0030s ]
SQL: SELECT `id`,`logo`,`shop_name` FROM `one_shop` WHERE `site` LIKE '%郑州市%' ORDER BY `grade` DESC LIMIT 0,6   [ RunTime:0.0000s ]
SQL: SHOW COLUMNS FROM `one_menu` [ RunTime:0.0030s ]
SQL: SELECT `id`,`image_dir`,`image`,`menu_name` FROM `one_menu` WHERE `sid` IN ('1','2','3','270','272','273') ORDER BY `salde_num` DESC LIMIT 0,6   [ RunTime:0.0000s ]
INFO: [ view_parse ] --START--
INFO: [ template_filter ] --START--
INFO: Run Behavior\ContentReplaceBehavior [ RunTime:0.000000s ]
INFO: [ template_filter ] --END-- [ RunTime:0.000000s ]
INFO: Run Behavior\ParseTemplateBehavior [ RunTime:0.006000s ]
INFO: [ view_parse ] --END-- [ RunTime:0.006000s ]
INFO: [ view_filter ] --START--
INFO: Run Behavior\WriteHtmlCacheBehavior [ RunTime:0.001000s ]
INFO: [ view_filter ] --END-- [ RunTime:0.001000s ]
INFO: [ app_end ] --START--
INFO: Run Behavior\ShowPageTraceBehavior [ RunTime:0.000000s ]
INFO: [ app_end ] --END-- [ RunTime:0.000000s ]

[ 2019-11-19T16:28:53+08:00 ] 127.0.0.1 /Home/Index/index.html?city=%E9%83%91%E5%B7%9E%E5%B8%82
INFO: [ app_begin ] --START--
INFO: Run Behavior\ReadHtmlCacheBehavior [ RunTime:0.000000s ]
INFO: [ app_begin ] --END-- [ RunTime:0.000000s ]
SQL: SHOW COLUMNS FROM `one_shop` [ RunTime:0.0100s ]
SQL: SELECT `id`,`logo`,`shop_name` FROM `one_shop` WHERE `site` LIKE '%郑州市%' ORDER BY `grade` DESC LIMIT 0,6   [ RunTime:0.0000s ]
SQL: SHOW COLUMNS FROM `one_menu` [ RunTime:0.0030s ]
SQL: SELECT `id`,`image_dir`,`image`,`menu_name` FROM `one_menu` WHERE `sid` IN ('1','2','3','270','272','273') ORDER BY `salde_num` DESC LIMIT 0,6   [ RunTime:0.0000s ]
INFO: [ view_parse ] --START--
INFO: [ template_filter ] --START--
INFO: Run Behavior\ContentReplaceBehavior [ RunTime:0.000000s ]
INFO: [ template_filter ] --END-- [ RunTime:0.000000s ]
INFO: Run Behavior\ParseTemplateBehavior [ RunTime:0.011001s ]
INFO: [ view_parse ] --END-- [ RunTime:0.011001s ]
INFO: [ view_filter ] --START--
INFO: Run Behavior\WriteHtmlCacheBehavior [ RunTime:0.000000s ]
INFO: [ view_filter ] --END-- [ RunTime:0.000000s ]
INFO: [ app_end ] --START--
INFO: Run Behavior\ShowPageTraceBehavior [ RunTime:0.000000s ]
INFO: [ app_end ] --END-- [ RunTime:0.000000s ]

[ 2019-11-19T16:29:00+08:00 ] 127.0.0.1 /Home/Index/index.html?city=%E4%BF%A1%E9%98%B3%E5%B8%82
INFO: [ app_begin ] --START--
INFO: Run Behavior\ReadHtmlCacheBehavior [ RunTime:0.000000s ]
INFO: [ app_begin ] --END-- [ RunTime:0.001000s ]
SQL: SHOW COLUMNS FROM `one_shop` [ RunTime:0.0030s ]
SQL: SELECT `id`,`logo`,`shop_name` FROM `one_shop` WHERE `site` LIKE '%信阳市%' ORDER BY `grade` DESC LIMIT 0,6   [ RunTime:0.0000s ]
SQL: SHOW COLUMNS FROM `one_menu` [ RunTime:0.0020s ]
SQL: SELECT `id`,`image_dir`,`image`,`menu_name` FROM `one_menu` WHERE `sid` IN ('271') ORDER BY `salde_num` DESC LIMIT 0,6   [ RunTime:0.0010s ]
INFO: [ view_parse ] --START--
INFO: [ template_filter ] --START--
INFO: Run Behavior\ContentReplaceBehavior [ RunTime:0.000000s ]
INFO: [ template_filter ] --END-- [ RunTime:0.000000s ]
INFO: Run Behavior\ParseTemplateBehavior [ RunTime:0.004000s ]
INFO: [ view_parse ] --END-- [ RunTime:0.004000s ]
INFO: [ view_filter ] --START--
INFO: Run Behavior\WriteHtmlCacheBehavior [ RunTime:0.000000s ]
INFO: [ view_filter ] --END-- [ RunTime:0.000000s ]
INFO: [ app_end ] --START--
INFO: Run Behavior\ShowPageTraceBehavior [ RunTime:0.000000s ]
INFO: [ app_end ] --END-- [ RunTime:0.001000s ]

[ 2019-11-19T16:31:20+08:00 ] 127.0.0.1 /Home/Index/index.html?city=%E4%B8%89%E9%97%A8%E5%B3%A1%E5%B8%82
INFO: [ app_begin ] --START--
INFO: Run Behavior\ReadHtmlCacheBehavior [ RunTime:0.001000s ]
INFO: [ app_begin ] --END-- [ RunTime:0.001000s ]
SQL: SHOW COLUMNS FROM `one_shop` [ RunTime:0.0030s ]
SQL: SELECT `id`,`logo`,`shop_name` FROM `one_shop` WHERE `site` LIKE '%三门峡市%' ORDER BY `grade` DESC LIMIT 0,6   [ RunTime:0.0000s ]
SQL: SHOW COLUMNS FROM `one_menu` [ RunTime:0.0020s ]
SQL: SELECT `id`,`image_dir`,`image`,`menu_name` FROM `one_menu` WHERE `sid` IN ('') ORDER BY `salde_num` DESC LIMIT 0,6   [ RunTime:0.0000s ]
INFO: [ view_parse ] --START--
INFO: [ template_filter ] --START--
INFO: Run Behavior\ContentReplaceBehavior [ RunTime:0.000000s ]
INFO: [ template_filter ] --END-- [ RunTime:0.000000s ]
INFO: Run Behavior\ParseTemplateBehavior [ RunTime:0.006000s ]
INFO: [ view_parse ] --END-- [ RunTime:0.006000s ]
INFO: [ view_filter ] --START--
INFO: Run Behavior\WriteHtmlCacheBehavior [ RunTime:0.000000s ]
INFO: [ view_filter ] --END-- [ RunTime:0.000000s ]
INFO: [ app_end ] --START--
INFO: Run Behavior\ShowPageTraceBehavior [ RunTime:0.000000s ]
INFO: [ app_end ] --END-- [ RunTime:0.000000s ]

[ 2019-11-19T16:31:27+08:00 ] 127.0.0.1 /Home/Index/index.html?city=%E5%BC%80%E5%B0%81%E5%B8%82
INFO: [ app_begin ] --START--
INFO: Run Behavior\ReadHtmlCacheBehavior [ RunTime:0.000000s ]
INFO: [ app_begin ] --END-- [ RunTime:0.001000s ]
SQL: SHOW COLUMNS FROM `one_shop` [ RunTime:0.0020s ]
SQL: SELECT `id`,`logo`,`shop_name` FROM `one_shop` WHERE `site` LIKE '%开封市%' ORDER BY `grade` DESC LIMIT 0,6   [ RunTime:0.0000s ]
SQL: SHOW COLUMNS FROM `one_menu` [ RunTime:0.0020s ]
SQL: SELECT `id`,`image_dir`,`image`,`menu_name` FROM `one_menu` WHERE `sid` IN ('') ORDER BY `salde_num` DESC LIMIT 0,6   [ RunTime:0.0000s ]
INFO: [ view_parse ] --START--
INFO: [ template_filter ] --START--
INFO: Run Behavior\ContentReplaceBehavior [ RunTime:0.000000s ]
INFO: [ template_filter ] --END-- [ RunTime:0.000000s ]
INFO: Run Behavior\ParseTemplateBehavior [ RunTime:0.004000s ]
INFO: [ view_parse ] --END-- [ RunTime:0.004000s ]
INFO: [ view_filter ] --START--
INFO: Run Behavior\WriteHtmlCacheBehavior [ RunTime:0.001000s ]
INFO: [ view_filter ] --END-- [ RunTime:0.001000s ]
INFO: [ app_end ] --START--
INFO: Run Behavior\ShowPageTraceBehavior [ RunTime:0.000000s ]
INFO: [ app_end ] --END-- [ RunTime:0.000000s ]

[ 2019-11-19T16:31:30+08:00 ] 127.0.0.1 /Home/Index/index.html?city=%E9%83%91%E5%B7%9E%E5%B8%82
INFO: [ app_begin ] --START--
INFO: Run Behavior\ReadHtmlCacheBehavior [ RunTime:0.001000s ]
INFO: [ app_begin ] --END-- [ RunTime:0.001000s ]
SQL: SHOW COLUMNS FROM `one_shop` [ RunTime:0.0030s ]
SQL: SELECT `id`,`logo`,`shop_name` FROM `one_shop` WHERE `site` LIKE '%郑州市%' ORDER BY `grade` DESC LIMIT 0,6   [ RunTime:0.0010s ]
SQL: SHOW COLUMNS FROM `one_menu` [ RunTime:0.0020s ]
SQL: SELECT `id`,`image_dir`,`image`,`menu_name` FROM `one_menu` WHERE `sid` IN ('1','2','3','270','272','273') ORDER BY `salde_num` DESC LIMIT 0,6   [ RunTime:0.0000s ]
INFO: [ view_parse ] --START--
INFO: [ template_filter ] --START--
INFO: Run Behavior\ContentReplaceBehavior [ RunTime:0.000000s ]
INFO: [ template_filter ] --END-- [ RunTime:0.000000s ]
INFO: Run Behavior\ParseTemplateBehavior [ RunTime:0.005000s ]
INFO: [ view_parse ] --END-- [ RunTime:0.005000s ]
INFO: [ view_filter ] --START--
INFO: Run Behavior\WriteHtmlCacheBehavior [ RunTime:0.000000s ]
INFO: [ view_filter ] --END-- [ RunTime:0.000000s ]
INFO: [ app_end ] --START--
INFO: Run Behavior\ShowPageTraceBehavior [ RunTime:0.001000s ]
INFO: [ app_end ] --END-- [ RunTime:0.001000s ]

[ 2019-11-19T16:59:49+08:00 ] 127.0.0.1 /home/Login/css/style.css
ERR: 非法操作:css

[ 2019-11-19T17:01:11+08:00 ] 127.0.0.1 /home/Login/register.html
ERR: 非法操作:register

[ 2019-11-19T17:19:09+08:00 ] 127.0.0.1 /home/Login/member.html
ERR: 非法操作:member

[ 2019-11-19T17:26:01+08:00 ] 127.0.0.1 /home/Login/member.html
ERR: 非法操作:member

[ 2019-11-19T17:26:28+08:00 ] 127.0.0.1 /home/Login/member.html
ERR: 非法操作:member

[ 2019-11-19T17:26:33+08:00 ] 127.0.0.1 /home/Login/member.html
ERR: 非法操作:member

[ 2019-11-19T17:27:11+08:00 ] 127.0.0.1 /home/Login/member.html
ERR: 非法操作:member

[ 2019-11-19T17:28:30+08:00 ] 127.0.0.1 /home/Login/member.html
ERR: 非法操作:member

[ 2019-11-19T19:29:21+08:00 ] 127.0.0.1 /Home/Login/register.html
INFO: [ app_begin ] --START--
INFO: Run Behavior\ReadHtmlCacheBehavior [ RunTime:0.001001s ]
INFO: [ app_begin ] --END-- [ RunTime:0.001001s ]
INFO: [ app_end ] --START--
INFO: Run Behavior\ShowPageTraceBehavior [ RunTime:0.001000s ]
INFO: [ app_end ] --END-- [ RunTime:0.001000s ]

