[ 2019-11-24T09:01:54+08:00 ] 127.0.0.1 /Home/Block/addCart/uid/84.html
INFO: [ app_begin ] --START--
INFO: Run Behavior\ReadHtmlCacheBehavior [ RunTime:0.001000s ]
INFO: [ app_begin ] --END-- [ RunTime:0.001000s ]

[ 2019-11-24T09:02:04+08:00 ] 127.0.0.1 /Home/Block/addCart/uid/84.html
INFO: [ app_begin ] --START--
INFO: Run Behavior\ReadHtmlCacheBehavior [ RunTime:0.001000s ]
INFO: [ app_begin ] --END-- [ RunTime:0.001000s ]

[ 2019-11-24T09:02:05+08:00 ] 127.0.0.1 /Home/Login/login.html
INFO: [ app_begin ] --START--
INFO: Run Behavior\ReadHtmlCacheBehavior [ RunTime:0.001000s ]
INFO: [ app_begin ] --END-- [ RunTime:0.002000s ]
INFO: [ view_parse ] --START--
INFO: [ template_filter ] --START--
INFO: Run Behavior\ContentReplaceBehavior [ RunTime:0.000000s ]
INFO: [ template_filter ] --END-- [ RunTime:0.000000s ]
INFO: Run Behavior\ParseTemplateBehavior [ RunTime:0.007000s ]
INFO: [ view_parse ] --END-- [ RunTime:0.007000s ]
INFO: [ view_filter ] --START--
INFO: Run Behavior\WriteHtmlCacheBehavior [ RunTime:0.000000s ]
INFO: [ view_filter ] --END-- [ RunTime:0.001000s ]
INFO: [ app_end ] --START--
INFO: Run Behavior\ShowPageTraceBehavior [ RunTime:0.000000s ]
INFO: [ app_end ] --END-- [ RunTime:0.000000s ]

[ 2019-11-24T09:25:35+08:00 ] 127.0.0.1 /Home/Index/menuDetail/id/84.html
ERR: 参数错误或者未定义:uid

[ 2019-11-24T09:26:29+08:00 ] 127.0.0.1 /Home/Index/menuDetail/id/84.html
ERR: 1064:You have an error in your SQL syntax; check the manual that corresponds to your MySQL server version for the right syntax to use near ')' at line 1
 [ SQL语句 ] : SELECT * FROM `one_menu_comment` WHERE ( uid= ) 

[ 2019-11-24T09:26:37+08:00 ] 127.0.0.1 /Home/Index/menuDetail/id/84.html
ERR: 1064:You have an error in your SQL syntax; check the manual that corresponds to your MySQL server version for the right syntax to use near ')' at line 1
 [ SQL语句 ] : SELECT * FROM `one_menu_comment` WHERE ( uid= ) 

[ 2019-11-24T09:26:38+08:00 ] 127.0.0.1 /Home/Index/menuDetail/id/84.html
ERR: 1064:You have an error in your SQL syntax; check the manual that corresponds to your MySQL server version for the right syntax to use near ')' at line 1
 [ SQL语句 ] : SELECT * FROM `one_menu_comment` WHERE ( uid= ) 

[ 2019-11-24T09:26:40+08:00 ] 127.0.0.1 /Home/Index/menuDetail/id/84.html
ERR: 1064:You have an error in your SQL syntax; check the manual that corresponds to your MySQL server version for the right syntax to use near ')' at line 1
 [ SQL语句 ] : SELECT * FROM `one_menu_comment` WHERE ( uid= ) 

[ 2019-11-24T09:26:40+08:00 ] 127.0.0.1 /Home/Index/menuDetail/id/84.html
ERR: 1064:You have an error in your SQL syntax; check the manual that corresponds to your MySQL server version for the right syntax to use near ')' at line 1
 [ SQL语句 ] : SELECT * FROM `one_menu_comment` WHERE ( uid= ) 

[ 2019-11-24T09:26:43+08:00 ] 127.0.0.1 /Home/Index/menuDetail/id/83.html
ERR: 1064:You have an error in your SQL syntax; check the manual that corresponds to your MySQL server version for the right syntax to use near ')' at line 1
 [ SQL语句 ] : SELECT * FROM `one_menu_comment` WHERE ( uid= ) 

[ 2019-11-24T09:27:13+08:00 ] 127.0.0.1 /Home/Block/addCart/uid/83.html
INFO: [ app_begin ] --START--
INFO: Run Behavior\ReadHtmlCacheBehavior [ RunTime:0.000000s ]
INFO: [ app_begin ] --END-- [ RunTime:0.000000s ]

[ 2019-11-24T09:27:13+08:00 ] 127.0.0.1 /Home/Login/login.html
INFO: [ app_begin ] --START--
INFO: Run Behavior\ReadHtmlCacheBehavior [ RunTime:0.001000s ]
INFO: [ app_begin ] --END-- [ RunTime:0.001000s ]
INFO: [ view_parse ] --START--
INFO: [ template_filter ] --START--
INFO: Run Behavior\ContentReplaceBehavior [ RunTime:0.000000s ]
INFO: [ template_filter ] --END-- [ RunTime:0.000000s ]
INFO: Run Behavior\ParseTemplateBehavior [ RunTime:0.003000s ]
INFO: [ view_parse ] --END-- [ RunTime:0.003000s ]
INFO: [ view_filter ] --START--
INFO: Run Behavior\WriteHtmlCacheBehavior [ RunTime:0.001000s ]
INFO: [ view_filter ] --END-- [ RunTime:0.001000s ]
INFO: [ app_end ] --START--
INFO: Run Behavior\ShowPageTraceBehavior [ RunTime:0.000000s ]
INFO: [ app_end ] --END-- [ RunTime:0.000000s ]

[ 2019-11-24T09:27:17+08:00 ] 127.0.0.1 /Home/Block/addCart/uid/83.html
INFO: [ app_begin ] --START--
INFO: Run Behavior\ReadHtmlCacheBehavior [ RunTime:0.000000s ]
INFO: [ app_begin ] --END-- [ RunTime:0.001000s ]

[ 2019-11-24T09:27:17+08:00 ] 127.0.0.1 /Home/Login/login.html
INFO: [ app_begin ] --START--
INFO: Run Behavior\ReadHtmlCacheBehavior [ RunTime:0.001000s ]
INFO: [ app_begin ] --END-- [ RunTime:0.001000s ]
INFO: [ view_parse ] --START--
INFO: [ template_filter ] --START--
INFO: Run Behavior\ContentReplaceBehavior [ RunTime:0.000000s ]
INFO: [ template_filter ] --END-- [ RunTime:0.000000s ]
INFO: Run Behavior\ParseTemplateBehavior [ RunTime:0.004000s ]
INFO: [ view_parse ] --END-- [ RunTime:0.004000s ]
INFO: [ view_filter ] --START--
INFO: Run Behavior\WriteHtmlCacheBehavior [ RunTime:0.000000s ]
INFO: [ view_filter ] --END-- [ RunTime:0.000000s ]
INFO: [ app_end ] --START--
INFO: Run Behavior\ShowPageTraceBehavior [ RunTime:0.000000s ]
INFO: [ app_end ] --END-- [ RunTime:0.000000s ]

[ 2019-11-24T09:27:22+08:00 ] 127.0.0.1 /Home/Block/addCart/uid/83.html
INFO: [ app_begin ] --START--
INFO: Run Behavior\ReadHtmlCacheBehavior [ RunTime:0.001000s ]
INFO: [ app_begin ] --END-- [ RunTime:0.001000s ]

[ 2019-11-24T09:27:22+08:00 ] 127.0.0.1 /Home/Login/login.html
INFO: [ app_begin ] --START--
INFO: Run Behavior\ReadHtmlCacheBehavior [ RunTime:0.000000s ]
INFO: [ app_begin ] --END-- [ RunTime:0.000000s ]
INFO: [ view_parse ] --START--
INFO: [ template_filter ] --START--
INFO: Run Behavior\ContentReplaceBehavior [ RunTime:0.000000s ]
INFO: [ template_filter ] --END-- [ RunTime:0.000000s ]
INFO: Run Behavior\ParseTemplateBehavior [ RunTime:0.003000s ]
INFO: [ view_parse ] --END-- [ RunTime:0.003000s ]
INFO: [ view_filter ] --START--
INFO: Run Behavior\WriteHtmlCacheBehavior [ RunTime:0.001000s ]
INFO: [ view_filter ] --END-- [ RunTime:0.001000s ]
INFO: [ app_end ] --START--
INFO: Run Behavior\ShowPageTraceBehavior [ RunTime:0.000000s ]
INFO: [ app_end ] --END-- [ RunTime:0.000000s ]

[ 2019-11-24T09:28:26+08:00 ] 127.0.0.1 /Home/Login/login.html
INFO: [ app_begin ] --START--
INFO: Run Behavior\ReadHtmlCacheBehavior [ RunTime:0.001000s ]
INFO: [ app_begin ] --END-- [ RunTime:0.001000s ]
SQL: SHOW COLUMNS FROM `one_member` [ RunTime:0.0020s ]
SQL: SELECT `id`,`username`,`avatar`,`grade`,`avatar_dir`,`active` FROM `one_member` WHERE (  `username` = 'cpcp' OR `mobile` = 'cpcp' ) AND `password` = '202cb962ac59075b964b07152d234b70' LIMIT 1   [ RunTime:0.0000s ]
NOTIC: [8] Use of undefined constant __PC__ - assumed '__PC__' D:\xxzl\dm\takeout\TakeOut1\Application\Home\Controller\LoginController.class.php 第 29 行.

[ 2019-11-24T09:28:47+08:00 ] 127.0.0.1 /Home/Login/login.html
INFO: [ app_begin ] --START--
INFO: Run Behavior\ReadHtmlCacheBehavior [ RunTime:0.000000s ]
INFO: [ app_begin ] --END-- [ RunTime:0.001001s ]
SQL: SHOW COLUMNS FROM `one_member` [ RunTime:0.0020s ]
SQL: SELECT `id`,`username`,`avatar`,`grade`,`avatar_dir`,`active` FROM `one_member` WHERE (  `username` = 'cpcp' OR `mobile` = 'cpcp' ) AND `password` = '202cb962ac59075b964b07152d234b70' LIMIT 1   [ RunTime:0.0010s ]
NOTIC: [8] Use of undefined constant __PC__ - assumed '__PC__' D:\xxzl\dm\takeout\TakeOut1\Application\Home\Controller\LoginController.class.php 第 29 行.

[ 2019-11-24T09:29:42+08:00 ] 127.0.0.1 /Home/Login/login.html
INFO: [ app_begin ] --START--
INFO: Run Behavior\ReadHtmlCacheBehavior [ RunTime:0.000000s ]
INFO: [ app_begin ] --END-- [ RunTime:0.001000s ]
SQL: SHOW COLUMNS FROM `one_member` [ RunTime:0.0030s ]
SQL: SELECT `id`,`username`,`avatar`,`grade`,`avatar_dir`,`active` FROM `one_member` WHERE (  `username` = 'cpcp' OR `mobile` = 'cpcp' ) AND `password` = '202cb962ac59075b964b07152d234b70' LIMIT 1   [ RunTime:0.0010s ]

[ 2019-11-24T09:30:01+08:00 ] 127.0.0.1 /Home/Block/addCart/uid/83.html
INFO: [ app_begin ] --START--
INFO: Run Behavior\ReadHtmlCacheBehavior [ RunTime:0.000000s ]
INFO: [ app_begin ] --END-- [ RunTime:0.001000s ]
SQL: SHOW COLUMNS FROM `one_cart` [ RunTime:0.0210s ]
SQL: SELECT * FROM `one_cart` WHERE `mid` = '10' AND `uid` = '83' ORDER BY `add_time` LIMIT 1   [ RunTime:0.0010s ]
SQL: INSERT INTO `one_cart` (`mid`,`uid`,`buynum`,`add_time`) VALUES ('10','83','1','1574559000') [ RunTime:0.0460s ]

[ 2019-11-24T09:41:05+08:00 ] 127.0.0.1 /Home/Index/menuDetail/id/83.html
ERR: 参数错误或者未定义:uid

[ 2019-11-24T09:41:59+08:00 ] 127.0.0.1 /Home/Index/menuDetail/uid/83.html
ERR: 参数错误或者未定义:id

[ 2019-11-24T09:42:10+08:00 ] 127.0.0.1 /Home/Index/menuDetail/uid/83.html
ERR: 1146:Table 'one.member' doesn't exist
 [ SQL语句 ] : SELECT * FROM one_menu_comment mc left JOIN member as m on mc.id = m.id  WHERE ( uid=83 ) 

[ 2019-11-24T09:42:11+08:00 ] 127.0.0.1 /Home/Index/menuDetail/uid/83.html
ERR: 1146:Table 'one.member' doesn't exist
 [ SQL语句 ] : SELECT * FROM one_menu_comment mc left JOIN member as m on mc.id = m.id  WHERE ( uid=83 ) 

[ 2019-11-24T09:42:12+08:00 ] 127.0.0.1 /Home/Index/menuDetail/uid/83.html
ERR: 1146:Table 'one.member' doesn't exist
 [ SQL语句 ] : SELECT * FROM one_menu_comment mc left JOIN member as m on mc.id = m.id  WHERE ( uid=83 ) 

[ 2019-11-24T09:42:12+08:00 ] 127.0.0.1 /Home/Index/menuDetail/uid/83.html
ERR: 1146:Table 'one.member' doesn't exist
 [ SQL语句 ] : SELECT * FROM one_menu_comment mc left JOIN member as m on mc.id = m.id  WHERE ( uid=83 ) 

[ 2019-11-24T09:42:12+08:00 ] 127.0.0.1 /Home/Index/menuDetail/uid/83.html
ERR: 1146:Table 'one.member' doesn't exist
 [ SQL语句 ] : SELECT * FROM one_menu_comment mc left JOIN member as m on mc.id = m.id  WHERE ( uid=83 ) 

[ 2019-11-24T09:42:12+08:00 ] 127.0.0.1 /Home/Index/menuDetail/uid/83.html
ERR: 1146:Table 'one.member' doesn't exist
 [ SQL语句 ] : SELECT * FROM one_menu_comment mc left JOIN member as m on mc.id = m.id  WHERE ( uid=83 ) 

[ 2019-11-24T09:44:13+08:00 ] 127.0.0.1 /Home/Index/menuDetail/uid/83.html
ERR: 1146:Table 'one.member' doesn't exist
 [ SQL语句 ] : SELECT * FROM one_menu_comment mc INNER JOIN member as m on mc.id = m.id  WHERE ( uid=83 ) 

[ 2019-11-24T09:44:13+08:00 ] 127.0.0.1 /Home/Index/menuDetail/uid/83.html
ERR: 1146:Table 'one.member' doesn't exist
 [ SQL语句 ] : SELECT * FROM one_menu_comment mc INNER JOIN member as m on mc.id = m.id  WHERE ( uid=83 ) 

[ 2019-11-24T09:44:14+08:00 ] 127.0.0.1 /Home/Index/menuDetail/uid/83.html
ERR: 1146:Table 'one.member' doesn't exist
 [ SQL语句 ] : SELECT * FROM one_menu_comment mc INNER JOIN member as m on mc.id = m.id  WHERE ( uid=83 ) 

[ 2019-11-24T09:44:14+08:00 ] 127.0.0.1 /Home/Index/menuDetail/uid/83.html
ERR: 1146:Table 'one.member' doesn't exist
 [ SQL语句 ] : SELECT * FROM one_menu_comment mc INNER JOIN member as m on mc.id = m.id  WHERE ( uid=83 ) 

[ 2019-11-24T09:44:15+08:00 ] 127.0.0.1 /Home/Index/menuDetail/uid/83.html
ERR: 1146:Table 'one.member' doesn't exist
 [ SQL语句 ] : SELECT * FROM one_menu_comment mc INNER JOIN member as m on mc.id = m.id  WHERE ( uid=83 ) 

[ 2019-11-24T09:44:33+08:00 ] 127.0.0.1 /Home/Index/menuDetail/uid/83.html
ERR: 参数错误或者未定义:id

[ 2019-11-24T09:44:34+08:00 ] 127.0.0.1 /Home/Index/menuDetail/uid/83.html
ERR: 参数错误或者未定义:id

[ 2019-11-24T09:44:34+08:00 ] 127.0.0.1 /Home/Index/menuDetail/uid/83.html
ERR: 参数错误或者未定义:id

[ 2019-11-24T09:44:41+08:00 ] 127.0.0.1 /Home/Index/menuDetail/uid/83.html
ERR: 参数错误或者未定义:id

[ 2019-11-24T09:44:41+08:00 ] 127.0.0.1 /Home/Index/menuDetail/uid/83.html
ERR: 参数错误或者未定义:id

[ 2019-11-24T09:44:42+08:00 ] 127.0.0.1 /Home/Index/menuDetail/uid/83.html
ERR: 参数错误或者未定义:id

[ 2019-11-24T09:44:44+08:00 ] 127.0.0.1 /Home/Index/menuDetail/id/83.html
ERR: 1146:Table 'one.member' doesn't exist
 [ SQL语句 ] : SELECT * FROM one_menu_comment mc INNER JOIN member as m on mc.id = m.id  WHERE ( uid=83 ) 

[ 2019-11-24T09:47:09+08:00 ] 127.0.0.1 /Home/Index/menuDetail/id/83.html
ERR: 参数错误或者未定义:uid

[ 2019-11-24T09:47:09+08:00 ] 127.0.0.1 /Home/Index/menuDetail/id/83.html
ERR: 参数错误或者未定义:uid

[ 2019-11-24T09:47:10+08:00 ] 127.0.0.1 /Home/Index/menuDetail/id/83.html
ERR: 参数错误或者未定义:uid

[ 2019-11-24T09:47:20+08:00 ] 127.0.0.1 /Home/Index/menuDetail/id/83.html
ERR: 参数错误或者未定义:uid

[ 2019-11-24T09:47:23+08:00 ] 127.0.0.1 /Home/Index/menuDetail/uid/83.html
ERR: 1146:Table 'one.member' doesn't exist
 [ SQL语句 ] : SELECT * FROM one_menu_comment mc INNER JOIN member as m on mc.mid = m.id  WHERE `id` = 'mc.*,username,' LIMIT 1  

[ 2019-11-24T09:47:48+08:00 ] 127.0.0.1 /Home/Index/menuDetail/uid/83.html
ERR: 1146:Table 'one.member' doesn't exist
 [ SQL语句 ] : SELECT * FROM one_menu_comment mc INNER JOIN member as m on mc.mid = m.id  WHERE `id` = 'mc.*,username' LIMIT 1  

[ 2019-11-24T09:48:05+08:00 ] 127.0.0.1 /Home/Index/menuDetail/uid/83.html
ERR: 1146:Table 'one.member' doesn't exist
 [ SQL语句 ] : SELECT * FROM one_menu_comment mc INNER JOIN member as m on mc.mid = m.id  WHERE `id` = 'mc.*,username' LIMIT 1  

[ 2019-11-24T09:48:38+08:00 ] 127.0.0.1 /Home/Index/menuDetail/uid/83.html
ERR: 1146:Table 'one.member' doesn't exist
 [ SQL语句 ] : SELECT mc.*,`username` FROM one_menu_comment mc INNER JOIN member as m on mc.mid = m.id  WHERE ( uid=83 ) 

[ 2019-11-24T09:48:38+08:00 ] 127.0.0.1 /Home/Index/menuDetail/uid/83.html
ERR: 1146:Table 'one.member' doesn't exist
 [ SQL语句 ] : SELECT mc.*,`username` FROM one_menu_comment mc INNER JOIN member as m on mc.mid = m.id  WHERE ( uid=83 ) 

[ 2019-11-24T09:48:39+08:00 ] 127.0.0.1 /Home/Index/menuDetail/uid/83.html
ERR: 1146:Table 'one.member' doesn't exist
 [ SQL语句 ] : SELECT mc.*,`username` FROM one_menu_comment mc INNER JOIN member as m on mc.mid = m.id  WHERE ( uid=83 ) 

[ 2019-11-24T09:48:39+08:00 ] 127.0.0.1 /Home/Index/menuDetail/uid/83.html
ERR: 1146:Table 'one.member' doesn't exist
 [ SQL语句 ] : SELECT mc.*,`username` FROM one_menu_comment mc INNER JOIN member as m on mc.mid = m.id  WHERE ( uid=83 ) 

[ 2019-11-24T09:48:39+08:00 ] 127.0.0.1 /Home/Index/menuDetail/uid/83.html
ERR: 1146:Table 'one.member' doesn't exist
 [ SQL语句 ] : SELECT mc.*,`username` FROM one_menu_comment mc INNER JOIN member as m on mc.mid = m.id  WHERE ( uid=83 ) 

[ 2019-11-24T09:48:39+08:00 ] 127.0.0.1 /Home/Index/menuDetail/uid/83.html
ERR: 1146:Table 'one.member' doesn't exist
 [ SQL语句 ] : SELECT mc.*,`username` FROM one_menu_comment mc INNER JOIN member as m on mc.mid = m.id  WHERE ( uid=83 ) 

[ 2019-11-24T09:48:40+08:00 ] 127.0.0.1 /Home/Index/menuDetail/uid/83.html
ERR: 1146:Table 'one.member' doesn't exist
 [ SQL语句 ] : SELECT mc.*,`username` FROM one_menu_comment mc INNER JOIN member as m on mc.mid = m.id  WHERE ( uid=83 ) 

[ 2019-11-24T09:48:40+08:00 ] 127.0.0.1 /Home/Index/menuDetail/uid/83.html
ERR: 1146:Table 'one.member' doesn't exist
 [ SQL语句 ] : SELECT mc.*,`username` FROM one_menu_comment mc INNER JOIN member as m on mc.mid = m.id  WHERE ( uid=83 ) 

[ 2019-11-24T09:48:49+08:00 ] 127.0.0.1 /Home/Index/menuDetail/uid/83.html
ERR: 1146:Table 'one.member' doesn't exist
 [ SQL语句 ] : SELECT mc.*,`username` FROM one_menu_comment mc INNER JOIN member as m on mc.mid = m.id  WHERE ( mc.uid=83 ) 

[ 2019-11-24T09:48:49+08:00 ] 127.0.0.1 /Home/Index/menuDetail/uid/83.html
ERR: 1146:Table 'one.member' doesn't exist
 [ SQL语句 ] : SELECT mc.*,`username` FROM one_menu_comment mc INNER JOIN member as m on mc.mid = m.id  WHERE ( mc.uid=83 ) 

[ 2019-11-24T09:48:50+08:00 ] 127.0.0.1 /Home/Index/menuDetail/uid/83.html
ERR: 1146:Table 'one.member' doesn't exist
 [ SQL语句 ] : SELECT mc.*,`username` FROM one_menu_comment mc INNER JOIN member as m on mc.mid = m.id  WHERE ( mc.uid=83 ) 

[ 2019-11-24T09:48:50+08:00 ] 127.0.0.1 /Home/Index/menuDetail/uid/83.html
ERR: 1146:Table 'one.member' doesn't exist
 [ SQL语句 ] : SELECT mc.*,`username` FROM one_menu_comment mc INNER JOIN member as m on mc.mid = m.id  WHERE ( mc.uid=83 ) 

[ 2019-11-24T09:48:50+08:00 ] 127.0.0.1 /Home/Index/menuDetail/uid/83.html
ERR: 1146:Table 'one.member' doesn't exist
 [ SQL语句 ] : SELECT mc.*,`username` FROM one_menu_comment mc INNER JOIN member as m on mc.mid = m.id  WHERE ( mc.uid=83 ) 

[ 2019-11-24T09:48:50+08:00 ] 127.0.0.1 /Home/Index/menuDetail/uid/83.html
ERR: 1146:Table 'one.member' doesn't exist
 [ SQL语句 ] : SELECT mc.*,`username` FROM one_menu_comment mc INNER JOIN member as m on mc.mid = m.id  WHERE ( mc.uid=83 ) 

[ 2019-11-24T11:33:29+08:00 ] 127.0.0.1 /Home/Index/menuDetail/uid/83.html
ERR: syntax error, unexpected ';', expecting ',' or ')'

[ 2019-11-24T11:34:29+08:00 ] 127.0.0.1 /Home/Index/menuDetail/uid/83.html
ERR: Call to undefined function data()

[ 2019-11-24T11:34:29+08:00 ] 127.0.0.1 /Home/Index/menuDetail/uid/83.html
ERR: Call to undefined function data()

[ 2019-11-24T11:37:54+08:00 ] 127.0.0.1 /Home/Index/menuDetail/uid/83.html
ERR: 1146:Table 'one.one_menu_comment_rely' doesn't exist
 [ SQL语句 ] : SHOW COLUMNS FROM `one_menu_comment_rely`

[ 2019-11-24T11:38:47+08:00 ] 127.0.0.1 /Home/Block/addCart/uid/83.html
INFO: [ app_begin ] --START--
INFO: Run Behavior\ReadHtmlCacheBehavior [ RunTime:0.001000s ]
INFO: [ app_begin ] --END-- [ RunTime:0.001000s ]
SQL: SHOW COLUMNS FROM `one_cart` [ RunTime:0.0030s ]
SQL: SELECT * FROM `one_cart` WHERE `mid` = '10' AND `uid` = '83' ORDER BY `add_time` LIMIT 1   [ RunTime:0.0000s ]
SQL: UPDATE `one_cart` SET `buynum`=buynum+1 WHERE `mid` = '10' AND `uid` = '83' [ RunTime:0.0340s ]

[ 2019-11-24T11:38:49+08:00 ] 127.0.0.1 /Home/Block/addCart/uid/83.html
INFO: [ app_begin ] --START--
INFO: Run Behavior\ReadHtmlCacheBehavior [ RunTime:0.001000s ]
INFO: [ app_begin ] --END-- [ RunTime:0.001000s ]
SQL: SHOW COLUMNS FROM `one_cart` [ RunTime:0.0030s ]
SQL: SELECT * FROM `one_cart` WHERE `mid` = '10' AND `uid` = '83' ORDER BY `add_time` LIMIT 1   [ RunTime:0.0000s ]
SQL: UPDATE `one_cart` SET `buynum`=buynum+1 WHERE `mid` = '10' AND `uid` = '83' [ RunTime:0.0400s ]

[ 2019-11-24T11:38:51+08:00 ] 127.0.0.1 /Home/Block/addCart/uid/83.html
INFO: [ app_begin ] --START--
INFO: Run Behavior\ReadHtmlCacheBehavior [ RunTime:0.000000s ]
INFO: [ app_begin ] --END-- [ RunTime:0.001000s ]
SQL: SHOW COLUMNS FROM `one_cart` [ RunTime:0.0030s ]
SQL: SELECT * FROM `one_cart` WHERE `mid` = '10' AND `uid` = '83' ORDER BY `add_time` LIMIT 1   [ RunTime:0.0000s ]
SQL: UPDATE `one_cart` SET `buynum`=buynum+1 WHERE `mid` = '10' AND `uid` = '83' [ RunTime:0.2320s ]

[ 2019-11-24T11:38:52+08:00 ] 127.0.0.1 /Home/Block/addCart/uid/83.html
INFO: [ app_begin ] --START--
INFO: Run Behavior\ReadHtmlCacheBehavior [ RunTime:0.000000s ]
INFO: [ app_begin ] --END-- [ RunTime:0.001000s ]
SQL: SHOW COLUMNS FROM `one_cart` [ RunTime:0.0020s ]
SQL: SELECT * FROM `one_cart` WHERE `mid` = '10' AND `uid` = '83' ORDER BY `add_time` LIMIT 1   [ RunTime:0.0010s ]
SQL: UPDATE `one_cart` SET `buynum`=buynum+1 WHERE `mid` = '10' AND `uid` = '83' [ RunTime:0.1170s ]

[ 2019-11-24T11:38:52+08:00 ] 127.0.0.1 /Home/Block/addCart/uid/83.html
INFO: [ app_begin ] --START--
INFO: Run Behavior\ReadHtmlCacheBehavior [ RunTime:0.001000s ]
INFO: [ app_begin ] --END-- [ RunTime:0.001000s ]
SQL: SHOW COLUMNS FROM `one_cart` [ RunTime:0.0030s ]
SQL: SELECT * FROM `one_cart` WHERE `mid` = '10' AND `uid` = '83' ORDER BY `add_time` LIMIT 1   [ RunTime:0.0000s ]
SQL: UPDATE `one_cart` SET `buynum`=buynum+1 WHERE `mid` = '10' AND `uid` = '83' [ RunTime:0.0290s ]

[ 2019-11-24T11:39:50+08:00 ] 127.0.0.1 /Home/Block/addCart/uid/83.html
INFO: [ app_begin ] --START--
INFO: Run Behavior\ReadHtmlCacheBehavior [ RunTime:0.000000s ]
INFO: [ app_begin ] --END-- [ RunTime:0.001000s ]
SQL: SHOW COLUMNS FROM `one_cart` [ RunTime:0.0020s ]
SQL: SELECT * FROM `one_cart` WHERE `mid` = '10' AND `uid` = '83' ORDER BY `add_time` LIMIT 1   [ RunTime:0.0000s ]
SQL: UPDATE `one_cart` SET `buynum`=buynum+1 WHERE `mid` = '10' AND `uid` = '83' [ RunTime:0.0240s ]

[ 2019-11-24T11:39:54+08:00 ] 127.0.0.1 /Home/Block/addCart/uid/83.html
INFO: [ app_begin ] --START--
INFO: Run Behavior\ReadHtmlCacheBehavior [ RunTime:0.000000s ]
INFO: [ app_begin ] --END-- [ RunTime:0.001001s ]
SQL: SHOW COLUMNS FROM `one_cart` [ RunTime:0.0020s ]
SQL: SELECT * FROM `one_cart` WHERE `mid` = '10' AND `uid` = '83' ORDER BY `add_time` LIMIT 1   [ RunTime:0.0010s ]
SQL: UPDATE `one_cart` SET `buynum`=buynum+1 WHERE `mid` = '10' AND `uid` = '83' [ RunTime:0.2220s ]

[ 2019-11-24T11:40:22+08:00 ] 127.0.0.1 /Home/Block/addCart/uid/83.html
INFO: [ app_begin ] --START--
INFO: Run Behavior\ReadHtmlCacheBehavior [ RunTime:0.000000s ]
INFO: [ app_begin ] --END-- [ RunTime:0.000000s ]
SQL: SHOW COLUMNS FROM `one_cart` [ RunTime:0.0020s ]
SQL: SELECT * FROM `one_cart` WHERE `mid` = '10' AND `uid` = '83' ORDER BY `add_time` LIMIT 1   [ RunTime:0.0000s ]
SQL: UPDATE `one_cart` SET `buynum`=buynum+1 WHERE `mid` = '10' AND `uid` = '83' [ RunTime:0.0640s ]

[ 2019-11-24T11:40:24+08:00 ] 127.0.0.1 /Home/Block/addCart/uid/83.html
INFO: [ app_begin ] --START--
INFO: Run Behavior\ReadHtmlCacheBehavior [ RunTime:0.001000s ]
INFO: [ app_begin ] --END-- [ RunTime:0.001000s ]
SQL: SHOW COLUMNS FROM `one_cart` [ RunTime:0.0020s ]
SQL: SELECT * FROM `one_cart` WHERE `mid` = '10' AND `uid` = '83' ORDER BY `add_time` LIMIT 1   [ RunTime:0.0000s ]
SQL: UPDATE `one_cart` SET `buynum`=buynum+1 WHERE `mid` = '10' AND `uid` = '83' [ RunTime:0.1650s ]

[ 2019-11-24T11:40:27+08:00 ] 127.0.0.1 /Home/Block/addCart/uid/83.html
INFO: [ app_begin ] --START--
INFO: Run Behavior\ReadHtmlCacheBehavior [ RunTime:0.000000s ]
INFO: [ app_begin ] --END-- [ RunTime:0.000000s ]
SQL: SHOW COLUMNS FROM `one_cart` [ RunTime:0.0020s ]
SQL: SELECT * FROM `one_cart` WHERE `mid` = '10' AND `uid` = '83' ORDER BY `add_time` LIMIT 1   [ RunTime:0.0000s ]
SQL: UPDATE `one_cart` SET `buynum`=buynum+1 WHERE `mid` = '10' AND `uid` = '83' [ RunTime:0.0510s ]

[ 2019-11-24T11:40:38+08:00 ] 127.0.0.1 /Home/Block/addCart/uid/83.html
INFO: [ app_begin ] --START--
INFO: Run Behavior\ReadHtmlCacheBehavior [ RunTime:0.000000s ]
INFO: [ app_begin ] --END-- [ RunTime:0.001000s ]
SQL: SHOW COLUMNS FROM `one_cart` [ RunTime:0.0030s ]
SQL: SELECT * FROM `one_cart` WHERE `mid` = '10' AND `uid` = '83' ORDER BY `add_time` LIMIT 1   [ RunTime:0.0010s ]
SQL: UPDATE `one_cart` SET `buynum`=buynum+1 WHERE `mid` = '10' AND `uid` = '83' [ RunTime:0.0420s ]

[ 2019-11-24T11:41:22+08:00 ] 127.0.0.1 /Home/Block/addCart/uid/83.html
INFO: [ app_begin ] --START--
INFO: Run Behavior\ReadHtmlCacheBehavior [ RunTime:0.001000s ]
INFO: [ app_begin ] --END-- [ RunTime:0.001000s ]
SQL: SHOW COLUMNS FROM `one_cart` [ RunTime:0.0020s ]
SQL: SELECT * FROM `one_cart` WHERE `mid` = '10' AND `uid` = '83' ORDER BY `add_time` LIMIT 1   [ RunTime:0.0010s ]
SQL: UPDATE `one_cart` SET `buynum`=buynum+1 WHERE `mid` = '10' AND `uid` = '83' [ RunTime:0.0550s ]

[ 2019-11-24T11:42:39+08:00 ] 127.0.0.1 /Home/Block/addCart/uid/84.html
INFO: [ app_begin ] --START--
INFO: Run Behavior\ReadHtmlCacheBehavior [ RunTime:0.000000s ]
INFO: [ app_begin ] --END-- [ RunTime:0.001000s ]
SQL: SHOW COLUMNS FROM `one_cart` [ RunTime:0.0030s ]
SQL: SELECT * FROM `one_cart` WHERE `mid` = '10' AND `uid` = '84' ORDER BY `add_time` LIMIT 1   [ RunTime:0.0010s ]
SQL: INSERT INTO `one_cart` (`mid`,`uid`,`buynum`,`add_time`) VALUES ('10','84','1','1574566958') [ RunTime:0.0270s ]

[ 2019-11-24T11:43:51+08:00 ] 127.0.0.1 /Home/Block/buy/uid/84.html
ERR: 模板不存在:./Application/Home/View/Block/buy.html

[ 2019-11-24T11:44:08+08:00 ] 127.0.0.1 /Home/Index/index.html?city=%E9%87%8D%E5%BA%86%E5%B8%82
INFO: [ app_begin ] --START--
INFO: Run Behavior\ReadHtmlCacheBehavior [ RunTime:0.000000s ]
INFO: [ app_begin ] --END-- [ RunTime:0.001000s ]
SQL: SHOW COLUMNS FROM `one_shop` [ RunTime:0.0030s ]
SQL: SELECT `id`,`logo`,`shop_name` FROM `one_shop` WHERE `site` LIKE '%重庆市%' ORDER BY `grade` DESC LIMIT 0,6   [ RunTime:0.0010s ]
SQL: SHOW COLUMNS FROM `one_menu` [ RunTime:0.0020s ]
SQL: SELECT `id`,`image_dir`,`image`,`menu_name` FROM `one_menu` WHERE `sid` IN ('') ORDER BY `salde_num` DESC LIMIT 0,6   [ RunTime:0.0000s ]
INFO: [ view_parse ] --START--
INFO: [ template_filter ] --START--
INFO: Run Behavior\ContentReplaceBehavior [ RunTime:0.000000s ]
INFO: [ template_filter ] --END-- [ RunTime:0.000000s ]
INFO: Run Behavior\ParseTemplateBehavior [ RunTime:0.096006s ]
INFO: [ view_parse ] --END-- [ RunTime:0.096006s ]
INFO: [ view_filter ] --START--
INFO: Run Behavior\WriteHtmlCacheBehavior [ RunTime:0.001000s ]
INFO: [ view_filter ] --END-- [ RunTime:0.001000s ]
INFO: [ app_end ] --START--
INFO: Run Behavior\ShowPageTraceBehavior [ RunTime:0.000000s ]
INFO: [ app_end ] --END-- [ RunTime:0.000000s ]

[ 2019-11-24T11:44:16+08:00 ] 127.0.0.1 /Home/Index/index.html?city=%E4%B8%8A%E6%B5%B7%E5%B8%82
INFO: [ app_begin ] --START--
INFO: Run Behavior\ReadHtmlCacheBehavior [ RunTime:0.001000s ]
INFO: [ app_begin ] --END-- [ RunTime:0.001000s ]
SQL: SHOW COLUMNS FROM `one_shop` [ RunTime:0.0030s ]
SQL: SELECT `id`,`logo`,`shop_name` FROM `one_shop` WHERE `site` LIKE '%上海市%' ORDER BY `grade` DESC LIMIT 0,6   [ RunTime:0.0000s ]
SQL: SHOW COLUMNS FROM `one_menu` [ RunTime:0.0020s ]
SQL: SELECT `id`,`image_dir`,`image`,`menu_name` FROM `one_menu` WHERE `sid` IN ('') ORDER BY `salde_num` DESC LIMIT 0,6   [ RunTime:0.0000s ]
INFO: [ view_parse ] --START--
INFO: [ template_filter ] --START--
INFO: Run Behavior\ContentReplaceBehavior [ RunTime:0.000000s ]
INFO: [ template_filter ] --END-- [ RunTime:0.001000s ]
INFO: Run Behavior\ParseTemplateBehavior [ RunTime:0.004000s ]
INFO: [ view_parse ] --END-- [ RunTime:0.004000s ]
INFO: [ view_filter ] --START--
INFO: Run Behavior\WriteHtmlCacheBehavior [ RunTime:0.000000s ]
INFO: [ view_filter ] --END-- [ RunTime:0.000000s ]
INFO: [ app_end ] --START--
INFO: Run Behavior\ShowPageTraceBehavior [ RunTime:0.000000s ]
INFO: [ app_end ] --END-- [ RunTime:0.000000s ]

[ 2019-11-24T11:49:14+08:00 ] 127.0.0.1 /Home/Index/index.html?city=%E4%B8%8A%E6%B5%B7%E5%B8%82
INFO: [ app_begin ] --START--
INFO: Run Behavior\ReadHtmlCacheBehavior [ RunTime:0.001000s ]
INFO: [ app_begin ] --END-- [ RunTime:0.002000s ]
ERR: syntax error, unexpected '$where1' (T_VARIABLE)

[ 2019-11-24T11:49:28+08:00 ] 127.0.0.1 /Home/Index/index.html?city=%E9%98%B3%E6%B3%89%E5%B8%82
INFO: [ app_begin ] --START--
INFO: Run Behavior\ReadHtmlCacheBehavior [ RunTime:0.001000s ]
INFO: [ app_begin ] --END-- [ RunTime:0.001000s ]
SQL: SHOW COLUMNS FROM `one_shop` [ RunTime:0.0020s ]
SQL: SELECT `id`,`logo`,`shop_name` FROM `one_shop` WHERE `site` LIKE '%阳泉市%' ORDER BY `grade` DESC LIMIT 0,6   [ RunTime:0.0000s ]
SQL: SHOW COLUMNS FROM `one_menu` [ RunTime:0.0020s ]
SQL: SELECT `id`,`image_dir`,`image`,`menu_name` FROM `one_menu` WHERE `sid` IN ('') ORDER BY `salde_num` DESC LIMIT 0,6   [ RunTime:0.0000s ]
INFO: [ view_parse ] --START--
INFO: [ template_filter ] --START--
INFO: Run Behavior\ContentReplaceBehavior [ RunTime:0.000000s ]
INFO: [ template_filter ] --END-- [ RunTime:0.000000s ]
INFO: Run Behavior\ParseTemplateBehavior [ RunTime:0.005000s ]
INFO: [ view_parse ] --END-- [ RunTime:0.005000s ]
INFO: [ view_filter ] --START--
INFO: Run Behavior\WriteHtmlCacheBehavior [ RunTime:0.000000s ]
INFO: [ view_filter ] --END-- [ RunTime:0.000000s ]
INFO: [ app_end ] --START--
INFO: Run Behavior\ShowPageTraceBehavior [ RunTime:0.001000s ]
INFO: [ app_end ] --END-- [ RunTime:0.001000s ]

[ 2019-11-24T11:53:35+08:00 ] 127.0.0.1 /Home/Index/index.html?city=%E5%BF%BB%E5%B7%9E%E5%B8%82
INFO: [ app_begin ] --START--
INFO: Run Behavior\ReadHtmlCacheBehavior [ RunTime:0.001000s ]
INFO: [ app_begin ] --END-- [ RunTime:0.002000s ]
SQL: SHOW COLUMNS FROM `one_shop` [ RunTime:0.0030s ]
SQL: SELECT `id`,`logo`,`shop_name` FROM `one_shop` WHERE `site` LIKE '%忻州市%' ORDER BY `grade` DESC LIMIT 0,6   [ RunTime:0.0000s ]
SQL: SHOW COLUMNS FROM `one_menu` [ RunTime:0.0020s ]
SQL: SELECT `id`,`image_dir`,`image`,`menu_name` FROM `one_menu` WHERE `sid` IN ('') ORDER BY `salde_num` DESC LIMIT 0,6   [ RunTime:0.0000s ]
INFO: [ view_parse ] --START--
INFO: [ template_filter ] --START--
INFO: Run Behavior\ContentReplaceBehavior [ RunTime:0.000000s ]
INFO: [ template_filter ] --END-- [ RunTime:0.000000s ]
INFO: Run Behavior\ParseTemplateBehavior [ RunTime:0.005001s ]
INFO: [ view_parse ] --END-- [ RunTime:0.005001s ]
INFO: [ view_filter ] --START--
INFO: Run Behavior\WriteHtmlCacheBehavior [ RunTime:0.001000s ]
INFO: [ view_filter ] --END-- [ RunTime:0.001000s ]
INFO: [ app_end ] --START--
INFO: Run Behavior\ShowPageTraceBehavior [ RunTime:0.000000s ]
INFO: [ app_end ] --END-- [ RunTime:0.000000s ]

[ 2019-11-24T11:58:12+08:00 ] 127.0.0.1 /Home/Index/index.html?city=%E9%83%91%E5%B7%9E%E5%B8%82
INFO: [ app_begin ] --START--
INFO: Run Behavior\ReadHtmlCacheBehavior [ RunTime:0.001000s ]
INFO: [ app_begin ] --END-- [ RunTime:0.001000s ]
SQL: SHOW COLUMNS FROM `one_shop` [ RunTime:0.0030s ]
SQL: SELECT `id`,`logo`,`shop_name` FROM `one_shop` WHERE `site` LIKE '%郑州市%' ORDER BY `grade` DESC LIMIT 0,6   [ RunTime:0.0010s ]
SQL: SHOW COLUMNS FROM `one_menu` [ RunTime:0.0020s ]
SQL: SELECT `id`,`image_dir`,`image`,`menu_name` FROM `one_menu` WHERE `sid` IN ('1','2','3','270','272','273') ORDER BY `salde_num` DESC LIMIT 0,6   [ RunTime:0.0000s ]
INFO: [ view_parse ] --START--
INFO: [ template_filter ] --START--
INFO: Run Behavior\ContentReplaceBehavior [ RunTime:0.000000s ]
INFO: [ template_filter ] --END-- [ RunTime:0.000000s ]
INFO: Run Behavior\ParseTemplateBehavior [ RunTime:0.007001s ]
INFO: [ view_parse ] --END-- [ RunTime:0.007001s ]
INFO: [ view_filter ] --START--
INFO: Run Behavior\WriteHtmlCacheBehavior [ RunTime:0.000000s ]
INFO: [ view_filter ] --END-- [ RunTime:0.000000s ]
INFO: [ app_end ] --START--
INFO: Run Behavior\ShowPageTraceBehavior [ RunTime:0.000000s ]
INFO: [ app_end ] --END-- [ RunTime:0.000000s ]

